nohup: ignoring input
cuda:0


            orginal   removed diagnose NaN ed
   nums      200082          199997       
              HTN             NHTN        
   nums       3273           196724       


            orginal    removed ID NaN ed  
   nums      199997          199995       
              HTN             NHTN        
   nums       3273           196722       


            orginal           QCed        
   nums      199995          72845        
              HTN             NHTN        
   nums       1497           71348        


            orginal      filtered ages    
   nums      72845           69819        
              HTN             NHTN        
   nums       1477           68342        


   原始标签       HTN             NHTN        
   nums       1477           68342        


            orginal   removed diagnose NaN ed
   nums      69819           69819        
              HTN             NHTN        
   nums      18666           51153        


   更新标签       HTN             NHTN        
   nums      18666           51153        


     剔除起搏          HTN             NHTN        
     nums         18431           50958        
     剔除房颤          HTN             NHTN        
     nums         16395           49077        
   剔除左束支传导阻滞       HTN             NHTN        
     nums         16252           48963        
   剔除左前分支阻滞        HTN             NHTN        
     nums         16251           48963        
      剔除心          HTN             NHTN        
     nums          8978           40791        
     剔除旁瓣          HTN             NHTN        
     nums          8978           40791        
     剔除动脉          HTN             NHTN        
     nums          7027           38958        
     剔除脉瓣          HTN             NHTN        
     nums          7025           38941        
     剔除尖瓣          HTN             NHTN        
     nums          6982           38809        


 L2 =  0.007

Batchsize =  256
          Fold 0 of 5 :
                    -- -- The best model for validate (F1= .  0.40287794403237254 ) -- --
                    Validate: 
                      0.40287794403237254 
                     [5250 2069] 
                     [502 772] 
                     precision:  0.27173530447025696 recall:  0.6059654631083202 AUC 0.7253277045208026
                    - Epoch: 1 - Train_loss: 0.62012 - Train_acc: 0.66868 -  - Val_loss: 0.53593 - Val_acc: 0.69952  - T_Time: 300.97324 LR：0.0005000000
                    --------------------------------------------------

                    Validation  score to (inf --> -0.53592854).  Saving model ...
                    --------------------------------------------------

                    EarlyStopping counter: 1 out of 30

                    -- -- The best model for validate (F1= .  0.40801011460500025 ) -- --
                    Validate: 
                      0.40801011460500025 
                     [4253 3066] 
                     [290 984] 
                     precision:  0.24296296296296296 recall:  0.7723704866562009 AUC 0.745151487397696
                    - Epoch: 3 - Train_loss: 0.58454 - Train_acc: 0.69643 -  - Val_loss: 0.62695 - Val_acc: 0.60898  - T_Time: 279.93937 LR：0.0005000000
                    EarlyStopping counter: 2 out of 30

                    EarlyStopping counter: 3 out of 30

                    EarlyStopping counter: 4 out of 30

                    -- -- The best model for validate (F1= .  0.4131692632484313 ) -- --
                    Validate: 
                      0.4131692632484313 
                     [5754 1565] 
                     [581 693] 
                     precision:  0.3069087688219663 recall:  0.5439560439560439 AUC 0.7464095836238792
                    - Epoch: 6 - Train_loss: 0.57101 - Train_acc: 0.70575 -  - Val_loss: 0.46733 - Val_acc: 0.75019  - T_Time: 285.20241 LR：0.0005000000
                    --------------------------------------------------

                    Validation  score to (-0.53592854 --> -0.46732755).  Saving model ...
                    --------------------------------------------------

                    -- -- The best model for validate (F1= .  0.4292785149621938 ) -- --
                    Validate: 
                      0.4292785149621938 
                     [4938 2381] 
                     [374 900] 
                     precision:  0.27430661383724475 recall:  0.706436420722135 AUC 0.7558448227157849
                    - Epoch: 7 - Train_loss: 0.56725 - Train_acc: 0.70961 -  - Val_loss: 0.56801 - Val_acc: 0.67882  - T_Time: 280.45525 LR：0.0005000000
                    EarlyStopping counter: 1 out of 30

                    EarlyStopping counter: 2 out of 30

                    EarlyStopping counter: 3 out of 30

                    EarlyStopping counter: 4 out of 30

                    -- -- The best model for validate (F1= .  0.43179491647245877 ) -- --
                    Validate: 
                      0.43179491647245877 
                     [4619 2700] 
                     [299 975] 
                     precision:  0.2653061224489796 recall:  0.7653061224489796 AUC 0.7627637621098868
                    - Epoch: 11 - Train_loss: 0.55778 - Train_acc: 0.71629 -  - Val_loss: 0.61874 - Val_acc: 0.65114  - T_Time: 279.85385 LR：0.0005000000
                    EarlyStopping counter: 5 out of 30

                    --------------------------------------------------

                    Validation  score to (-0.46732755 --> -0.38231286).  Saving model ...
                    --------------------------------------------------

                    -- -- The best model for validate (F1= .  0.4411996773741058 ) -- --
                    Validate: 
                      0.4411996773741058 
                     [5416 1903] 
                     [449 825] 
                     precision:  0.3024193548387097 recall:  0.6475667189952904 AUC 0.7626778048918076
                    - Epoch: 13 - Train_loss: 0.54977 - Train_acc: 0.72133 -  - Val_loss: 0.49616 - Val_acc: 0.72547  - T_Time: 287.62547 LR：0.0005000000
                    EarlyStopping counter: 1 out of 30

                    EarlyStopping counter: 2 out of 30

                    EarlyStopping counter: 3 out of 30

                    EarlyStopping counter: 4 out of 30

                    EarlyStopping counter: 5 out of 30

                    EarlyStopping counter: 6 out of 30

                    EarlyStopping counter: 7 out of 30

                    EarlyStopping counter: 8 out of 30

                    EarlyStopping counter: 9 out of 30

                    EarlyStopping counter: 10 out of 30

                    EarlyStopping counter: 11 out of 30

                    -- -- The best model for validate (F1= .  0.4486420001004066 ) -- --
                    Validate: 
                      0.4486420001004066 
                     [5252 2067] 
                     [395 879] 
                     precision:  0.2983706720977597 recall:  0.6899529042386185 AUC 0.7751213321256067
                    - Epoch: 24 - Train_loss: 0.48106 - Train_acc: 0.77352 -  - Val_loss: 0.51755 - Val_acc: 0.71292  - T_Time: 278.58980 LR：0.0000500000
                    EarlyStopping counter: 12 out of 30

                    EarlyStopping counter: 13 out of 30

                    EarlyStopping counter: 14 out of 30

                    EarlyStopping counter: 15 out of 30

                    EarlyStopping counter: 16 out of 30

                    EarlyStopping counter: 17 out of 30

                    EarlyStopping counter: 18 out of 30

                    EarlyStopping counter: 19 out of 30

                    EarlyStopping counter: 20 out of 30

                    -- -- The best model for validate (F1= .  0.4486981919830846 ) -- --
                    Validate: 
                      0.4486981919830846 
                     [5510 1809] 
                     [453 821] 
                     precision:  0.31216730038022816 recall:  0.6444270015698587 AUC 0.7653755638696986
                    - Epoch: 33 - Train_loss: 0.41991 - Train_acc: 0.81384 -  - Val_loss: 0.53656 - Val_acc: 0.73634  - T_Time: 276.87550 LR：0.0000500000
                    EarlyStopping counter: 21 out of 30

                    EarlyStopping counter: 22 out of 30

                    EarlyStopping counter: 23 out of 30

                    EarlyStopping counter: 24 out of 30

                    -- -- The best model for validate (F1= .  0.4488994824525581 ) -- --
                    Validate: 
                      0.4488994824525581 
                     [5237 2082] 
                     [391 883] 
                     precision:  0.29780775716694774 recall:  0.6930926216640503 AUC 0.7650989778866343
                    - Epoch: 37 - Train_loss: 0.40902 - Train_acc: 0.82191 -  - Val_loss: 0.57199 - Val_acc: 0.71157  - T_Time: 280.90017 LR：0.0000050000
                    EarlyStopping counter: 25 out of 30

                    EarlyStopping counter: 26 out of 30

                    EarlyStopping counter: 27 out of 30

                    EarlyStopping counter: 28 out of 30

                    EarlyStopping counter: 29 out of 30

                    EarlyStopping counter: 30 out of 30

                    Early stopping...
     Best Loss:
          valid
           [6933  386] 
           [1018  256]
          F1:  0.267223382045929
          AUC:  0.7516339378615646
          precision:  0.3987538940809969
          recall:  0.20094191522762953
          test
           [2229  108] 
           [395  94]
          F1:  0.2720694645441389
          AUC:  0.7478458478482106
          precision:  0.46534653465346537
          recall:  0.19222903885480572



     Best Sore:
          valid
           [5237 2082] 
           [391 883]
          F1:  0.41660769049304086
          AUC:  0.7650989242639156
          precision:  0.29780775716694774
          recall:  0.6930926216640503
          test
           [1722  615] 
           [192 297]
          F1:  0.42398286937901497
          AUC:  0.7509338961649222
          precision:  0.3256578947368421
          recall:  0.6073619631901841
          ==================================================
          Fold 0 Training Finished


          Fold 1 of 5 :
                    -- -- The best model for validate (F1= .  0.4409967545790278 ) -- --
                    Validate: 
                      0.4409967545790278 
                     [4788 2470] 
                     [366 969] 
                     precision:  0.281767955801105 recall:  0.7258426966292135 AUC 0.7579474231198327
                    - Epoch: 1 - Train_loss: 0.63115 - Train_acc: 0.66364 -  - Val_loss: 0.55543 - Val_acc: 0.66960  - T_Time: 279.99657 LR：0.0005000000
                    --------------------------------------------------

                    Validation  score to (inf --> -0.55543286).  Saving model ...
                    --------------------------------------------------

                    --------------------------------------------------

                    Validation  score to (-0.55543286 --> -0.38598708).  Saving model ...
                    --------------------------------------------------

                    EarlyStopping counter: 1 out of 30

                    EarlyStopping counter: 2 out of 30

                    EarlyStopping counter: 3 out of 30

                    EarlyStopping counter: 4 out of 30

                    EarlyStopping counter: 5 out of 30

                    EarlyStopping counter: 6 out of 30

                    -- -- The best model for validate (F1= .  0.4443923740547449 ) -- --
                    Validate: 
                      0.4443923740547449 
                     [4573 2685] 
                     [ 309 1026] 
                     precision:  0.2764753435731609 recall:  0.7685393258426966 AUC 0.7656972081949094
                    - Epoch: 9 - Train_loss: 0.56123 - Train_acc: 0.71120 -  - Val_loss: 0.62721 - Val_acc: 0.65268  - T_Time: 280.92791 LR：0.0005000000
                    EarlyStopping counter: 7 out of 30

                    EarlyStopping counter: 8 out of 30

                    -- -- The best model for validate (F1= .  0.4474639223120672 ) -- --
                    Validate: 
                      0.4474639223120672 
                     [4959 2299] 
                     [387 948] 
                     precision:  0.29196181090237144 recall:  0.7101123595505618 AUC 0.7655071557356831
                    - Epoch: 11 - Train_loss: 0.55442 - Train_acc: 0.71749 -  - Val_loss: 0.52043 - Val_acc: 0.68780  - T_Time: 280.45438 LR：0.0005000000
                    EarlyStopping counter: 9 out of 30

                    EarlyStopping counter: 10 out of 30

                    EarlyStopping counter: 11 out of 30

                    EarlyStopping counter: 12 out of 30

                    EarlyStopping counter: 13 out of 30

                    -- -- The best model for validate (F1= .  0.4511037527593819 ) -- --
                    Validate: 
                      0.4511037527593819 
                     [4454 2804] 
                     [ 263 1072] 
                     precision:  0.27657378740970073 recall:  0.8029962546816479 AUC 0.7700482381316548
                    - Epoch: 16 - Train_loss: 0.51085 - Train_acc: 0.75013 -  - Val_loss: 0.59766 - Val_acc: 0.64297  - T_Time: 281.29010 LR：0.0000500000
                    EarlyStopping counter: 14 out of 30

                    EarlyStopping counter: 15 out of 30

                    EarlyStopping counter: 16 out of 30

                    EarlyStopping counter: 17 out of 30

                    EarlyStopping counter: 18 out of 30

                    EarlyStopping counter: 19 out of 30

                    EarlyStopping counter: 20 out of 30

                    EarlyStopping counter: 21 out of 30

                    EarlyStopping counter: 22 out of 30

                    EarlyStopping counter: 23 out of 30

                    EarlyStopping counter: 24 out of 30

                    EarlyStopping counter: 25 out of 30

                    EarlyStopping counter: 26 out of 30

                    EarlyStopping counter: 27 out of 30

                    EarlyStopping counter: 28 out of 30

                    EarlyStopping counter: 29 out of 30

                    EarlyStopping counter: 30 out of 30

                    Early stopping...
     Best Loss:
          valid
           [6972  286] 
           [1127  208]
          F1:  0.22744669218151994
          AUC:  0.7501011927430201
          precision:  0.42105263157894735
          recall:  0.15580524344569288
          test
           [2253   84] 
           [424  65]
          F1:  0.2037617554858934
          AUC:  0.7327626263024012
          precision:  0.436241610738255
          recall:  0.1329243353783231



     Best Sore:
          valid
           [4454 2804] 
           [ 263 1072]
          F1:  0.4114373440798312
          AUC:  0.7700482381316548
          precision:  0.27657378740970073
          recall:  0.8029962546816479
          test
           [1452  885] 
           [124 365]
          F1:  0.4197814836112708
          AUC:  0.7602662949458038
          precision:  0.292
          recall:  0.7464212678936605
          ==================================================
          Fold 1 Training Finished


          Fold 2 of 5 :
                    -- -- The best model for validate (F1= .  0.42097051588136686 ) -- --
                    Validate: 
                      0.42097051588136686 
                     [4603 2692] 
                     [347 951] 
                     precision:  0.2610485863299478 recall:  0.7326656394453005 AUC 0.7512058410102113
                    - Epoch: 1 - Train_loss: 0.63014 - Train_acc: 0.66507 -  - Val_loss: 0.66960 - Val_acc: 0.64698  - T_Time: 452.46011 LR：0.0005000000
                    --------------------------------------------------

                    Validation  score to (inf --> -0.66959769).  Saving model ...
                    --------------------------------------------------

                    -- -- The best model for validate (F1= .  0.4402504288435848 ) -- --
                    Validate: 
                      0.4402504288435848 
                     [5017 2278] 
                     [385 913] 
                     precision:  0.2861172046380445 recall:  0.7033898305084746 AUC 0.763110854364441
                    - Epoch: 2 - Train_loss: 0.59272 - Train_acc: 0.68994 -  - Val_loss: 0.51904 - Val_acc: 0.69009  - T_Time: 382.11181 LR：0.0005000000
                    --------------------------------------------------

                    Validation  score to (-0.66959769 --> -0.51904476).  Saving model ...
                    --------------------------------------------------

                    EarlyStopping counter: 1 out of 30

                    EarlyStopping counter: 2 out of 30

                    EarlyStopping counter: 3 out of 30

                    --------------------------------------------------

                    Validation  score to (-0.51904476 --> -0.44027118).  Saving model ...
                    --------------------------------------------------

                    --------------------------------------------------

                    Validation  score to (-0.44027118 --> -0.40409923).  Saving model ...
                    --------------------------------------------------

                    -- -- The best model for validate (F1= .  0.44987485431513785 ) -- --
                    Validate: 
                      0.44987485431513785 
                     [5749 1546] 
                     [526 772] 
                     precision:  0.3330457290767903 recall:  0.5947611710323575 AUC 0.7720448288134537
                    - Epoch: 8 - Train_loss: 0.56772 - Train_acc: 0.70793 -  - Val_loss: 0.49791 - Val_acc: 0.75834  - T_Time: 392.84501 LR：0.0005000000
                    EarlyStopping counter: 1 out of 30

                    EarlyStopping counter: 2 out of 30

                    EarlyStopping counter: 3 out of 30

                    EarlyStopping counter: 4 out of 30

                    EarlyStopping counter: 5 out of 30

                    EarlyStopping counter: 6 out of 30

                    EarlyStopping counter: 7 out of 30

                    EarlyStopping counter: 8 out of 30

                    -- -- The best model for validate (F1= .  0.4568455302796556 ) -- --
                    Validate: 
                      0.4568455302796556 
                     [5687 1608] 
                     [497 801] 
                     precision:  0.33250311332503113 recall:  0.6171032357473035 AUC 0.774104411172986
                    - Epoch: 16 - Train_loss: 0.54952 - Train_acc: 0.72314 -  - Val_loss: 0.45826 - Val_acc: 0.75499  - T_Time: 412.23818 LR：0.0005000000
                    EarlyStopping counter: 9 out of 30

                    EarlyStopping counter: 10 out of 30

                    EarlyStopping counter: 11 out of 30

                    EarlyStopping counter: 12 out of 30

                    -- -- The best model for validate (F1= .  0.4574066517037339 ) -- --
                    Validate: 
                      0.4574066517037339 
                     [4704 2591] 
                     [ 269 1029] 
                     precision:  0.28425414364640883 recall:  0.7927580893682589 AUC 0.7863495375919721
                    - Epoch: 20 - Train_loss: 0.51098 - Train_acc: 0.75383 -  - Val_loss: 0.56688 - Val_acc: 0.66684  - T_Time: 409.94862 LR：0.0000500000
                    EarlyStopping counter: 13 out of 30

                    -- -- The best model for validate (F1= .  0.46013834384400437 ) -- --
                    Validate: 
                      0.46013834384400437 
                     [4913 2382] 
                     [310 988] 
                     precision:  0.29317507418397626 recall:  0.7611710323574731 AUC 0.7852754435304591
                    - Epoch: 21 - Train_loss: 0.50657 - Train_acc: 0.75576 -  - Val_loss: 0.54235 - Val_acc: 0.68641  - T_Time: 392.19510 LR：0.0000500000
                    EarlyStopping counter: 14 out of 30

                    EarlyStopping counter: 15 out of 30

                    EarlyStopping counter: 16 out of 30

                    EarlyStopping counter: 17 out of 30

                    EarlyStopping counter: 18 out of 30

                    EarlyStopping counter: 19 out of 30

                    EarlyStopping counter: 20 out of 30

                    -- -- The best model for validate (F1= .  0.46078463054823954 ) -- --
                    Validate: 
                      0.46078463054823954 
                     [5148 2147] 
                     [363 935] 
                     precision:  0.30337443218689164 recall:  0.7203389830508474 AUC 0.7774059527442969
                    - Epoch: 28 - Train_loss: 0.47342 - Train_acc: 0.77767 -  - Val_loss: 0.52138 - Val_acc: 0.70784  - T_Time: 386.49835 LR：0.0000500000
                    EarlyStopping counter: 21 out of 30

                    EarlyStopping counter: 22 out of 30

                    EarlyStopping counter: 23 out of 30

                    EarlyStopping counter: 24 out of 30

                    EarlyStopping counter: 25 out of 30

                    EarlyStopping counter: 26 out of 30

                    EarlyStopping counter: 27 out of 30

                    EarlyStopping counter: 28 out of 30

                    EarlyStopping counter: 29 out of 30

                    EarlyStopping counter: 30 out of 30

                    Early stopping...
     Best Loss:
          valid
           [6892  403] 
           [997 301]
          F1:  0.3006993006993007
          AUC:  0.7605228584916321
          precision:  0.4275568181818182
          recall:  0.23189522342064714
          test
           [2236  101] 
           [390  99]
          F1:  0.28737300435413643
          AUC:  0.7432356516009461
          precision:  0.495
          recall:  0.20245398773006135



     Best Sore:
          valid
           [5148 2147] 
           [363 935]
          F1:  0.42694063926940634
          AUC:  0.7774059527442969
          precision:  0.30337443218689164
          recall:  0.7203389830508474
          test
           [1695  642] 
           [165 324]
          F1:  0.44536082474226807
          AUC:  0.7532912784730044
          precision:  0.33540372670807456
          recall:  0.6625766871165644
          ==================================================
          Fold 2 Training Finished


          Fold 3 of 5 :
                    -- -- The best model for validate (F1= .  0.3087070145600863 ) -- --
                    Validate: 
                      0.3087070145600863 
                     [6654  603] 
                     [970 366] 
                     precision:  0.37770897832817335 recall:  0.27395209580838326 AUC 0.7342084124434058
                    - Epoch: 1 - Train_loss: 0.61745 - Train_acc: 0.66557 -  - Val_loss: 0.43583 - Val_acc: 0.81734  - T_Time: 393.80975 LR：0.0005000000
                    --------------------------------------------------

                    Validation  score to (inf --> -0.43582813).  Saving model ...
                    --------------------------------------------------

                    -- -- The best model for validate (F1= .  0.38142728522948766 ) -- --
                    Validate: 
                      0.38142728522948766 
                     [2359 4898] 
                     [  72 1264] 
                     precision:  0.20512820512820512 recall:  0.9461077844311377 AUC 0.746710279317347
                    - Epoch: 2 - Train_loss: 0.59084 - Train_acc: 0.68852 -  - Val_loss: 0.80134 - Val_acc: 0.42170  - T_Time: 408.06897 LR：0.0005000000
                    EarlyStopping counter: 1 out of 30

                    EarlyStopping counter: 2 out of 30

                    -- -- The best model for validate (F1= .  0.45057432378006546 ) -- --
                    Validate: 
                      0.45057432378006546 
                     [5132 2125] 
                     [419 917] 
                     precision:  0.30144641683103224 recall:  0.686377245508982 AUC 0.7630387736309109
                    - Epoch: 4 - Train_loss: 0.57781 - Train_acc: 0.69849 -  - Val_loss: 0.57718 - Val_acc: 0.70394  - T_Time: 373.70138 LR：0.0005000000
                    EarlyStopping counter: 3 out of 30

                    EarlyStopping counter: 4 out of 30

                    --------------------------------------------------

                    Validation  score to (-0.43582813 --> -0.43527842).  Saving model ...
                    --------------------------------------------------

                    EarlyStopping counter: 1 out of 30

                    --------------------------------------------------

                    Validation  score to (-0.43527842 --> -0.41214930).  Saving model ...
                    --------------------------------------------------

                    --------------------------------------------------

                    Validation  score to (-0.41214930 --> -0.40622755).  Saving model ...
                    --------------------------------------------------

                    -- -- The best model for validate (F1= .  0.4671272833653127 ) -- --
                    Validate: 
                      0.4671272833653127 
                     [5422 1835] 
                     [446 890] 
                     precision:  0.326605504587156 recall:  0.6661676646706587 AUC 0.7766019222406778
                    - Epoch: 10 - Train_loss: 0.56134 - Train_acc: 0.71506 -  - Val_loss: 0.49196 - Val_acc: 0.73442  - T_Time: 400.77344 LR：0.0005000000
                    EarlyStopping counter: 1 out of 30

                    EarlyStopping counter: 2 out of 30

                    EarlyStopping counter: 3 out of 30

                    EarlyStopping counter: 4 out of 30

                    --------------------------------------------------

                    Validation  score to (-0.40622755 --> -0.39530133).  Saving model ...
                    --------------------------------------------------

                    EarlyStopping counter: 1 out of 30

                    EarlyStopping counter: 2 out of 30

                    EarlyStopping counter: 3 out of 30

                    EarlyStopping counter: 4 out of 30

                    EarlyStopping counter: 5 out of 30

                    EarlyStopping counter: 6 out of 30

                    EarlyStopping counter: 7 out of 30

                    EarlyStopping counter: 8 out of 30

                    -- -- The best model for validate (F1= .  0.47120276317356613 ) -- --
                    Validate: 
                      0.47120276317356613 
                     [5387 1870] 
                     [428 908] 
                     precision:  0.32685385169186465 recall:  0.6796407185628742 AUC 0.7789160723612717
                    - Epoch: 23 - Train_loss: 0.52360 - Train_acc: 0.74201 -  - Val_loss: 0.48600 - Val_acc: 0.73176  - T_Time: 423.08151 LR：0.0005000000
                    EarlyStopping counter: 9 out of 30

                    EarlyStopping counter: 10 out of 30

                    EarlyStopping counter: 11 out of 30

                    EarlyStopping counter: 12 out of 30

                    -- -- The best model for validate (F1= .  0.47174858177234014 ) -- --
                    Validate: 
                      0.47174858177234014 
                     [5188 2069] 
                     [379 957] 
                     precision:  0.3162590879048249 recall:  0.7163173652694611 AUC 0.7819133333168304
                    - Epoch: 27 - Train_loss: 0.47871 - Train_acc: 0.77560 -  - Val_loss: 0.51656 - Val_acc: 0.71444  - T_Time: 397.30520 LR：0.0000500000
                    EarlyStopping counter: 13 out of 30

                    EarlyStopping counter: 14 out of 30

                    EarlyStopping counter: 15 out of 30

                    EarlyStopping counter: 16 out of 30

                    EarlyStopping counter: 17 out of 30

                    EarlyStopping counter: 18 out of 30

                    EarlyStopping counter: 19 out of 30

                    EarlyStopping counter: 20 out of 30

                    EarlyStopping counter: 21 out of 30

                    EarlyStopping counter: 22 out of 30

                    EarlyStopping counter: 23 out of 30

                    EarlyStopping counter: 24 out of 30

                    EarlyStopping counter: 25 out of 30

                    EarlyStopping counter: 26 out of 30

                    -- -- The best model for validate (F1= .  0.4732741091369712 ) -- --
                    Validate: 
                      0.4732741091369712 
                     [5312 1945] 
                     [405 931] 
                     precision:  0.32371349095966623 recall:  0.6968562874251497 AUC 0.7773117469071779
                    - Epoch: 41 - Train_loss: 0.43503 - Train_acc: 0.80383 -  - Val_loss: 0.52689 - Val_acc: 0.72579  - T_Time: 404.07432 LR：0.0000050000
                    EarlyStopping counter: 27 out of 30

                    EarlyStopping counter: 28 out of 30

                    EarlyStopping counter: 29 out of 30

                    EarlyStopping counter: 30 out of 30

                    Early stopping...
     Best Loss:
          valid
           [6401  856] 
           [788 548]
          F1:  0.4
          AUC:  0.7735122974390203
          precision:  0.3903133903133903
          recall:  0.4101796407185629
          test
           [2077  260] 
           [315 174]
          F1:  0.37703141928494044
          AUC:  0.7371803117449967
          precision:  0.4009216589861751
          recall:  0.3558282208588957



     Best Sore:
          valid
           [5312 1945] 
           [405 931]
          F1:  0.4420702754036087
          AUC:  0.7773117469071779
          precision:  0.32371349095966623
          recall:  0.6968562874251497
          test
           [1712  625] 
           [199 290]
          F1:  0.41310541310541316
          AUC:  0.7361464412190135
          precision:  0.31693989071038253
          recall:  0.5930470347648262
          ==================================================
          Fold 3 Training Finished


          Fold 4 of 5 :
                    -- -- The best model for validate (F1= .  0.40648767605633807 ) -- --
                    Validate: 
                      0.40648767605633807 
                     [5356 1987] 
                     [493 757] 
                     precision:  0.2758746355685131 recall:  0.6056 AUC 0.7400780607381179
                    - Epoch: 1 - Train_loss: 0.62640 - Train_acc: 0.66711 -  - Val_loss: 0.51125 - Val_acc: 0.71112  - T_Time: 376.12093 LR：0.0005000000
                    --------------------------------------------------

                    Validation  score to (inf --> -0.51125331).  Saving model ...
                    --------------------------------------------------

                    -- -- The best model for validate (F1= .  0.412292067939065 ) -- --
                    Validate: 
                      0.412292067939065 
                     [4397 2946] 
                     [285 965] 
                     precision:  0.2467399642035285 recall:  0.772 AUC 0.7414382132643333
                    - Epoch: 2 - Train_loss: 0.59296 - Train_acc: 0.68774 -  - Val_loss: 0.71663 - Val_acc: 0.62343  - T_Time: 400.91754 LR：0.0005000000
                    EarlyStopping counter: 1 out of 30

                    EarlyStopping counter: 2 out of 30

                    --------------------------------------------------

                    Validation  score to (-0.51125331 --> -0.45085295).  Saving model ...
                    --------------------------------------------------

                    -- -- The best model for validate (F1= .  0.4202155805977463 ) -- --
                    Validate: 
                      0.4202155805977463 
                     [5764 1579] 
                     [547 703] 
                     precision:  0.30806310254163016 recall:  0.5624 AUC 0.7495560942394116
                    - Epoch: 5 - Train_loss: 0.57218 - Train_acc: 0.70586 -  - Val_loss: 0.47257 - Val_acc: 0.75293  - T_Time: 385.14000 LR：0.0005000000
                    EarlyStopping counter: 1 out of 30

                    EarlyStopping counter: 2 out of 30

                    -- -- The best model for validate (F1= .  0.4231078750718529 ) -- --
                    Validate: 
                      0.4231078750718529 
                     [4829 2514] 
                     [345 905] 
                     precision:  0.2646972799064054 recall:  0.724 AUC 0.7504172681465341
                    - Epoch: 7 - Train_loss: 0.56910 - Train_acc: 0.70655 -  - Val_loss: 0.57417 - Val_acc: 0.66722  - T_Time: 422.21689 LR：0.0005000000
                    EarlyStopping counter: 3 out of 30

                    -- -- The best model for validate (F1= .  0.43200735801333634 ) -- --
                    Validate: 
                      0.43200735801333634 
                     [5564 1779] 
                     [480 770] 
                     precision:  0.3020792467634366 recall:  0.616 AUC 0.7550467656271278
                    - Epoch: 8 - Train_loss: 0.56234 - Train_acc: 0.71230 -  - Val_loss: 0.46799 - Val_acc: 0.73774  - T_Time: 398.62331 LR：0.0005000000
                    EarlyStopping counter: 4 out of 30

                    EarlyStopping counter: 5 out of 30

                    EarlyStopping counter: 6 out of 30

                    --------------------------------------------------

                    Validation  score to (-0.45085295 --> -0.41065772).  Saving model ...
                    --------------------------------------------------

                    EarlyStopping counter: 1 out of 30

                    EarlyStopping counter: 2 out of 30

                    EarlyStopping counter: 3 out of 30

                    EarlyStopping counter: 4 out of 30

                    EarlyStopping counter: 5 out of 30

                    -- -- The best model for validate (F1= .  0.43511659807956105 ) -- --
                    Validate: 
                      0.43511659807956105 
                     [5549 1794] 
                     [470 780] 
                     precision:  0.30303030303030304 recall:  0.624 AUC 0.7623635026555904
                    - Epoch: 17 - Train_loss: 0.54448 - Train_acc: 0.72577 -  - Val_loss: 0.47535 - Val_acc: 0.73567  - T_Time: 417.88590 LR：0.0005000000
                    EarlyStopping counter: 6 out of 30

                    EarlyStopping counter: 7 out of 30

                    EarlyStopping counter: 8 out of 30

                    EarlyStopping counter: 9 out of 30

                    EarlyStopping counter: 10 out of 30

                    EarlyStopping counter: 11 out of 30

                    EarlyStopping counter: 12 out of 30

                    EarlyStopping counter: 13 out of 30

                    EarlyStopping counter: 14 out of 30

                    EarlyStopping counter: 15 out of 30

                    EarlyStopping counter: 16 out of 30

                    EarlyStopping counter: 17 out of 30

                    EarlyStopping counter: 18 out of 30

                    EarlyStopping counter: 19 out of 30

                    EarlyStopping counter: 20 out of 30

                    EarlyStopping counter: 21 out of 30

                    -- -- The best model for validate (F1= .  0.43598918431725997 ) -- --
                    Validate: 
                      0.43598918431725997 
                     [5498 1845] 
                     [457 793] 
                     precision:  0.300606520090978 recall:  0.6344 AUC 0.7602131009124335
                    - Epoch: 33 - Train_loss: 0.45772 - Train_acc: 0.78930 -  - Val_loss: 0.51156 - Val_acc: 0.73227  - T_Time: 459.55917 LR：0.0000500000
                    EarlyStopping counter: 22 out of 30

                    EarlyStopping counter: 23 out of 30

                    EarlyStopping counter: 24 out of 30

                    EarlyStopping counter: 25 out of 30

                    EarlyStopping counter: 26 out of 30

                    EarlyStopping counter: 27 out of 30

                    EarlyStopping counter: 28 out of 30

                    EarlyStopping counter: 29 out of 30

                    EarlyStopping counter: 30 out of 30

                    Early stopping...
     Best Loss:
          valid
           [6453  890] 
           [771 479]
          F1:  0.3657884688812524
          AUC:  0.7521828135639385
          precision:  0.34989043097151207
          recall:  0.3832
          test
           [2119  218] 
           [323 166]
          F1:  0.3802978235967927
          AUC:  0.7505760010780606
          precision:  0.4322916666666667
          recall:  0.3394683026584867



     Best Sore:
          valid
           [5498 1845] 
           [457 793]
          F1:  0.40792181069958844
          AUC:  0.7602131009124338
          precision:  0.300606520090978
          recall:  0.6344
          test
           [1787  550] 
           [196 293]
          F1:  0.4399399399399399
          AUC:  0.751997955885274
          precision:  0.3475682087781732
          recall:  0.5991820040899796
          ==================================================
          Fold 4 Training Finished


     ==================================================
train_loss [0.4099972050872434, 0.4992508150387874, 0.4668195656462673, 0.4370094939900154, 0.4488145314627864]  mean: 0.45237832224501995 
     train_acc [0.8216553001312049, 0.7569796564071726, 0.7834119765471244, 0.8016371569538596, 0.7936802973977695]  mean: 0.7914728774874261 

     validate_loss [0.5702891341027092, 0.5964528935797074, 0.5218376753961339, 0.5252688071307015, 0.5106176620020586]  mean: 0.5448932344422621 
     validate_acc [0.711920005070994, 0.6442032200811358, 0.7078449860547668, 0.7268429893509127, 0.7320938450811358]  mean: 0.704581009127789 
     validate_precision [0.29780775716694774, 0.27657378740970073, 0.30337443218689164, 0.32371349095966623, 0.300606520090978]  mean: 0.30041519756283686 
     validate_recall [0.6930926216640503, 0.8029962546816479, 0.7203389830508474, 0.6968562874251497, 0.6344]  mean: 0.709536829364339 
     validate_auc [0.7650989242639156, 0.7700482381316548, 0.7774059527442969, 0.7773117469071779, 0.7602131009124338]  mean: 0.7700155925918958 

     test_loss [0.5530414829651514, 0.5852784415086111, 0.5223939418792725, 0.5520800650119781, 0.5065538187821707]  mean: 0.5438695500294368 
     test_acc [0.7212890625, 0.6475260416666667, 0.71328125, 0.7157552083333334, 0.7491536458333333]  mean: 0.7094010416666666 
     test_precision [0.3256578947368421, 0.292, 0.33540372670807456, 0.31693989071038253, 0.3475682087781732]  mean: 0.3235139441866945 
     test_recall [0.6073619631901841, 0.7464212678936605, 0.6625766871165644, 0.5930470347648262, 0.5991820040899796]  mean: 0.6417177914110429 
     test_auc [0.7509338961649222, 0.7602662949458038, 0.7532912784730044, 0.7361464412190135, 0.751997955885274]  mean: 0.7505271733376035
     ==================================================
Training Finished
train_loss [0.4099972050872434, 0.4992508150387874, 0.4668195656462673, 0.4370094939900154, 0.4488145314627864]  mean: 0.45237832224501995 
     train_acc [0.8216553001312049, 0.7569796564071726, 0.7834119765471244, 0.8016371569538596, 0.7936802973977695]  mean: 0.7914728774874261 

     validate_loss [0.5702891341027092, 0.5964528935797074, 0.5218376753961339, 0.5252688071307015, 0.5106176620020586]  mean: 0.5448932344422621 
     validate_acc [0.711920005070994, 0.6442032200811358, 0.7078449860547668, 0.7268429893509127, 0.7320938450811358]  mean: 0.704581009127789 
     validate_precision [0.29780775716694774, 0.27657378740970073, 0.30337443218689164, 0.32371349095966623, 0.300606520090978]  mean: 0.30041519756283686 
     validate_recall [0.6930926216640503, 0.8029962546816479, 0.7203389830508474, 0.6968562874251497, 0.6344]  mean: 0.709536829364339 
     validate_auc [0.7650989242639156, 0.7700482381316548, 0.7774059527442969, 0.7773117469071779, 0.7602131009124338]  mean: 0.7700155925918958 

     test_loss [0.5530414829651514, 0.5852784415086111, 0.5223939418792725, 0.5520800650119781, 0.5065538187821707]  mean: 0.5438695500294368 
     test_acc [0.7212890625, 0.6475260416666667, 0.71328125, 0.7157552083333334, 0.7491536458333333]  mean: 0.7094010416666666 
     test_precision [0.3256578947368421, 0.292, 0.33540372670807456, 0.31693989071038253, 0.3475682087781732]  mean: 0.3235139441866945 
     test_recall [0.6073619631901841, 0.7464212678936605, 0.6625766871165644, 0.5930470347648262, 0.5991820040899796]  mean: 0.6417177914110429 
     test_auc [0.7509338961649222, 0.7602662949458038, 0.7532912784730044, 0.7361464412190135, 0.751997955885274]  mean: 0.7505271733376035
     ==================================================
train_loss [0.4099972050872434, 0.4992508150387874, 0.4668195656462673, 0.4370094939900154, 0.4488145314627864]  mean: 0.45237832224501995 
     train_acc [0.8216553001312049, 0.7569796564071726, 0.7834119765471244, 0.8016371569538596, 0.7936802973977695]  mean: 0.7914728774874261 

     validate_loss [0.5702891341027092, 0.5964528935797074, 0.5218376753961339, 0.5252688071307015, 0.5106176620020586]  mean: 0.5448932344422621 
     validate_acc [0.711920005070994, 0.6442032200811358, 0.7078449860547668, 0.7268429893509127, 0.7320938450811358]  mean: 0.704581009127789 
     validate_precision [0.29780775716694774, 0.27657378740970073, 0.30337443218689164, 0.32371349095966623, 0.300606520090978]  mean: 0.30041519756283686 
     validate_recall [0.6930926216640503, 0.8029962546816479, 0.7203389830508474, 0.6968562874251497, 0.6344]  mean: 0.709536829364339 
     validate_auc [0.7650989242639156, 0.7700482381316548, 0.7774059527442969, 0.7773117469071779, 0.7602131009124338]  mean: 0.7700155925918958 

     test_loss [0.5530414829651514, 0.5852784415086111, 0.5223939418792725, 0.5520800650119781, 0.5065538187821707]  mean: 0.5438695500294368 
     test_acc [0.7212890625, 0.6475260416666667, 0.71328125, 0.7157552083333334, 0.7491536458333333]  mean: 0.7094010416666666 
     test_precision [0.3256578947368421, 0.292, 0.33540372670807456, 0.31693989071038253, 0.3475682087781732]  mean: 0.3235139441866945 
     test_recall [0.6073619631901841, 0.7464212678936605, 0.6625766871165644, 0.5930470347648262, 0.5991820040899796]  mean: 0.6417177914110429 
     test_auc [0.7509338961649222, 0.7602662949458038, 0.7532912784730044, 0.7361464412190135, 0.751997955885274]  mean: 0.7505271733376035
     ==================================================
train_loss [0.4099972050872434, 0.4992508150387874, 0.4668195656462673, 0.4370094939900154, 0.4488145314627864]  mean: 0.45237832224501995 
     train_acc [0.8216553001312049, 0.7569796564071726, 0.7834119765471244, 0.8016371569538596, 0.7936802973977695]  mean: 0.7914728774874261 

     validate_loss [0.5702891341027092, 0.5964528935797074, 0.5218376753961339, 0.5252688071307015, 0.5106176620020586]  mean: 0.5448932344422621 
     validate_acc [0.711920005070994, 0.6442032200811358, 0.7078449860547668, 0.7268429893509127, 0.7320938450811358]  mean: 0.704581009127789 
     validate_precision [0.29780775716694774, 0.27657378740970073, 0.30337443218689164, 0.32371349095966623, 0.300606520090978]  mean: 0.30041519756283686 
     validate_recall [0.6930926216640503, 0.8029962546816479, 0.7203389830508474, 0.6968562874251497, 0.6344]  mean: 0.709536829364339 
     validate_auc [0.7650989242639156, 0.7700482381316548, 0.7774059527442969, 0.7773117469071779, 0.7602131009124338]  mean: 0.7700155925918958 

     test_loss [0.5530414829651514, 0.5852784415086111, 0.5223939418792725, 0.5520800650119781, 0.5065538187821707]  mean: 0.5438695500294368 
     test_acc [0.7212890625, 0.6475260416666667, 0.71328125, 0.7157552083333334, 0.7491536458333333]  mean: 0.7094010416666666 
     test_precision [0.3256578947368421, 0.292, 0.33540372670807456, 0.31693989071038253, 0.3475682087781732]  mean: 0.3235139441866945 
     test_recall [0.6073619631901841, 0.7464212678936605, 0.6625766871165644, 0.5930470347648262, 0.5991820040899796]  mean: 0.6417177914110429 
     test_auc [0.7509338961649222, 0.7602662949458038, 0.7532912784730044, 0.7361464412190135, 0.751997955885274]  mean: 0.7505271733376035
     ==================================================
train_loss [0.4099972050872434, 0.4992508150387874, 0.4668195656462673, 0.4370094939900154, 0.4488145314627864]  mean: 0.45237832224501995 
     train_acc [0.8216553001312049, 0.7569796564071726, 0.7834119765471244, 0.8016371569538596, 0.7936802973977695]  mean: 0.7914728774874261 

     validate_loss [0.5702891341027092, 0.5964528935797074, 0.5218376753961339, 0.5252688071307015, 0.5106176620020586]  mean: 0.5448932344422621 
     validate_acc [0.711920005070994, 0.6442032200811358, 0.7078449860547668, 0.7268429893509127, 0.7320938450811358]  mean: 0.704581009127789 
     validate_precision [0.29780775716694774, 0.27657378740970073, 0.30337443218689164, 0.32371349095966623, 0.300606520090978]  mean: 0.30041519756283686 
     validate_recall [0.6930926216640503, 0.8029962546816479, 0.7203389830508474, 0.6968562874251497, 0.6344]