          ==================================================
          ==================================================
          train_loss 0.5471834757111289           train_acc 0.7074090909090909 
          validate_loss 0.601425419251124           validate_acc 0.6883333333333332 
          test_loss 0.578989796778735           test_acc 0.7148109243697478 
          test_precision 0.71280276816609 
          test_recall 0.7490909090909091
          ==================================================
          ==================================================
          Fold 4 Training Finished
     ==================================================
train_loss [0.5098114871142203, 0.5507231406998216, 0.5419307884417082, 0.5746087713965348, 0.5471834757111289]      train_acc [0.745553118908382, 0.71561004784689, 0.7220394736842105, 0.6920440051020408, 0.7074090909090909] 
     validate_loss [0.5893090814352036, 0.5845631339720317, 0.5346121340990067, 0.5644295235474904, 0.601425419251124]      validate_acc [0.6776523109243697, 0.6866071428571429, 0.7059659090909091, 0.7166666666666667, 0.6883333333333332] 
     test_loss [0.5786739903337815, 0.5801092421307283, 0.5793485431110158, 0.5776212460854474, 0.578989796778735]      test_acc [0.7130602240896359, 0.7203256302521008, 0.6882878151260504, 0.6965161064425771, 0.7148109243697478] 
     test_precision [0.7023411371237458, 0.721830985915493, 0.720164609053498, 0.7074074074074074, 0.71280276816609]  mean: 0.7129093815332468 
     test_recall [0.7636363636363637, 0.7454545454545455, 0.6363636363636364, 0.6945454545454546, 0.7490909090909091]  mean: 0.7178181818181818
     ==================================================
Training Finished
     ==================================================
train_loss [0.5098114871142203, 0.5507231406998216, 0.5419307884417082, 0.5746087713965348, 0.5471834757111289]      train_acc [0.745553118908382, 0.71561004784689, 0.7220394736842105, 0.6920440051020408, 0.7074090909090909] 
     validate_loss [0.5893090814352036, 0.5845631339720317, 0.5346121340990067, 0.5644295235474904, 0.601425419251124]      validate_acc [0.6776523109243697, 0.6866071428571429, 0.7059659090909091, 0.7166666666666667, 0.6883333333333332] 
     test_loss [0.5786739903337815, 0.5801092421307283, 0.5793485431110158, 0.5776212460854474, 0.578989796778735]      test_acc [0.7130602240896359, 0.7203256302521008, 0.6882878151260504, 0.6965161064425771, 0.7148109243697478] 
     test_precision [0.7023411371237458, 0.721830985915493, 0.720164609053498, 0.7074074074074074, 0.71280276816609]  mean: 0.7129093815332468 
     test_recall [0.7636363636363637, 0.7454545454545455, 0.6363636363636364, 0.6945454545454546, 0.7490909090909091]  mean: 0.7178181818181818
     ==================================================
     ==================================================
train_loss [0.5098114871142203, 0.5507231406998216, 0.5419307884417082, 0.5746087713965348, 0.5471834757111289]      train_acc [0.745553118908382, 0.71561004784689, 0.7220394736842105, 0.6920440051020408, 0.7074090909090909] 
     validate_loss [0.5893090814352036, 0.5845631339720317, 0.5346121340990067, 0.5644295235474904, 0.601425419251124]      validate_acc [0.6776523109243697, 0.6866071428571429, 0.7059659090909091, 0.7166666666666667, 0.6883333333333332] 
     test_loss [0.5786739903337815, 0.5801092421307283, 0.5793485431110158, 0.5776212460854474, 0.578989796778735]      test_acc [0.7130602240896359, 0.7203256302521008, 0.6882878151260504, 0.6965161064425771, 0.7148109243697478] 
     test_precision [0.7023411371237458, 0.721830985915493, 0.720164609053498, 0.7074074074074074, 0.71280276816609]  mean: 0.7129093815332468 
     test_recall [0.7636363636363637, 0.7454545454545455, 0.6363636363636364, 0.6945454545454546, 0.7490909090909091]  mean: 0.7178181818181818
     ==================================================
     ==================================================
train_loss [0.5098114871142203, 0.5507231406998216, 0.5419307884417082, 0.5746087713965348, 0.5471834757111289]      train_acc [0.745553118908382, 0.71561004784689, 0.7220394736842105, 0.6920440051020408, 0.7074090909090909] 
     validate_loss [0.5893090814352036, 0.5845631339720317, 0.5346121340990067, 0.5644295235474904, 0.601425419251124]      validate_acc [0.6776523109243697, 0.6866071428571429, 0.7059659090909091, 0.7166666666666667, 0.6883333333333332] 
     test_loss [0.5786739903337815, 0.5801092421307283, 0.5793485431110158, 0.5776212460854474, 0.578989796778735]      test_acc [0.7130602240896359, 0.7203256302521008, 0.6882878151260504, 0.6965161064425771, 0.7148109243697478] 
     test_precision [0.7023411371237458, 0.721830985915493, 0.720164609053498, 0.7074074074074074, 0.71280276816609]  mean: 0.7129093815332468 
     test_recall [0.7636363636363637, 0.7454545454545455, 0.6363636363636364, 0.6945454545454546, 0.7490909090909091]  mean: 0.7178181818181818
     ==================================================
     ==================================================
train_loss [0.5098114871142203, 0.5507231406998216, 0.5419307884417082, 0.5746087713965348, 0.5471834757111289]      train_acc [0.745553118908382, 0.71561004784689, 0.7220394736842105, 0.6920440051020408, 0.7074090909090909] 
     validate_loss [0.5893090814352036, 0.5845631339720317, 0.5346121340990067, 0.5644295235474904, 0.601425419251124]      validate_acc [0.6776523109243697, 0.6866071428571429, 0.7059659090909091, 0.7166666666666667, 0.6883333333333332] 
     test_loss [0.5786739903337815, 0.5801092421307283, 0.5793485431110158, 0.5776212460854474, 0.578989796778735]      test_acc [0.7130602240896359, 0.7203256302521008, 0.6882878151260504, 0.6965161064425771, 0.7148109243697478] 
     test_precision [0.7023411371237458, 0.721830985915493, 0.720164609053498, 0.7074074074074074, 0.71280276816609]  mean: 0.7129093815332468 
     test_recall [0.7636363636363637, 0.7454545454545455, 0.6363636363636364, 0.6945454545454546, 0.7490909090909091]  mean: 0.7178181818181818
     ==================================================
     ==================================================
train_loss [0.5098114871142203, 0.5507231406998216, 0.5419307884417082, 0.5746087713965348, 0.5471834757111289]      train_acc [0.745553118908382, 0.71561004784689, 0.7220394736842105, 0.6920440051020408, 0.7074090909090909] 
     validate_loss [0.5893090814352036, 0.5845631339720317, 0.5346121340990067, 0.5644295235474904, 0.601425419251124]      validate_acc [0.6776523109243697, 0.6866071428571429, 0.7059659090909091, 0.7166666666666667, 0.6883333333333332] 
     test_loss [0.5786739903337815, 0.5801092421307283, 0.5793485431110158, 0.5776212460854474, 0.578989796778735]      test_acc [0.7130602240896359, 0.7203256302521008, 0.6882878151260504, 0.6965161064425771, 0.7148109243697478] 
     test_precision [0.7023411371237458, 0.721830985915493, 0.720164609053498, 0.7074074074074074, 0.71280276816609]  mean: 0.7129093815332468 
     test_recall [0.7636363636363637, 0.7454545454545455, 0.6363636363636364, 0.6945454545454546, 0.7490909090909091]  mean: 0.7178181818181818


     resnet50