nohup: ignoring input
cuda:0
########################################
# correct at frist, no set ramdom seed each fold   
########################################

              HTN             NHTN        
   nums      14142           33467        


            orginal   filtered department 
   nums      47609           25468        
              HTN             NHTN        
   nums      14142           11326        


            orginal    remove diagnose起搏  
   nums      25468           25063        
              HTN             NHTN        
   nums      13765           11298        
           remove HTN     remove NHTN     
   nums       377              28         


            orginal    remove diagnose除颤  
   nums      25063           25063        
              HTN             NHTN        
   nums      13765           11298        
           remove HTN     remove NHTN     
   nums        0               0          


            orginal    remove diagnose电解质 
   nums      25063           24099        
              HTN             NHTN        
   nums      12943           11156        
           remove HTN     remove NHTN     
   nums       822             142         


            orginal    remove diagnose钙血  
   nums      24099           23966        
              HTN             NHTN        
   nums      12856           11110        
           remove HTN     remove NHTN     
   nums        87              46         


            orginal    remove diagnose钾血  
   nums      23966           22987        
              HTN             NHTN        
   nums      12004           10983        
           remove HTN     remove NHTN     
   nums       852             127         


            orginal    remove diagnose镁血  
   nums      22987           22980        
              HTN             NHTN        
   nums      11997           10983        
           remove HTN     remove NHTN     
   nums        7               0          


 L2 =  0.01

Batchsize =  128
          Fold 0 of 5 :
                    Validate:  0.7325100440306583 
                     [722 307] 
                     [288 810] 
                     precision:  0.7251566696508505 recall:  0.7377049180327869 AUC 0.7886421287224232
                    - Epoch: 1 - Train_loss: 0.57685 - Train_acc: 0.70275 -  - Val_loss: 0.56394 - Val_acc: 0.71972  - T_Time: 261.25024 LR：0.0001000000
                    -- -- The best model for validate (F1= .  0.7325100440306583 ) -- --
                    --------------------------------------------------

                    Validation  score to (inf --> -0.56394287).  Saving model ...
                    --------------------------------------------------

                    Validate:  0.7359998797950505 
                     [751 278] 
                     [295 803] 
                     precision:  0.7428307123034228 recall:  0.7313296903460837 AUC 0.8061852896245669
                    - Epoch: 2 - Train_loss: 0.53300 - Train_acc: 0.73575 -  - Val_loss: 0.54849 - Val_acc: 0.73040  - T_Time: 258.13675 LR：0.0001000000
                    -- -- The best model for validate (F1= .  0.7359998797950505 ) -- --
                    --------------------------------------------------

                    Validation  score to (-0.56394287 --> -0.54848517).  Saving model ...
                    --------------------------------------------------

                    Validate:  0.7483073438863856 
                     [259 770] 
                     [  58 1040] 
                     precision:  0.574585635359116 recall:  0.9471766848816029 AUC 0.7663345848357558
                    - Epoch: 3 - Train_loss: 0.50552 - Train_acc: 0.75324 -  - Val_loss: 0.92736 - Val_acc: 0.60865  - T_Time: 257.49512 LR：0.0001000000
                    -- -- The best model for validate (F1= .  0.7483073438863856 ) -- --
                    EarlyStopping counter: 1 out of 10

                    Validate:  0.7584567562625708 
                     [801 228] 
                     [282 816] 
                     precision:  0.7816091954022989 recall:  0.7431693989071039 AUC 0.8351304872716716
                    - Epoch: 4 - Train_loss: 0.46932 - Train_acc: 0.77215 -  - Val_loss: 0.57538 - Val_acc: 0.75821  - T_Time: 257.03579 LR：0.0001000000
                    -- -- The best model for validate (F1= .  0.7584567562625708 ) -- --
                    EarlyStopping counter: 2 out of 10

                    Validate:  0.77342805693283 
                     [395 634] 
                     [  70 1028] 
                     precision:  0.618531889290012 recall:  0.936247723132969 AUC 0.8054935999900872
                    - Epoch: 5 - Train_loss: 0.44923 - Train_acc: 0.78152 -  - Val_loss: 0.74542 - Val_acc: 0.66906  - T_Time: 255.47379 LR：0.0001000000
                    -- -- The best model for validate (F1= .  0.77342805693283 ) -- --
                    EarlyStopping counter: 3 out of 10

                    Validate:  0.6957659290673415 
                     [938  91] 
                     [431 667] 
                     precision:  0.8799472295514512 recall:  0.6074681238615665 AUC 0.8606057307127899
                    - Epoch: 6 - Train_loss: 0.43545 - Train_acc: 0.78760 -  - Val_loss: 0.53781 - Val_acc: 0.75412  - T_Time: 258.96035 LR：0.0001000000
                    --------------------------------------------------

                    Validation  score to (-0.54848517 --> -0.53780858).  Saving model ...
                    --------------------------------------------------

                    Validate:  0.7689573282750587 
                     [776 253] 
                     [254 844] 
                     precision:  0.7693710118505014 recall:  0.7686703096539163 AUC 0.8412008050683193
                    - Epoch: 7 - Train_loss: 0.43086 - Train_acc: 0.78952 -  - Val_loss: 0.50867 - Val_acc: 0.76130  - T_Time: 256.31816 LR：0.0001000000
                    --------------------------------------------------

                    Validation  score to (-0.53780858 --> -0.50867059).  Saving model ...
                    --------------------------------------------------

                    Validate:  0.7717083695256242 
                     [658 371] 
                     [195 903] 
                     precision:  0.7087912087912088 recall:  0.8224043715846995 AUC 0.8217671143398811
                    - Epoch: 8 - Train_loss: 0.43054 - Train_acc: 0.79307 -  - Val_loss: 0.68918 - Val_acc: 0.73447  - T_Time: 256.88697 LR：0.0001000000
                    EarlyStopping counter: 1 out of 10

                    Validate:  0.7391554352551786 
                     [622 407] 
                     [234 864] 
                     precision:  0.6797797010228167 recall:  0.7868852459016393 AUC 0.7903481194715721
                    - Epoch: 9 - Train_loss: 0.42267 - Train_acc: 0.79296 -  - Val_loss: 0.73084 - Val_acc: 0.69858  - T_Time: 255.60967 LR：0.0001000000
                    EarlyStopping counter: 2 out of 10

                    Validate:  0.7889691323732604 
                     [710 319] 
                     [190 908] 
                     precision:  0.7400162999185004 recall:  0.8269581056466302 AUC 0.8418447004094378
                    - Epoch: 10 - Train_loss: 0.41811 - Train_acc: 0.79767 -  - Val_loss: 0.50853 - Val_acc: 0.76181  - T_Time: 258.19225 LR：0.0001000000
                    -- -- The best model for validate (F1= .  0.7889691323732604 ) -- --
                    --------------------------------------------------

                    Validation  score to (-0.50867059 --> -0.50852626).  Saving model ...
                    --------------------------------------------------

                    Validate:  0.7659438624701459 
                     [289 740] 
                     [  36 1062] 
                     precision:  0.5893451720310766 recall:  0.9672131147540983 AUC 0.8286149744831579
                    - Epoch: 11 - Train_loss: 0.41698 - Train_acc: 0.79908 -  - Val_loss: 0.67258 - Val_acc: 0.63512  - T_Time: 255.67077 LR：0.0001000000
                    EarlyStopping counter: 1 out of 10

                    Validate:  0.7373013525504853 
                     [534 495] 
                     [199 899] 
                     precision:  0.6449067431850789 recall:  0.8187613843351548 AUC 0.7869140109856069
                    - Epoch: 12 - Train_loss: 0.41287 - Train_acc: 0.80033 -  - Val_loss: 0.92222 - Val_acc: 0.67280  - T_Time: 255.57283 LR：0.0001000000
                    EarlyStopping counter: 2 out of 10

                    Validate:  0.7681820268388598 
                     [819 210] 
                     [275 823] 
                     precision:  0.7967086156824782 recall:  0.7495446265938069 AUC 0.8541411099959109
                    - Epoch: 13 - Train_loss: 0.41563 - Train_acc: 0.79952 -  - Val_loss: 0.48942 - Val_acc: 0.77341  - T_Time: 259.28819 LR：0.0001000000
                    --------------------------------------------------

                    Validation  score to (-0.50852626 --> -0.48942083).  Saving model ...
                    --------------------------------------------------

                    Validate:  0.7690539018255328 
                     [835 194] 
                     [281 817] 
                     precision:  0.80811078140455 recall:  0.74408014571949 AUC 0.8697415213808656
                    - Epoch: 14 - Train_loss: 0.40941 - Train_acc: 0.80020 -  - Val_loss: 0.46589 - Val_acc: 0.77886  - T_Time: 258.49840 LR：0.0001000000
                    --------------------------------------------------

                    Validation  score to (-0.48942083 --> -0.46588799).  Saving model ...
                    --------------------------------------------------

                    Validate:  0.7856974239428723 
                     [772 257] 
                     [225 873] 
                     precision:  0.772566371681416 recall:  0.7950819672131147 AUC 0.859287404787572
                    - Epoch: 15 - Train_loss: 0.40912 - Train_acc: 0.80231 -  - Val_loss: 0.49890 - Val_acc: 0.77422  - T_Time: 255.33229 LR：0.0001000000
                    EarlyStopping counter: 1 out of 10

                    Validate:  0.6827078684223974 
                     [919 110] 
                     [441 657] 
                     precision:  0.8565840938722294 recall:  0.5983606557377049 AUC 0.8537985842268211
                    - Epoch: 16 - Train_loss: 0.40138 - Train_acc: 0.80888 -  - Val_loss: 0.51166 - Val_acc: 0.74023  - T_Time: 256.11304 LR：0.0001000000
                    EarlyStopping counter: 2 out of 10

                    Validate:  0.7424014979097058 
                     [886 143] 
                     [344 754] 
                     precision:  0.8405797101449275 recall:  0.6867030965391621 AUC 0.863001198397652
                    - Epoch: 17 - Train_loss: 0.40176 - Train_acc: 0.80653 -  - Val_loss: 0.51951 - Val_acc: 0.77220  - T_Time: 259.48692 LR：0.0001000000
                    EarlyStopping counter: 3 out of 10

                    Validate:  0.7828736282994958 
                     [595 434] 
                     [146 952] 
                     precision:  0.6868686868686869 recall:  0.8670309653916212 AUC 0.8411074291803633
                    - Epoch: 18 - Train_loss: 0.40047 - Train_acc: 0.80686 -  - Val_loss: 0.68165 - Val_acc: 0.72918  - T_Time: 252.55298 LR：0.0001000000
                    EarlyStopping counter: 4 out of 10

                    Validate:  0.7754907895874773 
                     [717 312] 
                     [216 882] 
                     precision:  0.7386934673366834 recall:  0.8032786885245902 AUC 0.8468962916938829
                    - Epoch: 19 - Train_loss: 0.39375 - Train_acc: 0.81255 -  - Val_loss: 0.49451 - Val_acc: 0.75108  - T_Time: 255.42042 LR：0.0001000000
                    EarlyStopping counter: 5 out of 10

                    Validate:  0.6594249646923439 
                     [936  93] 
                     [478 620] 
                     precision:  0.8695652173913043 recall:  0.5646630236794171 AUC 0.8444862201971604
                    - Epoch: 20 - Train_loss: 0.39461 - Train_acc: 0.81003 -  - Val_loss: 0.55996 - Val_acc: 0.73218  - T_Time: 258.26267 LR：0.0001000000
                    EarlyStopping counter: 6 out of 10

                    Validate:  0.7647400750946538 
                     [862 167] 
                     [300 798] 
                     precision:  0.8269430051813471 recall:  0.726775956284153 AUC 0.8664525659339979
                    - Epoch: 21 - Train_loss: 0.36504 - Train_acc: 0.82697 -  - Val_loss: 0.51612 - Val_acc: 0.77883  - T_Time: 253.43937 LR：0.0000100000
                    EarlyStopping counter: 7 out of 10

                    Validate:  0.7508832510031493 
                     [878 151] 
                     [328 770] 
                     precision:  0.8360477741585234 recall:  0.7012750455373407 AUC 0.8656613048550151
                    - Epoch: 22 - Train_loss: 0.35342 - Train_acc: 0.83286 -  - Val_loss: 0.54656 - Val_acc: 0.77389  - T_Time: 259.21498 LR：0.0000100000
                    EarlyStopping counter: 8 out of 10

                    Validate:  0.7739631090734619 
                     [817 212] 
                     [265 833] 
                     precision:  0.7971291866028708 recall:  0.7586520947176685 AUC 0.8541707601593851
                    - Epoch: 23 - Train_loss: 0.35292 - Train_acc: 0.83103 -  - Val_loss: 0.52789 - Val_acc: 0.77509  - T_Time: 255.66283 LR：0.0000100000
                    EarlyStopping counter: 9 out of 10

                    Validate:  0.7750784429463482 
                     [853 176] 
                     [280 818] 
                     precision:  0.8229376257545271 recall:  0.7449908925318761 AUC 0.8681559014446267
                    - Epoch: 24 - Train_loss: 0.34583 - Train_acc: 0.83695 -  - Val_loss: 0.52943 - Val_acc: 0.78503  - T_Time: 256.25100 LR：0.0000100000
                    EarlyStopping counter: 10 out of 10

                    Early stopping...
     Best Loss:
          valid
           [835 194] 
           [281 817]
          F1:  0.7747747747747749
          AUC:  0.8697406363013591
          precision:  0.80811078140455
          recall:  0.74408014571949
          test
           [835 194] 
           [281 817]
          F1:  0.7747747747747749
          AUC:  0.8697432915398791
          precision:  0.80811078140455
          recall:  0.74408014571949



     Best Sore:
          valid
           [710 319] 
           [190 908]
          F1:  0.7810752688172043
          AUC:  0.8418508959659846
          precision:  0.7400162999185004
          recall:  0.8269581056466302
          test
           [710 319] 
           [190 908]
          F1:  0.7810752688172043
          AUC:  0.8418517810454914
          precision:  0.7400162999185004
          recall:  0.8269581056466302
          ==================================================
          Fold 0 Training Finished


     ==================================================
train_loss [0.39373161136372686, 0, 0, 0, 0]  mean: 0.07874632227274538 
     train_acc [0.8118931951035999, 0, 0, 0, 0]  mean: 0.16237863902071997 

     validate_loss [0.5085966622128206, 0, 0, 0, 0]  mean: 0.10171933244256412 
     validate_acc [0.7612388309754282, 0, 0, 0, 0]  mean: 0.15224776619508565 
     validate_precision [0.7400162999185004, 0, 0, 0, 0]  mean: 0.14800325998370006 
     validate_recall [0.8269581056466302, 0, 0, 0, 0]  mean: 0.16539162112932604 
     validate_auc [0.8418508959659846, 0, 0, 0, 0]  mean: 0.1683701791931969 

     test_loss [0.5093724061461056, 0, 0, 0, 0]  mean: 0.10187448122922112 
     test_acc [0.7606687453462397, 0, 0, 0, 0]  mean: 0.15213374906924795 
     test_precision [0.7400162999185004, 0, 0, 0, 0]  mean: 0.14800325998370006 
     test_recall [0.8269581056466302, 0, 0, 0, 0]  mean: 0.16539162112932604 
     test_auc [0.8418517810454914, 0, 0, 0, 0]  mean: 0.1683703562090983
     ==================================================
Training Finished
train_loss [0.39373161136372686, 0, 0, 0, 0]  mean: 0.07874632227274538 
     train_acc [0.8118931951035999, 0, 0, 0, 0]  mean: 0.16237863902071997 

     validate_loss [0.5085966622128206, 0, 0, 0, 0]  mean: 0.10171933244256412 
     validate_acc [0.7612388309754282, 0, 0, 0, 0]  mean: 0.15224776619508565 
     validate_precision [0.7400162999185004, 0, 0, 0, 0]  mean: 0.14800325998370006 
     validate_recall [0.8269581056466302, 0, 0, 0, 0]  mean: 0.16539162112932604 
     validate_auc [0.8418508959659846, 0, 0, 0, 0]  mean: 0.1683701791931969 

     test_loss [0.5093724061461056, 0, 0, 0, 0]  mean: 0.10187448122922112 
     test_acc [0.7606687453462397, 0, 0, 0, 0]  mean: 0.15213374906924795 
     test_precision [0.7400162999185004, 0, 0, 0, 0]  mean: 0.14800325998370006 
     test_recall [0.8269581056466302, 0, 0, 0, 0]  mean: 0.16539162112932604 
     test_auc [0.8418517810454914, 0, 0, 0, 0]  mean: 0.1683703562090983
     ==================================================
train_loss [0.39373161136372686, 0, 0, 0, 0]  mean: 0.07874632227274538 
     train_acc [0.8118931951035999, 0, 0, 0, 0]  mean: 0.16237863902071997 

     validate_loss [0.5085966622128206, 0, 0, 0, 0]  mean: 0.10171933244256412 
     validate_acc [0.7612388309754282, 0, 0, 0, 0]  mean: 0.15224776619508565 
     validate_precision [0.7400162999185004, 0, 0, 0, 0]  mean: 0.14800325998370006 
     validate_recall [0.8269581056466302, 0, 0, 0, 0]  mean: 0.16539162112932604 
     validate_auc [0.8418508959659846, 0, 0, 0, 0]  mean: 0.1683701791931969 

     test_loss [0.5093724061461056, 0, 0, 0, 0]  mean: 0.10187448122922112 
     test_acc [0.7606687453462397, 0, 0, 0, 0]  mean: 0.15213374906924795 
     test_precision [0.7400162999185004, 0, 0, 0, 0]  mean: 0.14800325998370006 
     test_recall [0.8269581056466302, 0, 0, 0, 0]  mean: 0.16539162112932604 
     test_auc [0.8418517810454914, 0, 0, 0, 0]  mean: 0.1683703562090983
     ==================================================
train_loss [0.39373161136372686, 0, 0, 0, 0]  mean: 0.07874632227274538 
     train_acc [0.8118931951035999, 0, 0, 0, 0]  mean: 0.16237863902071997 

     validate_loss [0.5085966622128206, 0, 0, 0, 0]  mean: 0.10171933244256412 
     validate_acc [0.7612388309754282, 0, 0, 0, 0]  mean: 0.15224776619508565 
     validate_precision [0.7400162999185004, 0, 0, 0, 0]  mean: 0.14800325998370006 
     validate_recall [0.8269581056466302, 0, 0, 0, 0]  mean: 0.16539162112932604 
     validate_auc [0.8418508959659846, 0, 0, 0, 0]  mean: 0.1683701791931969 

     test_loss [0.5093724061461056, 0, 0, 0, 0]  mean: 0.10187448122922112 
     test_acc [0.7606687453462397, 0, 0, 0, 0]  mean: 0.15213374906924795 
     test_precision [0.7400162999185004, 0, 0, 0, 0]  mean: 0.14800325998370006 
     test_recall [0.8269581056466302, 0, 0, 0, 0]  mean: 0.16539162112932604 
     test_auc [0.8418517810454914, 0, 0, 0, 0]  mean: 0.1683703562090983
     ==================================================
train_loss [0.39373161136372686, 0, 0, 0, 0]  mean: 0.07874632227274538 
     train_acc [0.8118931951035999, 0, 0, 0, 0]  mean: 0.16237863902071997 

     validate_loss [0.5085966622128206, 0, 0, 0, 0]  mean: 0.10171933244256412 
     validate_acc [0.7612388309754282, 0, 0, 0, 0]  mean: 0.15224776619508565 
     validate_precision [0.7400162999185004, 0, 0, 0, 0]  mean: 0.14800325998370006 
     validate_recall [0.8269581056466302, 0, 0, 0, 0]  mean: 0.16539162112932604 
     validate_auc [0.8418508959659846, 0, 0, 0, 0]  mean: 0.1683701791931969 

     test_loss [0.5093724061461056, 0, 0, 0, 0]  mean: 0.10187448122922112 
     test_acc [0.7606687453462397, 0, 0, 0, 0]  mean: 0.15213374906924795 
     test_precision [0.7400162999185004, 0, 0, 0, 0]  mean: 0.14800325998370006 
     test_recall [0.8269581056466302, 0, 0, 0, 0]  mean: 0.16539162112932604 
     test_auc [0.8418517810454914, 0, 0, 0, 0]  mean: 0.1683703562090983
     ==================================================
train_loss [0.39373161136372686, 0, 0, 0, 0]  mean: 0.07874632227274538 
     train_acc [0.8118931951035999, 0, 0, 0, 0]  mean: 0.16237863902071997 

     validate_loss [0.5085966622128206, 0, 0, 0, 0]  mean: 0.10171933244256412 
     validate_acc [0.7612388309754282, 0, 0, 0, 0]  mean: 0.15224776619508565 
     validate_precision [0.7400162999185004, 0, 0, 0, 0]  mean: 0.14800325998370006 
     validate_recall [0.8269581056466302, 0, 0, 0, 0]  mean: 0.16539162112932604 
     validate_auc [0.8418508959659846, 0, 0, 0, 0]  mean: 0.1683701791931969 

     test_loss [0.5093724061461056, 0, 0, 0, 0]  mean: 0.10187448122922112 
     test_acc [0.7606687453462397, 0, 0, 0, 0]  mean: 0.15213374906924795 
     test_precision [0.7400162999185004, 0, 0, 0, 0]  mean: 0.14800325998370006 
     test_recall [0.8269581056466302, 0, 0, 0, 0]  mean: 0.16539162112932604 
     test_auc [0.8418517810454914, 0, 0, 0, 0]  mean: 0.1683703562090983
     ==================================================
copy ./log_copy.log -> ./logs/20230410_155827/log_copy.log


 L2 =  0.007

Batchsize =  128
          Fold 0 of 5 :
                    Validate:  0.7499121882683526 
                     [717 312] 
                     [258 840] 
                     precision:  0.7291666666666666 recall:  0.7650273224043715 AUC 0.8047948297195537
                    - Epoch: 1 - Train_loss: 0.57167 - Train_acc: 0.70447 -  - Val_loss: 0.55071 - Val_acc: 0.73007  - T_Time: 260.86973 LR：0.0001000000
                    -- -- The best model for validate (F1= .  0.7499121882683526 ) -- --
                    --------------------------------------------------

                    Validation  score to (inf --> -0.55070828).  Saving model ...
                    --------------------------------------------------

                    Validate:  0.7511222923614878 
                     [211 818] 
                     [  31 1067] 
                     precision:  0.5660477453580902 recall:  0.9717668488160291 AUC 0.7935990164996521
                    - Epoch: 2 - Train_loss: 0.49759 - Train_acc: 0.75611 -  - Val_loss: 1.13837 - Val_acc: 0.60014  - T_Time: 256.65264 LR：0.0001000000
                    -- -- The best model for validate (F1= .  0.7511222923614878 ) -- --
                    EarlyStopping counter: 1 out of 10

                    Validate:  0.7661371493588902 
                     [729 300] 
                     [237 861] 
                     precision:  0.7416020671834626 recall:  0.7841530054644809 AUC 0.826858091662374
                    - Epoch: 3 - Train_loss: 0.46996 - Train_acc: 0.77069 -  - Val_loss: 0.57406 - Val_acc: 0.74780  - T_Time: 257.81528 LR：0.0001000000
                    -- -- The best model for validate (F1= .  0.7661371493588902 ) -- --
                    EarlyStopping counter: 2 out of 10

                    Validate:  0.7467531711180739 
                     [227 802] 
                     [  47 1051] 
                     precision:  0.5671883432271991 recall:  0.9571948998178507 AUC 0.7646029267809128
                    - Epoch: 4 - Train_loss: 0.45685 - Train_acc: 0.78101 -  - Val_loss: 1.25414 - Val_acc: 0.60043  - T_Time: 255.91248 LR：0.0001000000
                    EarlyStopping counter: 3 out of 10

                    Validate:  0.7741219619151396 
                     [555 474] 
                     [143 955] 
                     precision:  0.6682995101469559 recall:  0.8697632058287796 AUC 0.822760616086143
                    - Epoch: 5 - Train_loss: 0.45108 - Train_acc: 0.78070 -  - Val_loss: 0.59714 - Val_acc: 0.70733  - T_Time: 258.67534 LR：0.0001000000
                    -- -- The best model for validate (F1= .  0.7741219619151396 ) -- --
                    EarlyStopping counter: 4 out of 10

                    Validate:  0.7585102654888646 
                     [329 700] 
                     [  69 1029] 
                     precision:  0.5951417004048583 recall:  0.9371584699453552 AUC 0.7726956512503519
                    - Epoch: 6 - Train_loss: 0.43617 - Train_acc: 0.79118 -  - Val_loss: 1.46788 - Val_acc: 0.63805  - T_Time: 257.41868 LR：0.0001000000
                    EarlyStopping counter: 5 out of 10

                    Validate:  0.6416753299385054 
                     [937  92] 
                     [501 597] 
                     precision:  0.8664731494920174 recall:  0.5437158469945356 AUC 0.8490390691795844
                    - Epoch: 7 - Train_loss: 0.43574 - Train_acc: 0.78947 -  - Val_loss: 0.56199 - Val_acc: 0.72321  - T_Time: 253.99248 LR：0.0001000000
                    EarlyStopping counter: 6 out of 10

                    Validate:  0.7853897574567965 
                     [634 395] 
                     [160 938] 
                     precision:  0.7036759189797449 recall:  0.8542805100182149 AUC 0.849034643782051
                    - Epoch: 8 - Train_loss: 0.39883 - Train_acc: 0.80913 -  - Val_loss: 0.56902 - Val_acc: 0.73896  - T_Time: 260.00155 LR：0.0000100000
                    -- -- The best model for validate (F1= .  0.7853897574567965 ) -- --
                    EarlyStopping counter: 7 out of 10

                    Validate:  0.7794349549761984 
                     [763 266] 
                     [231 867] 
                     precision:  0.76522506619594 recall:  0.7896174863387978 AUC 0.8606433465918244
                    - Epoch: 9 - Train_loss: 0.38019 - Train_acc: 0.82238 -  - Val_loss: 0.55372 - Val_acc: 0.76476  - T_Time: 258.14931 LR：0.0000100000
                    EarlyStopping counter: 8 out of 10

                    Validate:  0.781080039398741 
                     [705 324] 
                     [201 897] 
                     precision:  0.7346437346437347 recall:  0.8169398907103825 AUC 0.8487978850140109
                    - Epoch: 10 - Train_loss: 0.37028 - Train_acc: 0.82829 -  - Val_loss: 0.59418 - Val_acc: 0.75303  - T_Time: 255.19949 LR：0.0000100000
                    EarlyStopping counter: 9 out of 10

                    Validate:  0.7691950996963488 
                     [779 250] 
                     [255 843] 
                     precision:  0.7712717291857274 recall:  0.76775956284153 AUC 0.8528272094682264
                    - Epoch: 11 - Train_loss: 0.36005 - Train_acc: 0.83512 -  - Val_loss: 0.59508 - Val_acc: 0.76194  - T_Time: 258.34414 LR：0.0000100000
                    EarlyStopping counter: 10 out of 10

                    Early stopping...
     Best Loss:
          valid
           [717 312] 
           [258 840]
          F1:  0.7466666666666667
          AUC:  0.8047930595605401
          precision:  0.7291666666666666
          recall:  0.7650273224043715
          test
           [717 312] 
           [258 840]
          F1:  0.7466666666666667
          AUC:  0.8047886341630068
          precision:  0.7291666666666666
          recall:  0.7650273224043715



     Best Sore:
          valid
           [634 395] 
           [160 938]
          F1:  0.7716988893459481
          AUC:  0.8490390691795845
          precision:  0.7036759189797449
          recall:  0.8542805100182149
          test
           [634 395] 
           [160 938]
          F1:  0.7716988893459481
          AUC:  0.8490293333050108
          precision:  0.7036759189797449
          recall:  0.8542805100182149
          ==================================================
          Fold 0 Training Finished


     ==================================================
train_loss [0.38302500271724044, 0, 0, 0, 0]  mean: 0.07660500054344808 
     train_acc [0.8194990558803102, 0, 0, 0, 0]  mean: 0.16389981117606206 

     validate_loss [0.5657066264573265, 0, 0, 0, 0]  mean: 0.1131413252914653 
     validate_acc [0.7400991250930753, 0, 0, 0, 0]  mean: 0.14801982501861505 
     validate_precision [0.7036759189797449, 0, 0, 0, 0]  mean: 0.140735183795949 
     validate_recall [0.8542805100182149, 0, 0, 0, 0]  mean: 0.17085610200364298 
     validate_auc [0.8490390691795845, 0, 0, 0, 0]  mean: 0.1698078138359169 

     test_loss [0.5686527332838844, 0, 0, 0, 0]  mean: 0.11373054665677688 
     test_acc [0.7392439966492926, 0, 0, 0, 0]  mean: 0.14784879932985853 
     test_precision [0.7036759189797449, 0, 0, 0, 0]  mean: 0.140735183795949 
     test_recall [0.8542805100182149, 0, 0, 0, 0]  mean: 0.17085610200364298 
     test_auc [0.8490293333050108, 0, 0, 0, 0]  mean: 0.16980586666100217
     ==================================================
Training Finished
train_loss [0.38302500271724044, 0, 0, 0, 0]  mean: 0.07660500054344808 
     train_acc [0.8194990558803102, 0, 0, 0, 0]  mean: 0.16389981117606206 

     validate_loss [0.5657066264573265, 0, 0, 0, 0]  mean: 0.1131413252914653 
     validate_acc [0.7400991250930753, 0, 0, 0, 0]  mean: 0.14801982501861505 
     validate_precision [0.7036759189797449, 0, 0, 0, 0]  mean: 0.140735183795949 
     validate_recall [0.8542805100182149, 0, 0, 0, 0]  mean: 0.17085610200364298 
     validate_auc [0.8490390691795845, 0, 0, 0, 0]  mean: 0.1698078138359169 

     test_loss [0.5686527332838844, 0, 0, 0, 0]  mean: 0.11373054665677688 
     test_acc [0.7392439966492926, 0, 0, 0, 0]  mean: 0.14784879932985853 
     test_precision [0.7036759189797449, 0, 0, 0, 0]  mean: 0.140735183795949 
     test_recall [0.8542805100182149, 0, 0, 0, 0]  mean: 0.17085610200364298 
     test_auc [0.8490293333050108, 0, 0, 0, 0]  mean: 0.16980586666100217
     ==================================================
train_loss [0.38302500271724044, 0, 0, 0, 0]  mean: 0.07660500054344808 
     train_acc [0.8194990558803102, 0, 0, 0, 0]  mean: 0.16389981117606206 

     validate_loss [0.5657066264573265, 0, 0, 0, 0]  mean: 0.1131413252914653 
     validate_acc [0.7400991250930753, 0, 0, 0, 0]  mean: 0.14801982501861505 
     validate_precision [0.7036759189797449, 0, 0, 0, 0]  mean: 0.140735183795949 
     validate_recall [0.8542805100182149, 0, 0, 0, 0]  mean: 0.17085610200364298 
     validate_auc [0.8490390691795845, 0, 0, 0, 0]  mean: 0.1698078138359169 

     test_loss [0.5686527332838844, 0, 0, 0, 0]  mean: 0.11373054665677688 
     test_acc [0.7392439966492926, 0, 0, 0, 0]  mean: 0.14784879932985853 
     test_precision [0.7036759189797449, 0, 0, 0, 0]  mean: 0.140735183795949 
     test_recall [0.8542805100182149, 0, 0, 0, 0]  mean: 0.17085610200364298 
     test_auc [0.8490293333050108, 0, 0, 0, 0]  mean: 0.16980586666100217
     ==================================================
train_loss [0.38302500271724044, 0, 0, 0, 0]  mean: 0.07660500054344808 
     train_acc [0.8194990558803102, 0, 0, 0, 0]  mean: 0.16389981117606206 

     validate_loss [0.5657066264573265, 0, 0, 0, 0]  mean: 0.1131413252914653 
     validate_acc [0.7400991250930753, 0, 0, 0, 0]  mean: 0.14801982501861505 
     validate_precision [0.7036759189797449, 0, 0, 0, 0]  mean: 0.140735183795949 
     validate_recall [0.8542805100182149, 0, 0, 0, 0]  mean: 0.17085610200364298 
     validate_auc [0.8490390691795845, 0, 0, 0, 0]  mean: 0.1698078138359169 

     test_loss [0.5686527332838844, 0, 0, 0, 0]  mean: 0.11373054665677688 
     test_acc [0.7392439966492926, 0, 0, 0, 0]  mean: 0.14784879932985853 
     test_precision [0.7036759189797449, 0, 0, 0, 0]  mean: 0.140735183795949 
     test_recall [0.8542805100182149, 0, 0, 0, 0]  mean: 0.17085610200364298 
     test_auc [0.8490293333050108, 0, 0, 0, 0]  mean: 0.16980586666100217
     ==================================================
train_loss [0.38302500271724044, 0, 0, 0, 0]  mean: 0.07660500054344808 
     train_acc [0.8194990558803102, 0, 0, 0, 0]  mean: 0.16389981117606206 

     validate_loss [0.5657066264573265, 0, 0, 0, 0]  mean: 0.1131413252914653 
     validate_acc [0.7400991250930753, 0, 0, 0, 0]  mean: 0.14801982501861505 
     validate_precision [0.7036759189797449, 0, 0, 0, 0]  mean: 0.140735183795949 
     validate_recall [0.8542805100182149, 0, 0, 0, 0]  mean: 0.17085610200364298 
     validate_auc [0.8490390691795845, 0, 0, 0, 0]  mean: 0.1698078138359169 

     test_loss [0.5686527332838844, 0, 0, 0, 0]  mean: 0.11373054665677688 
     test_acc [0.7392439966492926, 0, 0, 0, 0]  mean: 0.14784879932985853 
     test_precision [0.7036759189797449, 0, 0, 0, 0]  mean: 0.140735183795949 
     test_recall [0.8542805100182149, 0, 0, 0, 0]  mean: 0.17085610200364298 
     test_auc [0.8490293333050108, 0, 0, 0, 0]  mean: 0.16980586666100217
     ==================================================
train_loss [0.38302500271724044, 0, 0, 0, 0]  mean: 0.07660500054344808 
     train_acc [0.8194990558803102, 0, 0, 0, 0]  mean: 0.16389981117606206 

     validate_loss [0.5657066264573265, 0, 0, 0, 0]  mean: 0.1131413252914653 
     validate_acc [0.7400991250930753, 0, 0, 0, 0]  mean: 0.14801982501861505 
     validate_precision [0.7036759189797449, 0, 0, 0, 0]  mean: 0.140735183795949 
     validate_recall [0.8542805100182149, 0, 0, 0, 0]  mean: 0.17085610200364298 
     validate_auc [0.8490390691795845, 0, 0, 0, 0]  mean: 0.1698078138359169 

     test_loss [0.5686527332838844, 0, 0, 0, 0]  mean: 0.11373054665677688 
     test_acc [0.7392439966492926, 0, 0, 0, 0]  mean: 0.14784879932985853 
     test_precision [0.7036759189797449, 0, 0, 0, 0]  mean: 0.140735183795949 
     test_recall [0.8542805100182149, 0, 0, 0, 0]  mean: 0.17085610200364298 
     test_auc [0.8490293333050108, 0, 0, 0, 0]  mean: 0.16980586666100217
     ==================================================
copy ./log_copy.log -> ./logs/20230410_155827/log_copy.log


 L2 =  0.005

Batchsize =  128
          Fold 0 of 5 :
                    Validate:  0.7617057079516012 
                     [550 479] 
                     [163 935] 
                     precision:  0.6612446958981613 recall:  0.8515482695810564 AUC 0.7845548315605191
                    - Epoch: 1 - Train_loss: 0.56945 - Train_acc: 0.70710 -  - Val_loss: 0.58575 - Val_acc: 0.69784  - T_Time: 261.08335 LR：0.0001000000
                    -- -- The best model for validate (F1= .  0.7617057079516012 ) -- --
                    --------------------------------------------------

                    Validation  score to (inf --> -0.58574521).  Saving model ...
                    --------------------------------------------------

                    Validate:  0.7723599137931035 
                     [682 347] 
                     [205 893] 
                     precision:  0.7201612903225807 recall:  0.8132969034608379 AUC 0.8201695458303019
                    - Epoch: 2 - Train_loss: 0.52972 - Train_acc: 0.73610 -  - Val_loss: 0.54699 - Val_acc: 0.74062  - T_Time: 257.53413 LR：0.0001000000
                    -- -- The best model for validate (F1= .  0.7723599137931035 ) -- --
                    --------------------------------------------------

                    Validation  score to (-0.58574521 --> -0.54698755).  Saving model ...
                    --------------------------------------------------

                    Validate:  0.7780372851488749 
                     [662 367] 
                     [186 912] 
                     precision:  0.7130570758405004 recall:  0.8306010928961749 AUC 0.8373166336532012
                    - Epoch: 3 - Train_loss: 0.48421 - Train_acc: 0.76558 -  - Val_loss: 0.58934 - Val_acc: 0.73988  - T_Time: 258.37786 LR：0.0001000000
                    -- -- The best model for validate (F1= .  0.7780372851488749 ) -- --
                    EarlyStopping counter: 1 out of 10

                    Validate:  0.7066260673859799 
                     [893 136] 
                     [398 700] 
                     precision:  0.8373205741626795 recall:  0.6375227686703097 AUC 0.8483690639930184
                    - Epoch: 4 - Train_loss: 0.45811 - Train_acc: 0.77881 -  - Val_loss: 0.57948 - Val_acc: 0.74946  - T_Time: 257.32708 LR：0.0001000000
                    EarlyStopping counter: 2 out of 10

                    Validate:  0.7517376657711825 
                     [663 366] 
                     [231 867] 
                     precision:  0.7031630170316302 recall:  0.7896174863387978 AUC 0.8132566323432835
                    - Epoch: 5 - Train_loss: 0.43954 - Train_acc: 0.79000 -  - Val_loss: 0.65493 - Val_acc: 0.71852  - T_Time: 255.20731 LR：0.0001000000
                    EarlyStopping counter: 3 out of 10

                    Validate:  0.6911460419169669 
                     [892 137] 
                     [419 679] 
                     precision:  0.8321078431372549 recall:  0.6183970856102003 AUC 0.8459138534414546
                    - Epoch: 6 - Train_loss: 0.43179 - Train_acc: 0.79380 -  - Val_loss: 0.58342 - Val_acc: 0.73935  - T_Time: 258.47345 LR：0.0001000000
                    EarlyStopping counter: 4 out of 10

                    Validate:  0.7741632056495376 
                     [723 306] 
                     [221 877] 
                     precision:  0.7413355874894336 recall:  0.7987249544626593 AUC 0.8394209101803616
                    - Epoch: 7 - Train_loss: 0.42031 - Train_acc: 0.80099 -  - Val_loss: 0.63527 - Val_acc: 0.75154  - T_Time: 254.56100 LR：0.0001000000
                    EarlyStopping counter: 5 out of 10

                    Validate:  0.745039635635825 
                     [847 182] 
                     [323 775] 
                     precision:  0.8098223615464994 recall:  0.7058287795992714 AUC 0.8549297158363736
                    - Epoch: 8 - Train_loss: 0.40942 - Train_acc: 0.80186 -  - Val_loss: 0.53101 - Val_acc: 0.76165  - T_Time: 258.86049 LR：0.0001000000
                    --------------------------------------------------

                    Validation  score to (-0.54698755 --> -0.53100794).  Saving model ...
                    --------------------------------------------------

                    Validate:  0.736496504977759 
                     [237 792] 
                     [  72 1026] 
                     precision:  0.5643564356435643 recall:  0.9344262295081968 AUC 0.7369618937869189
                    - Epoch: 9 - Train_loss: 0.39860 - Train_acc: 0.81110 -  - Val_loss: 1.87803 - Val_acc: 0.59239  - T_Time: 255.29857 LR：0.0001000000
                    EarlyStopping counter: 1 out of 10

                    Validate:  0.7547223271628258 
                     [855 174] 
                     [312 786] 
                     precision:  0.81875 recall:  0.7158469945355191 AUC 0.8590581691953388
                    - Epoch: 10 - Train_loss: 0.39164 - Train_acc: 0.81570 -  - Val_loss: 0.50617 - Val_acc: 0.77067  - T_Time: 260.50824 LR：0.0001000000
                    --------------------------------------------------

                    Validation  score to (-0.53100794 --> -0.50617220).  Saving model ...
                    --------------------------------------------------

                    Validate:  0.8039931069764938 
                     [618 411] 
                     [119 979] 
                     precision:  0.7043165467625899 recall:  0.8916211293260473 AUC 0.8542800674784616
                    - Epoch: 11 - Train_loss: 0.38195 - Train_acc: 0.82015 -  - Val_loss: 0.58014 - Val_acc: 0.75244  - T_Time: 255.89141 LR：0.0001000000
                    -- -- The best model for validate (F1= .  0.8039931069764938 ) -- --
                    EarlyStopping counter: 1 out of 10

                    Validate:  0.751103613546068 
                     [854 175] 
                     [317 781] 
                     precision:  0.8169456066945606 recall:  0.7112932604735883 AUC 0.8541703176196317
                    - Epoch: 12 - Train_loss: 0.38018 - Train_acc: 0.82131 -  - Val_loss: 0.57000 - Val_acc: 0.76592  - T_Time: 259.45859 LR：0.0001000000
                    EarlyStopping counter: 2 out of 10

                    Validate:  0.6398601398601399 
                     [939  90] 
                     [504 594] 
                     precision:  0.868421052631579 recall:  0.5409836065573771 AUC 0.842582856718019
                    - Epoch: 13 - Train_loss: 0.37394 - Train_acc: 0.82532 -  - Val_loss: 0.68904 - Val_acc: 0.72047  - T_Time: 256.51686 LR：0.0001000000
                    EarlyStopping counter: 3 out of 10

                    Validate:  0.762864570882142 
                     [770 259] 
                     [261 837] 
                     precision:  0.7636861313868614 recall:  0.7622950819672131 AUC 0.8427417284894702
                    - Epoch: 14 - Train_loss: 0.36486 - Train_acc: 0.83164 -  - Val_loss: 0.51697 - Val_acc: 0.75476  - T_Time: 256.60316 LR：0.0001000000
                    EarlyStopping counter: 4 out of 10

                    Validate:  0.7416940373926226 
                     [847 182] 
                     [328 770] 
                     precision:  0.8088235294117647 recall:  0.7012750455373407 AUC 0.8367422170533578
                    - Epoch: 15 - Train_loss: 0.34952 - Train_acc: 0.83912 -  - Val_loss: 0.74954 - Val_acc: 0.76049  - T_Time: 258.66108 LR：0.0001000000
                    EarlyStopping counter: 5 out of 10

                    Validate:  0.7688667641057552 
                     [717 312] 
                     [227 871] 
                     precision:  0.7362637362637363 recall:  0.7932604735883424 AUC 0.8423354769958985
                    - Epoch: 16 - Train_loss: 0.35078 - Train_acc: 0.84111 -  - Val_loss: 0.62574 - Val_acc: 0.74831  - T_Time: 260.90243 LR：0.0001000000
                    EarlyStopping counter: 6 out of 10

                    Validate:  0.7733741229472019 
                     [815 214] 
                     [265 833] 
                     precision:  0.7956064947468959 recall:  0.7586520947176685 AUC 0.861407612745853
                    - Epoch: 17 - Train_loss: 0.29302 - Train_acc: 0.86919 -  - Val_loss: 0.65588 - Val_acc: 0.77332  - T_Time: 256.37541 LR：0.0000100000
                    EarlyStopping counter: 7 out of 10

                    Validate:  0.7756184277923408 
                     [799 230] 
                     [254 844] 
                     precision:  0.7858472998137802 recall:  0.7686703096539163 AUC 0.8531400850738422
                    - Epoch: 18 - Train_loss: 0.26148 - Train_acc: 0.88554 -  - Val_loss: 0.63988 - Val_acc: 0.77244  - T_Time: 257.97249 LR：0.0000100000
                    EarlyStopping counter: 8 out of 10

                    Validate:  0.7518969308433212 
                     [823 206] 
                     [302 796] 
                     precision:  0.7944111776447106 recall:  0.7249544626593807 AUC 0.8488253224787182
                    - Epoch: 19 - Train_loss: 0.24501 - Train_acc: 0.89441 -  - Val_loss: 0.70155 - Val_acc: 0.75970  - T_Time: 256.49037 LR：0.0000100000
                    EarlyStopping counter: 9 out of 10

                    Validate:  0.7777379190768724 
                     [787 242] 
                     [245 853] 
                     precision:  0.7789954337899543 recall:  0.7768670309653917 AUC 0.8496957981735499
                    - Epoch: 20 - Train_loss: 0.21836 - Train_acc: 0.90788 -  - Val_loss: 0.76612 - Val_acc: 0.77135  - T_Time: 258.06168 LR：0.0000100000
                    EarlyStopping counter: 10 out of 10

                    Early stopping...
     Best Loss:
          valid
           [855 174] 
           [312 786]
          F1:  0.7638483965014576
          AUC:  0.8590572841158322
          precision:  0.81875
          recall:  0.7158469945355191
          test
           [855 174] 
           [312 786]
          F1:  0.7638483965014576
          AUC:  0.8590537437978053
          precision:  0.81875
          recall:  0.7158469945355191



     Best Sore:
          valid
           [618 411] 
           [119 979]
          F1:  0.7869774919614148
          AUC:  0.8542818376374749
          precision:  0.7043165467625899
          recall:  0.8916211293260473
          test
           [618 411] 
           [119 979]
          F1:  0.7869774919614148
          AUC:  0.8542800674784615
          precision:  0.7043165467625899
          recall:  0.8916211293260473
          ==================================================
          Fold 0 Training Finished


     ==================================================
train_loss [0.34274074832903095, 0, 0, 0, 0]  mean: 0.06854814966580619 
     train_acc [0.8415714709457114, 0, 0, 0, 0]  mean: 0.1683142941891423 

     validate_loss [0.57787124023718, 0, 0, 0, 0]  mean: 0.11557424804743599 
     validate_acc [0.7524432241250931, 0, 0, 0, 0]  mean: 0.1504886448250186 
     validate_precision [0.7043165467625899, 0, 0, 0, 0]  mean: 0.14086330935251798 
     validate_recall [0.8916211293260473, 0, 0, 0, 0]  mean: 0.17832422586520946 
     validate_auc [0.8542818376374749, 0, 0, 0, 0]  mean: 0.17085636752749497 

     test_loss [0.5787473005406997, 0, 0, 0, 0]  mean: 0.11574946010813994 
     test_acc [0.7501628816083395, 0, 0, 0, 0]  mean: 0.15003257632166792 
     test_precision [0.7043165467625899, 0, 0, 0, 0]  mean: 0.14086330935251798 
     test_recall [0.8916211293260473, 0, 0, 0, 0]  mean: 0.17832422586520946 
     test_auc [0.8542800674784615, 0, 0, 0, 0]  mean: 0.1708560134956923
     ==================================================
Training Finished
train_loss [0.34274074832903095, 0, 0, 0, 0]  mean: 0.06854814966580619 
     train_acc [0.8415714709457114, 0, 0, 0, 0]  mean: 0.1683142941891423 

     validate_loss [0.57787124023718, 0, 0, 0, 0]  mean: 0.11557424804743599 
     validate_acc [0.7524432241250931, 0, 0, 0, 0]  mean: 0.1504886448250186 
     validate_precision [0.7043165467625899, 0, 0, 0, 0]  mean: 0.14086330935251798 
     validate_recall [0.8916211293260473, 0, 0, 0, 0]  mean: 0.17832422586520946 
     validate_auc [0.8542818376374749, 0, 0, 0, 0]  mean: 0.17085636752749497 

     test_loss [0.5787473005406997, 0, 0, 0, 0]  mean: 0.11574946010813994 
     test_acc [0.7501628816083395, 0, 0, 0, 0]  mean: 0.15003257632166792 
     test_precision [0.7043165467625899, 0, 0, 0, 0]  mean: 0.14086330935251798 
     test_recall [0.8916211293260473, 0, 0, 0, 0]  mean: 0.17832422586520946 
     test_auc [0.8542800674784615, 0, 0, 0, 0]  mean: 0.1708560134956923
     ==================================================
train_loss [0.34274074832903095, 0, 0, 0, 0]  mean: 0.06854814966580619 
     train_acc [0.8415714709457114, 0, 0, 0, 0]  mean: 0.1683142941891423 

     validate_loss [0.57787124023718, 0, 0, 0, 0]  mean: 0.11557424804743599 
     validate_acc [0.7524432241250931, 0, 0, 0, 0]  mean: 0.1504886448250186 
     validate_precision [0.7043165467625899, 0, 0, 0, 0]  mean: 0.14086330935251798 
     validate_recall [0.8916211293260473, 0, 0, 0, 0]  mean: 0.17832422586520946 
     validate_auc [0.8542818376374749, 0, 0, 0, 0]  mean: 0.17085636752749497 

     test_loss [0.5787473005406997, 0, 0, 0, 0]  mean: 0.11574946010813994 
     test_acc [0.7501628816083395, 0, 0, 0, 0]  mean: 0.15003257632166792 
     test_precision [0.7043165467625899, 0, 0, 0, 0]  mean: 0.14086330935251798 
     test_recall [0.8916211293260473, 0, 0, 0, 0]  mean: 0.17832422586520946 
     test_auc [0.8542800674784615, 0, 0, 0, 0]  mean: 0.1708560134956923
     ==================================================
train_loss [0.34274074832903095, 0, 0, 0, 0]  mean: 0.06854814966580619 
     train_acc [0.8415714709457114, 0, 0, 0, 0]  mean: 0.1683142941891423 

     validate_loss [0.57787124023718, 0, 0, 0, 0]  mean: 0.11557424804743599 
     validate_acc [0.7524432241250931, 0, 0, 0, 0]  mean: 0.1504886448250186 
     validate_precision [0.7043165467625899, 0, 0, 0, 0]  mean: 0.14086330935251798 
     validate_recall [0.8916211293260473, 0, 0, 0, 0]  mean: 0.17832422586520946 
     validate_auc [0.8542818376374749, 0, 0, 0, 0]  mean: 0.17085636752749497 

     test_loss [0.5787473005406997, 0, 0, 0, 0]  mean: 0.11574946010813994 
     test_acc [0.7501628816083395, 0, 0, 0, 0]  mean: 0.15003257632166792 
     test_precision [0.7043165467625899, 0, 0, 0, 0]  mean: 0.14086330935251798 
     test_recall [0.8916211293260473, 0, 0, 0, 0]  mean: 0.17832422586520946 
     test_auc [0.8542800674784615, 0, 0, 0, 0]  mean: 0.1708560134956923
     ==================================================
train_loss [0.34274074832903095, 0, 0, 0, 0]  mean: 0.06854814966580619 
     train_acc [0.8415714709457114, 0, 0, 0, 0]  mean: 0.1683142941891423 

     validate_loss [0.57787124023718, 0, 0, 0, 0]  mean: 0.11557424804743599 
     validate_acc [0.7524432241250931, 0, 0, 0, 0]  mean: 0.1504886448250186 
     validate_precision [0.7043165467625899, 0, 0, 0, 0]  mean: 0.14086330935251798 
     validate_recall [0.8916211293260473, 0, 0, 0, 0]  mean: 0.17832422586520946 
     validate_auc [0.8542818376374749, 0, 0, 0, 0]  mean: 0.17085636752749497 

     test_loss [0.5787473005406997, 0, 0, 0, 0]  mean: 0.11574946010813994 
     test_acc [0.7501628816083395, 0, 0, 0, 0]  mean: 0.15003257632166792 
     test_precision [0.7043165467625899, 0, 0, 0, 0]  mean: 0.14086330935251798 
     test_recall [0.8916211293260473, 0, 0, 0, 0]  mean: 0.17832422586520946 
     test_auc [0.8542800674784615, 0, 0, 0, 0]  mean: 0.1708560134956923
     ==================================================
train_loss [0.34274074832903095, 0, 0, 0, 0]  mean: 0.06854814966580619 
     train_acc [0.8415714709457114, 0, 0, 0, 0]  mean: 0.1683142941891423 

     validate_loss [0.57787124023718, 0, 0, 0, 0]  mean: 0.11557424804743599 
     validate_acc [0.7524432241250931, 0, 0, 0, 0]  mean: 0.1504886448250186 
     validate_precision [0.7043165467625899, 0, 0, 0, 0]  mean: 0.14086330935251798 
     validate_recall [0.8916211293260473, 0, 0, 0, 0]  mean: 0.17832422586520946 
     validate_auc [0.8542818376374749, 0, 0, 0, 0]  mean: 0.17085636752749497 

     test_loss [0.5787473005406997, 0, 0, 0, 0]  mean: 0.11574946010813994 
     test_acc [0.7501628816083395, 0, 0, 0, 0]  mean: 0.15003257632166792 
     test_precision [0.7043165467625899, 0, 0, 0, 0]  mean: 0.14086330935251798 
     test_recall [0.8916211293260473, 0, 0, 0, 0]  mean: 0.17832422586520946 
     test_auc [0.8542800674784615, 0, 0, 0, 0]  mean: 0.1708560134956923
     ==================================================
copy ./log_copy.log -> ./logs/20230410_155827/log_copy.log


 L2 =  0.0005

Batchsize =  128
          Fold 0 of 5 :
                    Validate:  0.741851941600533 
                     [772 257] 
                     [295 803] 
                     precision:  0.7575471698113208 recall:  0.7313296903460837 AUC 0.8100088330934767
                    - Epoch: 1 - Train_loss: 0.56384 - Train_acc: 0.70848 -  - Val_loss: 0.55615 - Val_acc: 0.73977  - T_Time: 261.99282 LR：0.0001000000
                    -- -- The best model for validate (F1= .  0.741851941600533 ) -- --
                    --------------------------------------------------

                    Validation  score to (inf --> -0.55614870).  Saving model ...
                    --------------------------------------------------

                    Validate:  0.7002525501000362 
                     [871 158] 
                     [398 700] 
                     precision:  0.8158508158508159 recall:  0.6375227686703097 AUC 0.8277860975251407
                    - Epoch: 2 - Train_loss: 0.50205 - Train_acc: 0.75457 -  - Val_loss: 0.57910 - Val_acc: 0.73907  - T_Time: 258.94875 LR：0.0001000000
                    EarlyStopping counter: 1 out of 10

                    Validate:  0.7242949003628956 
                     [843 186] 
                     [352 746] 
                     precision:  0.8004291845493562 recall:  0.6794171220400729 AUC 0.8293761428589131
                    - Epoch: 3 - Train_loss: 0.44227 - Train_acc: 0.79063 -  - Val_loss: 0.56972 - Val_acc: 0.74649  - T_Time: 256.83368 LR：0.0001000000
                    EarlyStopping counter: 2 out of 10

                    Validate:  0.7687701108330354 
                     [771 258] 
                     [252 846] 
                     precision:  0.7663043478260869 recall:  0.7704918032786885 AUC 0.835344676512291
                    - Epoch: 4 - Train_loss: 0.40207 - Train_acc: 0.81457 -  - Val_loss: 0.64860 - Val_acc: 0.75992  - T_Time: 257.05971 LR：0.0001000000
                    -- -- The best model for validate (F1= .  0.7687701108330354 ) -- --
                    EarlyStopping counter: 3 out of 10

                    Validate:  0.7726484733251313 
                     [655 374] 
                     [192 906] 
                     precision:  0.7078125 recall:  0.825136612021858 AUC 0.8265430033579917
                    - Epoch: 5 - Train_loss: 0.36009 - Train_acc: 0.83890 -  - Val_loss: 0.74484 - Val_acc: 0.73248  - T_Time: 257.19174 LR：0.0001000000
                    -- -- The best model for validate (F1= .  0.7726484733251313 ) -- --
                    EarlyStopping counter: 4 out of 10

                    Validate:  0.7571781570163143 
                     [701 328] 
                     [239 859] 
                     precision:  0.7236731255265375 recall:  0.7823315118397086 AUC 0.8227433570357624
                    - Epoch: 6 - Train_loss: 0.31174 - Train_acc: 0.86624 -  - Val_loss: 0.71526 - Val_acc: 0.73544  - T_Time: 257.17499 LR：0.0001000000
                    EarlyStopping counter: 5 out of 10

                    Validate:  0.7400724938818859 
                     [196 833] 
                     [  47 1051] 
                     precision:  0.557855626326964 recall:  0.9571948998178507 AUC 0.7701629962419525
                    - Epoch: 7 - Train_loss: 0.25530 - Train_acc: 0.89504 -  - Val_loss: 3.16444 - Val_acc: 0.58504  - T_Time: 257.53413 LR：0.0001000000
                    EarlyStopping counter: 6 out of 10

                    Validate:  0.7668492295468089 
                     [677 352] 
                     [212 886] 
                     precision:  0.715670436187399 recall:  0.8069216757741348 AUC 0.829222581564502
                    - Epoch: 8 - Train_loss: 0.16190 - Train_acc: 0.93856 -  - Val_loss: 1.08317 - Val_acc: 0.73511  - T_Time: 258.76160 LR：0.0000100000
                    EarlyStopping counter: 7 out of 10

                    Validate:  0.7725904469813143 
                     [685 344] 
                     [206 892] 
                     precision:  0.7216828478964401 recall:  0.8123861566484517 AUC 0.830711285294758
                    - Epoch: 9 - Train_loss: 0.11034 - Train_acc: 0.95850 -  - Val_loss: 1.25524 - Val_acc: 0.73841  - T_Time: 255.21973 LR：0.0000100000
                    EarlyStopping counter: 8 out of 10

                    Validate:  0.771785544836312 
                     [708 321] 
                     [218 880] 
                     precision:  0.7327227310574521 recall:  0.8014571948998178 AUC 0.8342755004682071
                    - Epoch: 10 - Train_loss: 0.07705 - Train_acc: 0.97157 -  - Val_loss: 1.39914 - Val_acc: 0.74745  - T_Time: 255.77583 LR：0.0000100000
                    EarlyStopping counter: 9 out of 10

                    Validate:  0.7790758525097946 
                     [685 344] 
                     [195 903] 
                     precision:  0.7241379310344828 recall:  0.8224043715846995 AUC 0.8315295412986949
                    - Epoch: 11 - Train_loss: 0.05700 - Train_acc: 0.97845 -  - Val_loss: 1.58068 - Val_acc: 0.74631  - T_Time: 257.79943 LR：0.0000100000
                    -- -- The best model for validate (F1= .  0.7790758525097946 ) -- --
                    EarlyStopping counter: 10 out of 10

                    Early stopping...
     Best Loss:
          valid
           [772 257] 
           [295 803]
          F1:  0.7442075996292864
          AUC:  0.8100079480139701
          precision:  0.7575471698113208
          recall:  0.7313296903460837
          test
           [772 257] 
           [295 803]
          F1:  0.7442075996292864
          AUC:  0.8100114883319969
          precision:  0.7575471698113208
          recall:  0.7313296903460837



     Best Sore:
          valid
           [685 344] 
           [195 903]
          F1:  0.7701492537313432
          AUC:  0.831530868917955
          precision:  0.7241379310344828
          recall:  0.8224043715846995
          test
           [685 344] 
           [195 903]
          F1:  0.7701492537313432
          AUC:  0.8315304263782016
          precision:  0.7241379310344828
          recall:  0.8224043715846995
          ==================================================
          Fold 0 Training Finished


     ==================================================
train_loss [0.04888492143867206, 0, 0, 0, 0]  mean: 0.009776984287734412 
     train_acc [0.9805067318266003, 0, 0, 0, 0]  mean: 0.19610134636532006 

     validate_loss [1.5573478796902824, 0, 0, 0, 0]  mean: 0.31146957593805646 
     validate_acc [0.746311895011169, 0, 0, 0, 0]  mean: 0.1492623790022338 
     validate_precision [0.7241379310344828, 0, 0, 0, 0]  mean: 0.14482758620689656 
     validate_recall [0.8224043715846995, 0, 0, 0, 0]  mean: 0.1644808743169399 
     validate_auc [0.831530868917955, 0, 0, 0, 0]  mean: 0.166306173783591 

     test_loss [1.5717874555026783, 0, 0, 0, 0]  mean: 0.3143574911005357 
     test_acc [0.7460268521965748, 0, 0, 0, 0]  mean: 0.14920537043931498 
     test_precision [0.7241379310344828, 0, 0, 0, 0]  mean: 0.14482758620689656 
     test_recall [0.8224043715846995, 0, 0, 0, 0]