nohup: ignoring input
cuda:0
########################################
#don't  correct_age
#LR = 0.0005
#pair HTN candidate >0 break 
#delete all have the same name&sex&ages
# seed_torch(2023),    L2_list = 0.007 BATCH_SIZE = 128 ,5 foldcorss 1 times
#CrossEntropyLoss 
#ReduceLROnPlateau 
#The reset and delete list (main in test)
#qc == 0
#pair HTN
#use adam with 0 weight decay
#Shuffle before k-fold train
#Use binary F1. 
#Net.MLBFNet(num_class = 2,mark = True,res = True,se = True,Dropout_rate = 0.3). lead_branch (3,3). add two relu-fc
#Sample HTN to fit NHTN numbers (test,val,train)
########################################



            orginal   removed diagnose NaN
   nums      200082          199997       
              HTN             NHTN        
   nums       3273           196724       


            orginal      removed ID NaN   
   nums      199997          199995       
              HTN             NHTN        
   nums       3273           196722       


            orginal            QC         
   nums      199995          72845        
              HTN             NHTN        
   nums       1497           71348        


            orginal   filtered department 
   nums      72845           15756        
              HTN             NHTN        
   nums       1497           14259        


            orginal      filtered ages    
   nums      15756           15344        
              HTN             NHTN        
   nums       1477           13867        


     reset num:       10  
  ERR labels num:     27  
            orginal      correct label    
   nums      15344           15344        
              HTN             NHTN        
   nums       1513           13831        


            orginal    remove diagnose房颤  
   nums      15344           14797        
              HTN             NHTN        
   nums       1447           13350        
           remove HTN     remove NHTN     
   nums        66             481         


 L2 =  0.007

Batchsize =  128
          Fold 0 of 5 :
                    Validate:  0.0 
                     [222   0] 
                     [234   0] 
                     precision:  0.0 recall:  0.0
                    test:  0.0 
                     [258   0] 
                     [270   0] 
                     precision:  0.0 recall:  0.0
                    - Epoch: 1 - Train_loss: 0.68969 - Train_acc: 0.51243 -  - Val_loss: 0.69397 - Val_acc: 0.48220  - T_Time: 38.21072 LR：0.0005000000
                    --------------------------------------------------

                    Validation  score to (inf --> -0.69396965).  Saving model ...
                    --------------------------------------------------

/opt/conda/lib/python3.7/site-packages/sklearn/metrics/_classification.py:1318: UndefinedMetricWarning: Precision is ill-defined and being set to 0.0 due to no predicted samples. Use `zero_division` parameter to control this behavior.
  _warn_prf(average, modifier, msg_start, len(result))
/opt/conda/lib/python3.7/site-packages/sklearn/metrics/_classification.py:1318: UndefinedMetricWarning: Precision is ill-defined and being set to 0.0 due to no predicted samples. Use `zero_division` parameter to control this behavior.
  _warn_prf(average, modifier, msg_start, len(result))
                    Validate:  0.0 
                     [222   0] 
                     [234   0] 
                     precision:  0.0 recall:  0.0
                    test:  0.0 
                     [258   0] 
                     [270   0] 
                     precision:  0.0 recall:  0.0
                    - Epoch: 2 - Train_loss: 0.65559 - Train_acc: 0.61719 -  - Val_loss: 0.71906 - Val_acc: 0.48980  - T_Time: 34.59482 LR：0.0005000000
                    EarlyStopping counter: 1 out of 25

/opt/conda/lib/python3.7/site-packages/sklearn/metrics/_classification.py:1318: UndefinedMetricWarning: Precision is ill-defined and being set to 0.0 due to no predicted samples. Use `zero_division` parameter to control this behavior.
  _warn_prf(average, modifier, msg_start, len(result))
/opt/conda/lib/python3.7/site-packages/sklearn/metrics/_classification.py:1318: UndefinedMetricWarning: Precision is ill-defined and being set to 0.0 due to no predicted samples. Use `zero_division` parameter to control this behavior.
  _warn_prf(average, modifier, msg_start, len(result))
                    Validate:  0.0 
                     [221   1] 
                     [234   0] 
                     precision:  0.0 recall:  0.0
                    test:  0.007326007326007326 
                     [256   2] 
                     [269   1] 
                     precision:  0.3333333333333333 recall:  0.003703703703703704
                    - Epoch: 3 - Train_loss: 0.65261 - Train_acc: 0.61713 -  - Val_loss: 0.77338 - Val_acc: 0.47266  - T_Time: 33.97700 LR：0.0005000000
                    EarlyStopping counter: 2 out of 25

                    Validate:  0.0 
                     [222   0] 
                     [234   0] 
                     precision:  0.0 recall:  0.0
                    test:  0.0 
                     [258   0] 
                     [270   0] 
                     precision:  0.0 recall:  0.0
                    - Epoch: 4 - Train_loss: 0.62294 - Train_acc: 0.66071 -  - Val_loss: 0.73687 - Val_acc: 0.49284  - T_Time: 33.76370 LR：0.0005000000
                    EarlyStopping counter: 3 out of 25

/opt/conda/lib/python3.7/site-packages/sklearn/metrics/_classification.py:1318: UndefinedMetricWarning: Precision is ill-defined and being set to 0.0 due to no predicted samples. Use `zero_division` parameter to control this behavior.
  _warn_prf(average, modifier, msg_start, len(result))
/opt/conda/lib/python3.7/site-packages/sklearn/metrics/_classification.py:1318: UndefinedMetricWarning: Precision is ill-defined and being set to 0.0 due to no predicted samples. Use `zero_division` parameter to control this behavior.
  _warn_prf(average, modifier, msg_start, len(result))
                    Validate:  0.00851063829787234 
                     [222   0] 
                     [233   1] 
                     precision:  1.0 recall:  0.004273504273504274
                    test:  0.0 
                     [258   0] 
                     [270   0] 
                     precision:  0.0 recall:  0.0
                    - Epoch: 5 - Train_loss: 0.59105 - Train_acc: 0.68726 -  - Val_loss: 0.88475 - Val_acc: 0.48872  - T_Time: 33.23238 LR：0.0005000000
                    -- -- The best model for validate (F1= .  0.00851063829787234 ) -- --
                    EarlyStopping counter: 4 out of 25

/opt/conda/lib/python3.7/site-packages/sklearn/metrics/_classification.py:1318: UndefinedMetricWarning: Precision is ill-defined and being set to 0.0 due to no predicted samples. Use `zero_division` parameter to control this behavior.
  _warn_prf(average, modifier, msg_start, len(result))
                    Validate:  0.38216560509554137 
                     [202  20] 
                     [174  60] 
                     precision:  0.75 recall:  0.2564102564102564
                    test:  0.336283185840708 
                     [246  12] 
                     [213  57] 
                     precision:  0.8260869565217391 recall:  0.2111111111111111
                    - Epoch: 6 - Train_loss: 0.60048 - Train_acc: 0.68615 -  - Val_loss: 0.80733 - Val_acc: 0.57552  - T_Time: 35.23118 LR：0.0005000000
                    -- -- The best model for validate (F1= .  0.38216560509554137 ) -- --
                    EarlyStopping counter: 5 out of 25

                    Validate:  0.5801886792452832 
                     [155  67] 
                     [111 123] 
                     precision:  0.6473684210526316 recall:  0.5256410256410257
                    test:  0.5756302521008404 
                     [189  69] 
                     [133 137] 
                     precision:  0.6650485436893204 recall:  0.5074074074074074
                    - Epoch: 7 - Train_loss: 0.60272 - Train_acc: 0.68280 -  - Val_loss: 0.64670 - Val_acc: 0.61437  - T_Time: 31.95977 LR：0.0005000000
                    -- -- The best model for validate (F1= .  0.5801886792452832 ) -- --
                    --------------------------------------------------

                    Validation  score to (-0.69396965 --> -0.64669766).  Saving model ...
                    --------------------------------------------------

                    Validate:  0.15384615384615383 
                     [216   6] 
                     [214  20] 
                     precision:  0.7692307692307693 recall:  0.08547008547008547
                    test:  0.11188811188811189 
                     [258   0] 
                     [254  16] 
                     precision:  1.0 recall:  0.05925925925925926
                    - Epoch: 8 - Train_loss: 0.61426 - Train_acc: 0.66840 -  - Val_loss: 0.87956 - Val_acc: 0.51866  - T_Time: 34.45285 LR：0.0005000000
                    EarlyStopping counter: 1 out of 25

                    Validate:  0.5985748218527316 
                     [161  61] 
                     [108 126] 
                     precision:  0.6737967914438503 recall:  0.5384615384615384
                    test:  0.5664488017429193 
                     [199  59] 
                     [140 130] 
                     precision:  0.6878306878306878 recall:  0.48148148148148145
                    - Epoch: 9 - Train_loss: 0.59380 - Train_acc: 0.68018 -  - Val_loss: 0.62589 - Val_acc: 0.62587  - T_Time: 34.62768 LR：0.0005000000
                    -- -- The best model for validate (F1= .  0.5985748218527316 ) -- --
                    --------------------------------------------------

                    Validation  score to (-0.64669766 --> -0.62589295).  Saving model ...
                    --------------------------------------------------

                    Validate:  0.6865671641791045 
                     [ 16 206] 
                     [  4 230] 
                     precision:  0.5275229357798165 recall:  0.9829059829059829
                    test:  0.6845466155810982 
                     [ 13 245] 
                     [  2 268] 
                     precision:  0.5224171539961013 recall:  0.9925925925925926
                    - Epoch: 10 - Train_loss: 0.57151 - Train_acc: 0.68958 -  - Val_loss: 1.39107 - Val_acc: 0.53364  - T_Time: 32.33260 LR：0.0005000000
                    -- -- The best model for validate (F1= .  0.6865671641791045 ) -- --
                    EarlyStopping counter: 1 out of 25

                    Validate:  0.49468085106382986 
                     [173  49] 
                     [141  93] 
                     precision:  0.6549295774647887 recall:  0.3974358974358974
                    test:  0.49047619047619045 
                     [211  47] 
                     [167 103] 
                     precision:  0.6866666666666666 recall:  0.3814814814814815
                    - Epoch: 11 - Train_loss: 0.64565 - Train_acc: 0.63465 -  - Val_loss: 1.02035 - Val_acc: 0.58333  - T_Time: 32.98030 LR：0.0005000000
                    EarlyStopping counter: 2 out of 25

                    Validate:  0.48219178082191777 
                     [179  43] 
                     [146  88] 
                     precision:  0.6717557251908397 recall:  0.37606837606837606
                    test:  0.5048076923076924 
                     [217  41] 
                     [165 105] 
                     precision:  0.7191780821917808 recall:  0.3888888888888889
                    - Epoch: 12 - Train_loss: 0.57693 - Train_acc: 0.70566 -  - Val_loss: 0.78308 - Val_acc: 0.58681  - T_Time: 31.90483 LR：0.0005000000
                    EarlyStopping counter: 3 out of 25

                    Validate:  0.6220302375809935 
                     [137  85] 
                     [ 90 144] 
                     precision:  0.62882096069869 recall:  0.6153846153846154
                    test:  0.6030534351145038 
                     [162  96] 
                     [112 158] 
                     precision:  0.6220472440944882 recall:  0.5851851851851851
                    - Epoch: 13 - Train_loss: 0.58261 - Train_acc: 0.68333 -  - Val_loss: 0.65275 - Val_acc: 0.62326  - T_Time: 33.06844 LR：0.0005000000
                    EarlyStopping counter: 4 out of 25

                    Validate:  0.4759206798866856 
                     [187  35] 
                     [150  84] 
                     precision:  0.7058823529411765 recall:  0.358974358974359
                    test:  0.4375 
                     [228  30] 
                     [186  84] 
                     precision:  0.7368421052631579 recall:  0.3111111111111111
                    - Epoch: 14 - Train_loss: 0.60405 - Train_acc: 0.69010 -  - Val_loss: 0.74807 - Val_acc: 0.59006  - T_Time: 32.40691 LR：0.0005000000
                    EarlyStopping counter: 5 out of 25

                    Validate:  0.126984126984127 
                     [220   2] 
                     [218  16] 
                     precision:  0.8888888888888888 recall:  0.06837606837606838
                    test:  0.11149825783972124 
                     [257   1] 
                     [254  16] 
                     precision:  0.9411764705882353 recall:  0.05925925925925926
                    - Epoch: 15 - Train_loss: 0.57489 - Train_acc: 0.70116 -  - Val_loss: 0.72885 - Val_acc: 0.52930  - T_Time: 30.91546 LR：0.0005000000
                    EarlyStopping counter: 6 out of 25

                    Validate:  0.49307479224376727 
                     [184  38] 
                     [145  89] 
                     precision:  0.7007874015748031 recall:  0.3803418803418803
                    test:  0.4761904761904762 
                     [224  34] 
                     [175  95] 
                     precision:  0.7364341085271318 recall:  0.35185185185185186
                    - Epoch: 16 - Train_loss: 0.56045 - Train_acc: 0.71212 -  - Val_loss: 0.65725 - Val_acc: 0.60004  - T_Time: 32.77017 LR：0.0005000000
                    EarlyStopping counter: 7 out of 25

                    Validate:  0.2304832713754647 
                     [218   4] 
                     [203  31] 
                     precision:  0.8857142857142857 recall:  0.13247863247863248
                    test:  0.1689189189189189 
                     [257   1] 
                     [245  25] 
                     precision:  0.9615384615384616 recall:  0.09259259259259259
                    - Epoch: 17 - Train_loss: 0.54051 - Train_acc: 0.72760 -  - Val_loss: 1.26143 - Val_acc: 0.54709  - T_Time: 34.41043 LR：0.0005000000
                    EarlyStopping counter: 8 out of 25

                    Validate:  0.39999999999999997 
                     [204  18] 
                     [171  63] 
                     precision:  0.7777777777777778 recall:  0.2692307692307692
                    test:  0.34757834757834755 
                     [238  20] 
                     [209  61] 
                     precision:  0.7530864197530864 recall:  0.22592592592592592
                    - Epoch: 18 - Train_loss: 0.55876 - Train_acc: 0.70885 -  - Val_loss: 0.70498 - Val_acc: 0.57921  - T_Time: 37.30047 LR：0.0005000000
                    EarlyStopping counter: 9 out of 25

                    Validate:  0.5735294117647058 
                     [165  57] 
                     [117 117] 
                     precision:  0.6724137931034483 recall:  0.5
                    test:  0.5739514348785872 
                     [205  53] 
                     [140 130] 
                     precision:  0.7103825136612022 recall:  0.48148148148148145
                    - Epoch: 19 - Train_loss: 0.55722 - Train_acc: 0.70781 -  - Val_loss: 0.71261 - Val_acc: 0.59939  - T_Time: 34.07229 LR：0.0005000000
                    EarlyStopping counter: 10 out of 25

                    Validate:  0.38977635782747605 
                     [204  18] 
                     [173  61] 
                     precision:  0.7721518987341772 recall:  0.2606837606837607
                    test:  0.3806818181818182 
                     [243  15] 
                     [203  67] 
                     precision:  0.8170731707317073 recall:  0.24814814814814815
                    - Epoch: 20 - Train_loss: 0.55289 - Train_acc: 0.72204 -  - Val_loss: 0.96434 - Val_acc: 0.58290  - T_Time: 32.17371 LR：0.0005000000
                    EarlyStopping counter: 11 out of 25

                    Validate:  0.6279069767441862 
                     [161  61] 
                     [ 99 135] 
                     precision:  0.6887755102040817 recall:  0.5769230769230769
                    test:  0.6144067796610171 
                     [201  57] 
                     [125 145] 
                     precision:  0.7178217821782178 recall:  0.5370370370370371
                    - Epoch: 21 - Train_loss: 0.55264 - Train_acc: 0.72014 -  - Val_loss: 0.68863 - Val_acc: 0.64648  - T_Time: 34.68768 LR：0.0000500000
                    EarlyStopping counter: 12 out of 25

                    Validate:  0.6840958605664488 
                     [154  68] 
                     [ 77 157] 
                     precision:  0.6977777777777778 recall:  0.6709401709401709
                    test:  0.6577946768060836 
                     [175  83] 
                     [ 97 173] 
                     precision:  0.67578125 recall:  0.6407407407407407
                    - Epoch: 22 - Train_loss: 0.51387 - Train_acc: 0.74338 -  - Val_loss: 0.61442 - Val_acc: 0.68338  - T_Time: 32.40526 LR：0.0000500000
                    --------------------------------------------------

                    Validation  score to (-0.62589295 --> -0.61441691).  Saving model ...
                    --------------------------------------------------

                    Validate:  0.6874999999999999 
                     [162  60] 
                     [ 80 154] 
                     precision:  0.719626168224299 recall:  0.6581196581196581
                    test:  0.6483300589390962 
                     [184  74] 
                     [105 165] 
                     precision:  0.6903765690376569 recall:  0.6111111111111112
                    - Epoch: 23 - Train_loss: 0.50561 - Train_acc: 0.75994 -  - Val_loss: 0.59162 - Val_acc: 0.69010  - T_Time: 29.57979 LR：0.0000500000
                    -- -- The best model for validate (F1= .  0.6874999999999999 ) -- --
                    --------------------------------------------------

                    Validation  score to (-0.61441691 --> -0.59162362).  Saving model ...
                    --------------------------------------------------

                    Validate:  0.7130434782608696 
                     [160  62] 
                     [ 70 164] 
                     precision:  0.7256637168141593 recall:  0.7008547008547008
                    test:  0.6756238003838773 
                     [183  75] 
                     [ 94 176] 
                     precision:  0.701195219123506 recall:  0.6518518518518519
                    - Epoch: 24 - Train_loss: 0.49371 - Train_acc: 0.75398 -  - Val_loss: 0.59897 - Val_acc: 0.70117  - T_Time: 29.94088 LR：0.0000500000
                    -- -- The best model for validate (F1= .  0.7130434782608696 ) -- --
                    EarlyStopping counter: 1 out of 25

                    Validate:  0.6819221967963386 
                     [168  54] 
                     [ 85 149] 
                     precision:  0.7339901477832512 recall:  0.6367521367521367
                    test:  0.6460905349794239 
                     [199  59] 
                     [113 157] 
                     precision:  0.7268518518518519 recall:  0.5814814814814815
                    - Epoch: 25 - Train_loss: 0.46850 - Train_acc: 0.78021 -  - Val_loss: 0.62643 - Val_acc: 0.68750  - T_Time: 33.13765 LR：0.0000500000
                    EarlyStopping counter: 2 out of 25

                    Validate:  0.6634146341463416 
                     [182  40] 
                     [ 98 136] 
                     precision:  0.7727272727272727 recall:  0.5811965811965812
                    test:  0.6056644880174292 
                     [208  50] 
                     [131 139] 
                     precision:  0.7354497354497355 recall:  0.5148148148148148
                    - Epoch: 26 - Train_loss: 0.47988 - Train_acc: 0.75731 -  - Val_loss: 0.64974 - Val_acc: 0.69705  - T_Time: 30.36740 LR：0.0000500000
                    EarlyStopping counter: 3 out of 25

                    Validate:  0.7108433734939757 
                     [135  87] 
                     [ 57 177] 
                     precision:  0.6704545454545454 recall:  0.7564102564102564
                    test:  0.6784452296819788 
                     [154 104] 
                     [ 78 192] 
                     precision:  0.6486486486486487 recall:  0.7111111111111111
                    - Epoch: 27 - Train_loss: 0.47577 - Train_acc: 0.78229 -  - Val_loss: 0.61110 - Val_acc: 0.67622  - T_Time: 33.93460 LR：0.0000500000
                    EarlyStopping counter: 4 out of 25

                    Validate:  0.6821345707656613 
                     [172  50] 
                     [ 87 147] 
                     precision:  0.7461928934010152 recall:  0.6282051282051282
                    test:  0.6352459016393442 
                     [195  63] 
                     [115 155] 
                     precision:  0.7110091743119266 recall:  0.5740740740740741
                    - Epoch: 28 - Train_loss: 0.45426 - Train_acc: 0.79364 -  - Val_loss: 0.69018 - Val_acc: 0.69596  - T_Time: 31.21103 LR：0.0000500000
                    EarlyStopping counter: 5 out of 25

                    Validate:  0.7103594080338266 
                     [151  71] 
                     [ 66 168] 
                     precision:  0.702928870292887 recall:  0.717948717948718
                    test:  0.6580406654343808 
                     [165  93] 
                     [ 92 178] 
                     precision:  0.6568265682656826 recall:  0.6592592592592592
                    - Epoch: 29 - Train_loss: 0.48301 - Train_acc: 0.76773 -  - Val_loss: 0.66094 - Val_acc: 0.69444  - T_Time: 33.39894 LR：0.0000500000
                    EarlyStopping counter: 6 out of 25

                    Validate:  0.7329434697855752 
                     [131  91] 
                     [ 46 188] 
                     precision:  0.6738351254480287 recall:  0.8034188034188035
                    test:  0.7419898819561551 
                     [155 103] 
                     [ 50 220] 
                     precision:  0.6811145510835913 recall:  0.8148148148148148
                    - Epoch: 30 - Train_loss: 0.43717 - Train_acc: 0.79681 -  - Val_loss: 0.64597 - Val_acc: 0.70356  - T_Time: 31.87864 LR：0.0000500000
                    -- -- The best model for validate (F1= .  0.7329434697855752 ) -- --
                    EarlyStopping counter: 7 out of 25

                    Validate:  0.7327102803738318 
                     [117 105] 
                     [ 38 196] 
                     precision:  0.6511627906976745 recall:  0.8376068376068376
                    test:  0.7228525121555915 
                     [134 124] 
                     [ 47 223] 
                     precision:  0.6426512968299711 recall:  0.825925925925926
                    - Epoch: 31 - Train_loss: 0.46353 - Train_acc: 0.77789 -  - Val_loss: 0.65481 - Val_acc: 0.69184  - T_Time: 33.57266 LR：0.0000500000
                    EarlyStopping counter: 8 out of 25

                    Validate:  0.7261904761904762 
                     [135  87] 
                     [ 51 183] 
                     precision:  0.6777777777777778 recall:  0.782051282051282
                    test:  0.6947368421052631 
                     [156 102] 
                     [ 72 198] 
                     precision:  0.66 recall:  0.7333333333333333
                    - Epoch: 32 - Train_loss: 0.44696 - Train_acc: 0.79277 -  - Val_loss: 0.62634 - Val_acc: 0.69857  - T_Time: 30.17452 LR：0.0000500000
                    EarlyStopping counter: 9 out of 25

                    Validate:  0.7400722021660651 
                     [107 115] 
                     [ 29 205] 
                     precision:  0.640625 recall:  0.8760683760683761
                    test:  0.7111111111111111 
                     [122 136] 
                     [ 46 224] 
                     precision:  0.6222222222222222 recall:  0.8296296296296296
                    - Epoch: 33 - Train_loss: 0.44209 - Train_acc: 0.80065 -  - Val_loss: 0.65755 - Val_acc: 0.68533  - T_Time: 30.78090 LR：0.0000500000
                    -- -- The best model for validate (F1= .  0.7400722021660651 ) -- --
                    EarlyStopping counter: 10 out of 25

                    Validate:  0.7370441458733206 
                     [127  95] 
                     [ 42 192] 
                     precision:  0.6689895470383276 recall:  0.8205128205128205
                    test:  0.7305785123966942 
                     [144 114] 
                     [ 49 221] 
                     precision:  0.6597014925373135 recall:  0.8185185185185185
                    - Epoch: 34 - Train_loss: 0.39825 - Train_acc: 0.82205 -  - Val_loss: 0.66742 - Val_acc: 0.70204  - T_Time: 29.64066 LR：0.0000500000
                    EarlyStopping counter: 11 out of 25

                    Validate:  0.7368421052631577 
                     [156  66] 
                     [ 59 175] 
                     precision:  0.7261410788381742 recall:  0.7478632478632479
                    test:  0.7266055045871559 
                     [181  77] 
                     [ 72 198] 
                     precision:  0.72 recall:  0.7333333333333333
                    - Epoch: 35 - Train_loss: 0.38502 - Train_acc: 0.82474 -  - Val_loss: 0.63710 - Val_acc: 0.72396  - T_Time: 29.25119 LR：0.0000050000
                    EarlyStopping counter: 12 out of 25

                    Validate:  0.7317073170731708 
                     [144  78] 
                     [ 54 180] 
                     precision:  0.6976744186046512 recall:  0.7692307692307693
                    test:  0.7001795332136445 
                     [166  92] 
                     [ 75 195] 
                     precision:  0.6794425087108014 recall:  0.7222222222222222
                    - Epoch: 36 - Train_loss: 0.39503 - Train_acc: 0.82280 -  - Val_loss: 0.65197 - Val_acc: 0.70877  - T_Time: 30.93294 LR：0.0000050000
                    EarlyStopping counter: 13 out of 25

                    Validate:  0.7319148936170214 
                     [158  64] 
                     [ 62 172] 
                     precision:  0.7288135593220338 recall:  0.7350427350427351
                    test:  0.7279411764705882 
                     [182  76] 
                     [ 72 198] 
                     precision:  0.7226277372262774 recall:  0.7333333333333333
                    - Epoch: 37 - Train_loss: 0.37862 - Train_acc: 0.83479 -  - Val_loss: 0.67229 - Val_acc: 0.72049  - T_Time: 31.79348 LR：0.0000050000
                    EarlyStopping counter: 14 out of 25

                    Validate:  0.7408829174664108 
                     [128  94] 
                     [ 41 193] 
                     precision:  0.6724738675958188 recall:  0.8247863247863247
                    test:  0.7090301003344481 
                     [142 116] 
                     [ 58 212] 
                     precision:  0.6463414634146342 recall:  0.7851851851851852
                    - Epoch: 38 - Train_loss: 0.41280 - Train_acc: 0.81427 -  - Val_loss: 0.69648 - Val_acc: 0.69835  - T_Time: 34.40757 LR：0.0000050000
                    -- -- The best model for validate (F1= .  0.7408829174664108 ) -- --
                    EarlyStopping counter: 15 out of 25

                    Validate:  0.7465618860510805 
                     [137  85] 
                     [ 44 190] 
                     precision:  0.6909090909090909 recall:  0.811965811965812
                    test:  0.7278911564625851 
                     [154 104] 
                     [ 56 214] 
                     precision:  0.6729559748427673 recall:  0.7925925925925926
                    - Epoch: 39 - Train_loss: 0.36343 - Train_acc: 0.84087 -  - Val_loss: 0.67446 - Val_acc: 0.72982  - T_Time: 29.74297 LR：0.0000050000
                    -- -- The best model for validate (F1= .  0.7465618860510805 ) -- --
                    EarlyStopping counter: 16 out of 25

                    Validate:  0.7429643527204502 
                     [121 101] 
                     [ 36 198] 
                     precision:  0.6622073578595318 recall:  0.8461538461538461
                    test:  0.7003257328990228 
                     [129 129] 
                     [ 55 215] 
                     precision:  0.625 recall:  0.7962962962962963
                    - Epoch: 40 - Train_loss: 0.41678 - Train_acc: 0.81165 -  - Val_loss: 0.68175 - Val_acc: 0.70204  - T_Time: 32.37770 LR：0.0000050000
                    EarlyStopping counter: 17 out of 25

                    Validate:  0.7321772639691714 
                     [127  95] 
                     [ 44 190] 
                     precision:  0.6666666666666666 recall:  0.811965811965812
                    test:  0.7100000000000001 
                     [141 117] 
                     [ 57 213] 
                     precision:  0.6454545454545455 recall:  0.7888888888888889
                    - Epoch: 41 - Train_loss: 0.36596 - Train_acc: 0.84327 -  - Val_loss: 0.69198 - Val_acc: 0.69661  - T_Time: 30.11186 LR：0.0000050000
                    EarlyStopping counter: 18 out of 25

                    Validate:  0.7535641547861507 
                     [150  72] 
                     [ 49 185] 
                     precision:  0.7198443579766537 recall:  0.7905982905982906
                    test:  0.7424511545293072 
                     [174  84] 
                     [ 61 209] 
                     precision:  0.7133105802047781 recall:  0.774074074074074
                    - Epoch: 42 - Train_loss: 0.36082 - Train_acc: 0.84464 -  - Val_loss: 0.67577 - Val_acc: 0.73633  - T_Time: 29.73764 LR：0.0000050000
                    -- -- The best model for validate (F1= .  0.7535641547861507 ) -- --
                    EarlyStopping counter: 19 out of 25

                    Validate:  0.7343750000000001 
                     [132  90] 
                     [ 46 188] 
                     precision:  0.6762589928057554 recall:  0.8034188034188035
                    test:  0.7355932203389831 
                     [155 103] 
                     [ 53 217] 
                     precision:  0.678125 recall:  0.8037037037037037
                    - Epoch: 43 - Train_loss: 0.42102 - Train_acc: 0.79358 -  - Val_loss: 0.69011 - Val_acc: 0.70551  - T_Time: 32.63815 LR：0.0000050000
                    EarlyStopping counter: 20 out of 25

                    Validate:  0.7173913043478259 
                     [102 120] 
                     [ 36 198] 
                     precision:  0.6226415094339622 recall:  0.8461538461538461
                    test:  0.716323296354992 
                     [123 135] 
                     [ 44 226] 
                     precision:  0.6260387811634349 recall:  0.837037037037037
                    - Epoch: 44 - Train_loss: 0.50657 - Train_acc: 0.76156 -  - Val_loss: 0.73106 - Val_acc: 0.64518  - T_Time: 36.12961 LR：0.0000050000
                    EarlyStopping counter: 21 out of 25

                    Validate:  0.7323420074349444 
                     [115 107] 
                     [ 37 197] 
                     precision:  0.6480263157894737 recall:  0.8418803418803419
                    test:  0.7003257328990228 
                     [129 129] 
                     [ 55 215] 
                     precision:  0.625 recall:  0.7962962962962963
                    - Epoch: 45 - Train_loss: 0.40210 - Train_acc: 0.80833 -  - Val_loss: 0.66634 - Val_acc: 0.68077  - T_Time: 35.79722 LR：0.0000050000
                    EarlyStopping counter: 22 out of 25

                    Validate:  0.7356321839080459 
                     [126  96] 
                     [ 42 192] 
                     precision:  0.6666666666666666 recall:  0.8205128205128205
                    test:  0.7005076142131978 
                     [144 114] 
                     [ 63 207] 
                     precision:  0.6448598130841121 recall:  0.7666666666666667
                    - Epoch: 46 - Train_loss: 0.39298 - Train_acc: 0.82277 -  - Val_loss: 0.66863 - Val_acc: 0.70009  - T_Time: 31.24801 LR：0.0000005000
                    EarlyStopping counter: 23 out of 25

                    Validate:  0.7354596622889306 
                     [119 103] 
                     [ 38 196] 
                     precision:  0.6555183946488294 recall:  0.8376068376068376
                    test:  0.7287581699346405 
                     [139 119] 
                     [ 47 223] 
                     precision:  0.652046783625731 recall:  0.825925925925926
                    - Epoch: 47 - Train_loss: 0.35729 - Train_acc: 0.84936 -  - Val_loss: 0.70677 - Val_acc: 0.68815  - T_Time: 31.74508 LR：0.0000005000
                    EarlyStopping counter: 24 out of 25

                    Validate:  0.744721689059501 
                     [129  93] 
                     [ 40 194] 
                     precision:  0.6759581881533101 recall:  0.8290598290598291
                    test:  0.7178631051752922 
                     [144 114] 
                     [ 55 215] 
                     precision:  0.6534954407294833 recall:  0.7962962962962963
                    - Epoch: 48 - Train_loss: 0.40096 - Train_acc: 0.82632 -  - Val_loss: 0.70731 - Val_acc: 0.70530  - T_Time: 31.42211 LR：0.0000005000
                    EarlyStopping counter: 25 out of 25

                    Early stopping...
          validate:  0.6874999999999999 
           [162  60] 
           [ 80 154]
          test:  0.6483300589390962 
           [184  74] 
           [105 165]
          ==================================================
          ==================================================
          train_loss 0.5062405467033386           train_acc 0.742329223356009 
          validate_loss 0.5822937339544296           validate_acc 0.7007378472222222 
          test_loss 0.5798618137836457           test_acc 0.665625 
          test_precision 0.6903765690376569 
          test_recall 0.6111111111111112
          ==================================================
          ==================================================
          Fold 0 Training Finished
          Fold 1 of 5 :
                    Validate:  0.6561014263074485 
                     [  0 217] 
                     [  0 207] 
                     precision:  0.4882075471698113 recall:  1.0
                    test:  0.6766917293233083 
                     [  0 258] 
                     [  0 270] 
                     precision:  0.5113636363636364 recall:  1.0
                    - Epoch: 1 - Train_loss: 0.69140 - Train_acc: 0.55189 -  - Val_loss: 0.69314 - Val_acc: 0.50313  - T_Time: 35.56642 LR：0.0005000000
                    -- -- The best model for validate (F1= .  0.6561014263074485 ) -- --
                    --------------------------------------------------

                    Validation  score to (inf --> -0.69313604).  Saving model ...
                    --------------------------------------------------

                    Validate:  0.0 
                     [217   0] 
                     [207   0] 
                     precision:  0.0 recall:  0.0
                    test:  0.0 
                     [258   0] 
                     [270   0] 
                     precision:  0.0 recall:  0.0
                    - Epoch: 2 - Train_loss: 0.65653 - Train_acc: 0.61972 -  - Val_loss: 0.70867 - Val_acc: 0.50117  - T_Time: 31.72141 LR：0.0005000000
                    EarlyStopping counter: 1 out of 25

/opt/conda/lib/python3.7/site-packages/sklearn/metrics/_classification.py:1318: UndefinedMetricWarning: Precision is ill-defined and being set to 0.0 due to no predicted samples. Use `zero_division` parameter to control this behavior.
  _warn_prf(average, modifier, msg_start, len(result))
/opt/conda/lib/python3.7/site-packages/sklearn/metrics/_classification.py:1318: UndefinedMetricWarning: Precision is ill-defined and being set to 0.0 due to no predicted samples. Use `zero_division` parameter to control this behavior.
  _warn_prf(average, modifier, msg_start, len(result))
                    Validate:  0.0 
                     [217   0] 
                     [207   0] 
                     precision:  0.0 recall:  0.0
                    test:  0.0 
                     [258   0] 
                     [270   0] 
                     precision:  0.0 recall:  0.0
                    - Epoch: 3 - Train_loss: 0.62212 - Train_acc: 0.66473 -  - Val_loss: 0.79388 - Val_acc: 0.50977  - T_Time: 33.08593 LR：0.0005000000
                    EarlyStopping counter: 2 out of 25

/opt/conda/lib/python3.7/site-packages/sklearn/metrics/_classification.py:1318: UndefinedMetricWarning: Precision is ill-defined and being set to 0.0 due to no predicted samples. Use `zero_division` parameter to control this behavior.
  _warn_prf(average, modifier, msg_start, len(result))
/opt/conda/lib/python3.7/site-packages/sklearn/metrics/_classification.py:1318: UndefinedMetricWarning: Precision is ill-defined and being set to 0.0 due to no predicted samples. Use `zero_division` parameter to control this behavior.
  _warn_prf(average, modifier, msg_start, len(result))
                    Validate:  0.02857142857142857 
                     [217   0] 
                     [204   3] 
                     precision:  1.0 recall:  0.014492753623188406
                    test:  0.029197080291970802 
                     [258   0] 
                     [266   4] 
                     precision:  1.0 recall:  0.014814814814814815
                    - Epoch: 4 - Train_loss: 0.59158 - Train_acc: 0.68455 -  - Val_loss: 1.45212 - Val_acc: 0.53281  - T_Time: 34.69646 LR：0.0005000000
                    EarlyStopping counter: 3 out of 25

                    Validate:  0.5950413223140496 
                     [169  48] 
                     [ 99 108] 
                     precision:  0.6923076923076923 recall:  0.5217391304347826
                    test:  0.5387931034482759 
                     [189  69] 
                     [145 125] 
                     precision:  0.6443298969072165 recall:  0.46296296296296297
                    - Epoch: 5 - Train_loss: 0.60176 - Train_acc: 0.69658 -  - Val_loss: 0.67063 - Val_acc: 0.64844  - T_Time: 33.69033 LR：0.0005000000
                    --------------------------------------------------

                    Validation  score to (-0.69313604 --> -0.67062859).  Saving model ...
                    --------------------------------------------------

                    Validate:  0.6581632653061223 
                     [161  56] 
                     [ 78 129] 
                     precision:  0.6972972972972973 recall:  0.6231884057971014
                    test:  0.6531365313653137 
                     [163  95] 
                     [ 93 177] 
                     precision:  0.6507352941176471 recall:  0.6555555555555556
                    - Epoch: 6 - Train_loss: 0.57533 - Train_acc: 0.69352 -  - Val_loss: 0.60749 - Val_acc: 0.71250  - T_Time: 32.69504 LR：0.0005000000
                    -- -- The best model for validate (F1= .  0.6581632653061223 ) -- --
                    --------------------------------------------------

                    Validation  score to (-0.67062859 --> -0.60749301).  Saving model ...
                    --------------------------------------------------

                    Validate:  0.477815699658703 
                     [201  16] 
                     [137  70] 
                     precision:  0.813953488372093 recall:  0.33816425120772947
                    test:  0.40437158469945356 
                     [236  22] 
                     [196  74] 
                     precision:  0.7708333333333334 recall:  0.2740740740740741
                    - Epoch: 7 - Train_loss: 0.57705 - Train_acc: 0.71751 -  - Val_loss: 0.66912 - Val_acc: 0.63242  - T_Time: 34.05745 LR：0.0005000000
                    EarlyStopping counter: 1 out of 25

                    Validate:  0.611260053619303 
                     [165  52] 
                     [ 93 114] 
                     precision:  0.6867469879518072 recall:  0.5507246376811594
                    test:  0.6332665330661323 
                     [187  71] 
                     [112 158] 
                     precision:  0.6899563318777293 recall:  0.5851851851851851
                    - Epoch: 8 - Train_loss: 0.58398 - Train_acc: 0.70979 -  - Val_loss: 0.62020 - Val_acc: 0.65664  - T_Time: 30.66699 LR：0.0005000000
                    EarlyStopping counter: 2 out of 25

                    Validate:  0.5361445783132531 
                     [181  36] 
                     [118  89] 
                     precision:  0.712 recall:  0.42995169082125606
                    test:  0.5219399538106235 
                     [208  50] 
                     [157 113] 
                     precision:  0.6932515337423313 recall:  0.4185185185185185
                    - Epoch: 9 - Train_loss: 0.57371 - Train_acc: 0.70628 -  - Val_loss: 0.83778 - Val_acc: 0.62187  - T_Time: 32.18532 LR：0.0005000000
                    EarlyStopping counter: 3 out of 25

                    Validate:  0.5382059800664452 
                     [204  13] 
                     [126  81] 
                     precision:  0.8617021276595744 recall:  0.391304347826087
                    test:  0.4343434343434343 
                     [218  40] 
                     [184  86] 
                     precision:  0.6825396825396826 recall:  0.31851851851851853
                    - Epoch: 10 - Train_loss: 0.55376 - Train_acc: 0.72246 -  - Val_loss: 0.64393 - Val_acc: 0.68984  - T_Time: 31.20889 LR：0.0005000000
                    EarlyStopping counter: 4 out of 25

                    Validate:  0.6782608695652174 
                     [ 44 173] 
                     [ 12 195] 
                     precision:  0.529891304347826 recall:  0.9420289855072463
                    test:  0.6884353741496598 
                     [ 46 212] 
                     [ 17 253] 
                     precision:  0.5440860215053763 recall:  0.937037037037037
                    - Epoch: 11 - Train_loss: 0.53922 - Train_acc: 0.73869 -  - Val_loss: 0.99722 - Val_acc: 0.56133  - T_Time: 28.70071 LR：0.0005000000
                    -- -- The best model for validate (F1= .  0.6782608695652174 ) -- --
                    EarlyStopping counter: 5 out of 25

                    Validate:  0.6240409207161124 
                     [155  62] 
                     [ 85 122] 
                     precision:  0.6630434782608695 recall:  0.5893719806763285
                    test:  0.6478873239436619 
                     [192  66] 
                     [109 161] 
                     precision:  0.7092511013215859 recall:  0.5962962962962963
                    - Epoch: 12 - Train_loss: 0.54152 - Train_acc: 0.72895 -  - Val_loss: 0.61804 - Val_acc: 0.65273  - T_Time: 32.49991 LR：0.0005000000
                    EarlyStopping counter: 6 out of 25

                    Validate:  0.6597402597402597 
                     [166  51] 
                     [ 80 127] 
                     precision:  0.7134831460674157 recall:  0.6135265700483091
                    test:  0.6456692913385826 
                     [184  74] 
                     [106 164] 
                     precision:  0.6890756302521008 recall:  0.6074074074074074
                    - Epoch: 13 - Train_loss: 0.53864 - Train_acc: 0.72629 -  - Val_loss: 0.59844 - Val_acc: 0.71406  - T_Time: 30.94739 LR：0.0005000000
                    --------------------------------------------------

                    Validation  score to (-0.60749301 --> -0.59843995).  Saving model ...
                    --------------------------------------------------

                    Validate:  0.6914062499999999 
                     [ 89 128] 
                     [ 30 177] 
                     precision:  0.580327868852459 recall:  0.855072463768116
                    test:  0.6726998491704375 
                     [ 88 170] 
                     [ 47 223] 
                     precision:  0.5674300254452926 recall:  0.825925925925926
                    - Epoch: 14 - Train_loss: 0.50121 - Train_acc: 0.76512 -  - Val_loss: 1.05777 - Val_acc: 0.63984  - T_Time: 29.11399 LR：0.0005000000
                    -- -- The best model for validate (F1= .  0.6914062499999999 ) -- --
                    EarlyStopping counter: 1 out of 25

                    Validate:  0.6569767441860466 
                     [193  24] 
                     [ 94 113] 
                     precision:  0.8248175182481752 recall:  0.5458937198067633
                    test:  0.6067415730337079 
                     [218  40] 
                     [135 135] 
                     precision:  0.7714285714285715 recall:  0.5
                    - Epoch: 15 - Train_loss: 0.52079 - Train_acc: 0.75094 -  - Val_loss: 0.58944 - Val_acc: 0.70508  - T_Time: 31.31590 LR：0.0005000000
                    --------------------------------------------------

                    Validation  score to (-0.59843995 --> -0.58943833).  Saving model ...
                    --------------------------------------------------

                    Validate:  0.6961770623742456 
                     [100 117] 
                     [ 34 173] 
                     precision:  0.596551724137931 recall:  0.8357487922705314
                    test:  0.7297297297297297 
                     [105 153] 
                     [ 27 243] 
                     precision:  0.6136363636363636 recall:  0.9
                    - Epoch: 16 - Train_loss: 0.46295 - Train_acc: 0.79240 -  - Val_loss: 0.74864 - Val_acc: 0.65352  - T_Time: 29.91488 LR：0.0005000000
                    -- -- The best model for validate (F1= .  0.6961770623742456 ) -- --
                    EarlyStopping counter: 1 out of 25

                    Validate:  0.39259259259259266 
                     [207  10] 
                     [154  53] 
                     precision:  0.8412698412698413 recall:  0.2560386473429952
                    test:  0.37883008356545955 
                     [237  21] 
                     [202  68] 
                     precision:  0.7640449438202247 recall:  0.2518518518518518
                    - Epoch: 17 - Train_loss: 0.51826 - Train_acc: 0.74878 -  - Val_loss: 0.77446 - Val_acc: 0.63672  - T_Time: 32.02193 LR：0.0005000000
                    EarlyStopping counter: 2 out of 25

                    Validate:  0.6193181818181818 
                     [181  36] 
                     [ 98 109] 
                     precision:  0.7517241379310344 recall:  0.5265700483091788
                    test:  0.6079295154185022 
                     [212  46] 
                     [132 138] 
                     precision:  0.75 recall:  0.5111111111111111
                    - Epoch: 18 - Train_loss: 0.41452 - Train_acc: 0.81657 -  - Val_loss: 0.68126 - Val_acc: 0.68242  - T_Time: 28.46405 LR：0.0005000000
                    EarlyStopping counter: 3 out of 25

                    Validate:  0.6375 
                     [206  11] 
                     [105 102] 
                     precision:  0.9026548672566371 recall:  0.4927536231884058
                    test:  0.6313253012048192 
                     [244  14] 
                     [139 131] 
                     precision:  0.903448275862069 recall:  0.48518518518518516
                    - Epoch: 19 - Train_loss: 0.42824 - Train_acc: 0.80810 -  - Val_loss: 0.55077 - Val_acc: 0.73906  - T_Time: 29.56704 LR：0.0005000000
                    --------------------------------------------------

                    Validation  score to (-0.58943833 --> -0.55077375).  Saving model ...
                    --------------------------------------------------

                    Validate:  0.4191176470588236 
                     [209   8] 
                     [150  57] 
                     precision:  0.8769230769230769 recall:  0.2753623188405797
                    test:  0.4101123595505618 
                     [245  13] 
                     [197  73] 
                     precision:  0.8488372093023255 recall:  0.27037037037037037
                    - Epoch: 20 - Train_loss: 0.45611 - Train_acc: 0.79910 -  - Val_loss: 0.64663 - Val_acc: 0.61836  - T_Time: 30.74998 LR：0.0005000000
                    EarlyStopping counter: 1 out of 25

                    Validate:  0.645367412140575 
                     [212   5] 
                     [106 101] 
                     precision:  0.9528301886792453 recall:  0.48792270531400966
                    test:  0.5758354755784062 
                     [251   7] 
                     [158 112] 
                     precision:  0.9411764705882353 recall:  0.4148148148148148
                    - Epoch: 21 - Train_loss: 0.43241 - Train_acc: 0.81480 -  - Val_loss: 0.55663 - Val_acc: 0.73164  - T_Time: 30.30046 LR：0.0005000000
                    EarlyStopping counter: 2 out of 25

                    Validate:  0.5316455696202532 
                     [192  25] 
                     [123  84] 
                     precision:  0.7706422018348624 recall:  0.4057971014492754
                    test:  0.5437352245862883 
                     [220  38] 
                     [155 115] 
                     precision:  0.7516339869281046 recall:  0.42592592592592593
                    - Epoch: 22 - Train_loss: 0.48492 - Train_acc: 0.77156 -  - Val_loss: 0.66680 - Val_acc: 0.65938  - T_Time: 32.59770 LR：0.0005000000
                    EarlyStopping counter: 3 out of 25

