nohup: ignoring input
cuda:0
########################################
# correct at frist, no set ramdom seed each fold   
########################################

              HTN             NHTN        
   nums      14142           33467        


            orginal   filtered department 
   nums      47609           25468        
              HTN             NHTN        
   nums      14142           11326        


            orginal    remove diagnose起搏  
   nums      25468           25063        
              HTN             NHTN        
   nums      13765           11298        
           remove HTN     remove NHTN     
   nums       377              28         


            orginal    remove diagnose除颤  
   nums      25063           25063        
              HTN             NHTN        
   nums      13765           11298        
           remove HTN     remove NHTN     
   nums        0               0          


            orginal    remove diagnose电解质 
   nums      25063           24099        
              HTN             NHTN        
   nums      12943           11156        
           remove HTN     remove NHTN     
   nums       822             142         


            orginal    remove diagnose钙血  
   nums      24099           23966        
              HTN             NHTN        
   nums      12856           11110        
           remove HTN     remove NHTN     
   nums        87              46         


            orginal    remove diagnose钾血  
   nums      23966           22987        
              HTN             NHTN        
   nums      12004           10983        
           remove HTN     remove NHTN     
   nums       852             127         


            orginal    remove diagnose镁血  
   nums      22987           22980        
              HTN             NHTN        
   nums      11997           10983        
           remove HTN     remove NHTN     
   nums        7               0          


 L2 =  0.01

Batchsize =  128
          Fold 0 of 5 :
                    Validate:  0.7710091596336145 
                     [558 471] 
                     [150 948] 
                     precision:  0.6680761099365751 recall:  0.8633879781420765 AUC 0.7920665013338148
                    - Epoch: 1 - Train_loss: 0.58942 - Train_acc: 0.69243 -  - Val_loss: 0.59022 - Val_acc: 0.70891  - T_Time: 187.66398 LR：0.0001000000
                    -- -- The best model for validate (F1= .  0.7710091596336145 ) -- --
                    --------------------------------------------------

                    Validation  score to (inf --> -0.59022122).  Saving model ...
                    --------------------------------------------------

                    Validate:  0.6718216741133992 
                     [852 177] 
                     [430 668] 
                     precision:  0.7905325443786982 recall:  0.6083788706739527 AUC 0.8060348261084294
                    - Epoch: 2 - Train_loss: 0.55181 - Train_acc: 0.72183 -  - Val_loss: 0.57248 - Val_acc: 0.71535  - T_Time: 183.34447 LR：0.0001000000
                    --------------------------------------------------

                    Validation  score to (-0.59022122 --> -0.57248060).  Saving model ...
                    --------------------------------------------------

                    Validate:  0.45069691281600704 
                     [977  52] 
                     [728 370] 
                     precision:  0.8767772511848341 recall:  0.33697632058287796 AUC 0.832210167439341
                    - Epoch: 3 - Train_loss: 0.53697 - Train_acc: 0.73166 -  - Val_loss: 0.83082 - Val_acc: 0.63641  - T_Time: 182.39975 LR：0.0001000000
                    EarlyStopping counter: 1 out of 10

                    Validate:  0.7753346354914689 
                     [710 319] 
                     [213 885] 
                     precision:  0.7350498338870431 recall:  0.8060109289617486 AUC 0.8446167694243973
                    - Epoch: 4 - Train_loss: 0.49729 - Train_acc: 0.75679 -  - Val_loss: 0.55174 - Val_acc: 0.74839  - T_Time: 181.45765 LR：0.0001000000
                    -- -- The best model for validate (F1= .  0.7753346354914689 ) -- --
                    --------------------------------------------------

                    Validation  score to (-0.57248060 --> -0.55174332).  Saving model ...
                    --------------------------------------------------

                    Validate:  0.7334202741817487 
                     [851 178] 
                     [342 756] 
                     precision:  0.8094218415417559 recall:  0.6885245901639344 AUC 0.8433639393826747
                    - Epoch: 5 - Train_loss: 0.47749 - Train_acc: 0.76430 -  - Val_loss: 0.54462 - Val_acc: 0.75533  - T_Time: 183.18747 LR：0.0001000000
                    --------------------------------------------------

                    Validation  score to (-0.55174332 --> -0.54462255).  Saving model ...
                    --------------------------------------------------

                    Validate:  0.6412756844769305 
                     [944  85] 
                     [504 594] 
                     precision:  0.8748159057437408 recall:  0.5409836065573771 AUC 0.8534874787802187
                    - Epoch: 6 - Train_loss: 0.46094 - Train_acc: 0.77378 -  - Val_loss: 0.62265 - Val_acc: 0.72333  - T_Time: 181.65172 LR：0.0001000000
                    EarlyStopping counter: 1 out of 10

                    Validate:  0.729674597734913 
                     [892 137] 
                     [365 733] 
                     precision:  0.8425287356321839 recall:  0.6675774134790529 AUC 0.859413971157029
                    - Epoch: 7 - Train_loss: 0.45982 - Train_acc: 0.77213 -  - Val_loss: 0.51261 - Val_acc: 0.76474  - T_Time: 183.86520 LR：0.0001000000
                    --------------------------------------------------

                    Validation  score to (-0.54462255 --> -0.51261394).  Saving model ...
                    --------------------------------------------------

                    Validate:  0.7922647012341422 
                     [730 299] 
                     [194 904] 
                     precision:  0.7514546965918537 recall:  0.8233151183970856 AUC 0.8520638283937044
                    - Epoch: 8 - Train_loss: 0.45435 - Train_acc: 0.77273 -  - Val_loss: 0.49397 - Val_acc: 0.76802  - T_Time: 183.24070 LR：0.0001000000
                    -- -- The best model for validate (F1= .  0.7922647012341422 ) -- --
                    --------------------------------------------------

                    Validation  score to (-0.51261394 --> -0.49397170).  Saving model ...
                    --------------------------------------------------

                    Validate:  0.8023948081203572 
                     [608 421] 
                     [117 981] 
                     precision:  0.6997146932952925 recall:  0.8934426229508197 AUC 0.8509384498009456
                    - Epoch: 9 - Train_loss: 0.44575 - Train_acc: 0.77691 -  - Val_loss: 0.50117 - Val_acc: 0.74734  - T_Time: 180.07128 LR：0.0001000000
                    -- -- The best model for validate (F1= .  0.8023948081203572 ) -- --
                    EarlyStopping counter: 1 out of 10

                    Validate:  0.7486225563426662 
                     [884 145] 
                     [334 764] 
                     precision:  0.8404840484048405 recall:  0.6958105646630237 AUC 0.8666610021578238
                    - Epoch: 10 - Train_loss: 0.43643 - Train_acc: 0.78393 -  - Val_loss: 0.47007 - Val_acc: 0.77531  - T_Time: 182.20074 LR：0.0001000000
                    --------------------------------------------------

                    Validation  score to (-0.49397170 --> -0.47007330).  Saving model ...
                    --------------------------------------------------

                    Validate:  0.7586121129212784 
                     [837 192] 
                     [298 800] 
                     precision:  0.8064516129032258 recall:  0.7285974499089253 AUC 0.8540565849030218
                    - Epoch: 11 - Train_loss: 0.43684 - Train_acc: 0.78547 -  - Val_loss: 0.54005 - Val_acc: 0.76969  - T_Time: 184.10641 LR：0.0001000000
                    EarlyStopping counter: 1 out of 10

                    Validate:  0.7850002992757525 
                     [797 232] 
                     [238 860] 
                     precision:  0.7875457875457875 recall:  0.7832422586520947 AUC 0.8660768496834071
                    - Epoch: 12 - Train_loss: 0.43041 - Train_acc: 0.78956 -  - Val_loss: 0.48747 - Val_acc: 0.77831  - T_Time: 180.81425 LR：0.0001000000
                    EarlyStopping counter: 2 out of 10

                    Validate:  0.7476896138007069 
                     [899 130] 
                     [342 756] 
                     precision:  0.8532731376975169 recall:  0.6885245901639344 AUC 0.8748913564905536
                    - Epoch: 13 - Train_loss: 0.42918 - Train_acc: 0.79146 -  - Val_loss: 0.47932 - Val_acc: 0.77767  - T_Time: 184.20906 LR：0.0001000000
                    EarlyStopping counter: 3 out of 10

                    Validate:  0.7953715135175994 
                     [470 559] 
                     [  63 1035] 
                     precision:  0.6493099121706399 recall:  0.9426229508196722 AUC 0.8467281265876113
                    - Epoch: 14 - Train_loss: 0.42351 - Train_acc: 0.79229 -  - Val_loss: 0.58921 - Val_acc: 0.70788  - T_Time: 180.76703 LR：0.0001000000
                    EarlyStopping counter: 4 out of 10

                    Validate:  0.8086998189756149 
                     [601 428] 
                     [102 996] 
                     precision:  0.699438202247191 recall:  0.907103825136612 AUC 0.8656613048550151
                    - Epoch: 15 - Train_loss: 0.41513 - Train_acc: 0.79750 -  - Val_loss: 0.62958 - Val_acc: 0.75187  - T_Time: 182.91767 LR：0.0001000000
                    -- -- The best model for validate (F1= .  0.8086998189756149 ) -- --
                    EarlyStopping counter: 5 out of 10

                    Validate:  0.7853682097414456 
                     [813 216] 
                     [245 853] 
                     precision:  0.7979420018709074 recall:  0.7768670309653917 AUC 0.8661427881066557
                    - Epoch: 16 - Train_loss: 0.42319 - Train_acc: 0.79300 -  - Val_loss: 0.48338 - Val_acc: 0.78387  - T_Time: 181.67040 LR：0.0001000000
                    EarlyStopping counter: 6 out of 10

                    Validate:  0.7911910370236155 
                     [820 209] 
                     [239 859] 
                     precision:  0.8043071161048689 recall:  0.7823315118397086 AUC 0.8742567544842554
                    - Epoch: 17 - Train_loss: 0.39067 - Train_acc: 0.81004 -  - Val_loss: 0.48306 - Val_acc: 0.78927  - T_Time: 183.51968 LR：0.0000100000
                    EarlyStopping counter: 7 out of 10

                    Validate:  0.7604079108051955 
                     [874 155] 
                     [312 786] 
                     precision:  0.8352816153028693 recall:  0.7158469945355191 AUC 0.8755033889694311
                    - Epoch: 18 - Train_loss: 0.38707 - Train_acc: 0.81130 -  - Val_loss: 0.52581 - Val_acc: 0.77997  - T_Time: 184.79110 LR：0.0000100000
                    EarlyStopping counter: 8 out of 10

                    Validate:  0.7934827545476022 
                     [782 247] 
                     [217 881] 
                     precision:  0.7810283687943262 recall:  0.802367941712204 AUC 0.868693144705189
                    - Epoch: 19 - Train_loss: 0.37560 - Train_acc: 0.81891 -  - Val_loss: 0.53328 - Val_acc: 0.78135  - T_Time: 182.62944 LR：0.0000100000
                    EarlyStopping counter: 9 out of 10

                    Validate:  0.7986836356461319 
                     [701 328] 
                     [169 929] 
                     precision:  0.7390612569610183 recall:  0.8460837887067395 AUC 0.8619683106133424
                    - Epoch: 20 - Train_loss: 0.37404 - Train_acc: 0.81865 -  - Val_loss: 0.52389 - Val_acc: 0.76647  - T_Time: 182.47131 LR：0.0000100000
                    EarlyStopping counter: 10 out of 10

                    Early stopping...
     Best Loss:
          valid
           [884 145] 
           [334 764]
          F1:  0.7613353263577479
          AUC:  0.8666583469193037
          precision:  0.8404840484048405
          recall:  0.6958105646630237
          test
           [884 145] 
           [334 764]
          F1:  0.7613353263577479
          AUC:  0.8666636573963439
          precision:  0.8404840484048405
          recall:  0.6958105646630237



     Best Sore:
          valid
           [601 428] 
           [102 996]
          F1:  0.7898493259318002
          AUC:  0.8656621899345219
          precision:  0.699438202247191
          recall:  0.907103825136612
          test
           [601 428] 
           [102 996]
          F1:  0.7898493259318002
          AUC:  0.8656497988214282
          precision:  0.699438202247191
          recall:  0.907103825136612
          ==================================================
          Fold 0 Training Finished


     ==================================================
train_loss [0.39911584629237284, 0, 0, 0, 0]  mean: 0.07982316925847457 
     train_acc [0.8050523968341242, 0, 0, 0, 0]  mean: 0.16101047936682483 

     validate_loss [0.624160514158361, 0, 0, 0, 0]  mean: 0.1248321028316722 
     validate_acc [0.7515880956813106, 0, 0, 0, 0]  mean: 0.15031761913626213 
     validate_precision [0.699438202247191, 0, 0, 0, 0]  mean: 0.1398876404494382 
     validate_recall [0.907103825136612, 0, 0, 0, 0]  mean: 0.1814207650273224 
     validate_auc [0.8656621899345219, 0, 0, 0, 0]  mean: 0.1731324379869044 

     test_loss [0.6262396556489608, 0, 0, 0, 0]  mean: 0.12524793112979216 
     test_acc [0.7495927959791512, 0, 0, 0, 0]  mean: 0.14991855919583025 
     test_precision [0.699438202247191, 0, 0, 0, 0]  mean: 0.1398876404494382 
     test_recall [0.907103825136612, 0, 0, 0, 0]  mean: 0.1814207650273224 
     test_auc [0.8656497988214282, 0, 0, 0, 0]  mean: 0.17312995976428563
     ==================================================
Training Finished
train_loss [0.39911584629237284, 0, 0, 0, 0]  mean: 0.07982316925847457 
     train_acc [0.8050523968341242, 0, 0, 0, 0]  mean: 0.16101047936682483 

     validate_loss [0.624160514158361, 0, 0, 0, 0]  mean: 0.1248321028316722 
     validate_acc [0.7515880956813106, 0, 0, 0, 0]  mean: 0.15031761913626213 
     validate_precision [0.699438202247191, 0, 0, 0, 0]  mean: 0.1398876404494382 
     validate_recall [0.907103825136612, 0, 0, 0, 0]  mean: 0.1814207650273224 
     validate_auc [0.8656621899345219, 0, 0, 0, 0]  mean: 0.1731324379869044 

     test_loss [0.6262396556489608, 0, 0, 0, 0]  mean: 0.12524793112979216 
     test_acc [0.7495927959791512, 0, 0, 0, 0]  mean: 0.14991855919583025 
     test_precision [0.699438202247191, 0, 0, 0, 0]  mean: 0.1398876404494382 
     test_recall [0.907103825136612, 0, 0, 0, 0]  mean: 0.1814207650273224 
     test_auc [0.8656497988214282, 0, 0, 0, 0]  mean: 0.17312995976428563
     ==================================================
train_loss [0.39911584629237284, 0, 0, 0, 0]  mean: 0.07982316925847457 
     train_acc [0.8050523968341242, 0, 0, 0, 0]  mean: 0.16101047936682483 

     validate_loss [0.624160514158361, 0, 0, 0, 0]  mean: 0.1248321028316722 
     validate_acc [0.7515880956813106, 0, 0, 0, 0]  mean: 0.15031761913626213 
     validate_precision [0.699438202247191, 0, 0, 0, 0]  mean: 0.1398876404494382 
     validate_recall [0.907103825136612, 0, 0, 0, 0]  mean: 0.1814207650273224 
     validate_auc [0.8656621899345219, 0, 0, 0, 0]  mean: 0.1731324379869044 

     test_loss [0.6262396556489608, 0, 0, 0, 0]  mean: 0.12524793112979216 
     test_acc [0.7495927959791512, 0, 0, 0, 0]  mean: 0.14991855919583025 
     test_precision [0.699438202247191, 0, 0, 0, 0]  mean: 0.1398876404494382 
     test_recall [0.907103825136612, 0, 0, 0, 0]  mean: 0.1814207650273224 
     test_auc [0.8656497988214282, 0, 0, 0, 0]  mean: 0.17312995976428563
     ==================================================
train_loss [0.39911584629237284, 0, 0, 0, 0]  mean: 0.07982316925847457 
     train_acc [0.8050523968341242, 0, 0, 0, 0]  mean: 0.16101047936682483 

     validate_loss [0.624160514158361, 0, 0, 0, 0]  mean: 0.1248321028316722 
     validate_acc [0.7515880956813106, 0, 0, 0, 0]  mean: 0.15031761913626213 
     validate_precision [0.699438202247191, 0, 0, 0, 0]  mean: 0.1398876404494382 
     validate_recall [0.907103825136612, 0, 0, 0, 0]  mean: 0.1814207650273224 
     validate_auc [0.8656621899345219, 0, 0, 0, 0]  mean: 0.1731324379869044 

     test_loss [0.6262396556489608, 0, 0, 0, 0]  mean: 0.12524793112979216 
     test_acc [0.7495927959791512, 0, 0, 0, 0]  mean: 0.14991855919583025 
     test_precision [0.699438202247191, 0, 0, 0, 0]  mean: 0.1398876404494382 
     test_recall [0.907103825136612, 0, 0, 0, 0]  mean: 0.1814207650273224 
     test_auc [0.8656497988214282, 0, 0, 0, 0]  mean: 0.17312995976428563
     ==================================================
train_loss [0.39911584629237284, 0, 0, 0, 0]  mean: 0.07982316925847457 
     train_acc [0.8050523968341242, 0, 0, 0, 0]  mean: 0.16101047936682483 

     validate_loss [0.624160514158361, 0, 0, 0, 0]  mean: 0.1248321028316722 
     validate_acc [0.7515880956813106, 0, 0, 0, 0]  mean: 0.15031761913626213 
     validate_precision [0.699438202247191, 0, 0, 0, 0]  mean: 0.1398876404494382 
     validate_recall [0.907103825136612, 0, 0, 0, 0]  mean: 0.1814207650273224 
     validate_auc [0.8656621899345219, 0, 0, 0, 0]  mean: 0.1731324379869044 

     test_loss [0.6262396556489608, 0, 0, 0, 0]  mean: 0.12524793112979216 
     test_acc [0.7495927959791512, 0, 0, 0, 0]  mean: 0.14991855919583025 
     test_precision [0.699438202247191, 0, 0, 0, 0]  mean: 0.1398876404494382 
     test_recall [0.907103825136612, 0, 0, 0, 0]  mean: 0.1814207650273224 
     test_auc [0.8656497988214282, 0, 0, 0, 0]  mean: 0.17312995976428563
     ==================================================
train_loss [0.39911584629237284, 0, 0, 0, 0]  mean: 0.07982316925847457 
     train_acc [0.8050523968341242, 0, 0, 0, 0]  mean: 0.16101047936682483 

     validate_loss [0.624160514158361, 0, 0, 0, 0]  mean: 0.1248321028316722 
     validate_acc [0.7515880956813106, 0, 0, 0, 0]  mean: 0.15031761913626213 
     validate_precision [0.699438202247191, 0, 0, 0, 0]  mean: 0.1398876404494382 
     validate_recall [0.907103825136612, 0, 0, 0, 0]  mean: 0.1814207650273224 
     validate_auc [0.8656621899345219, 0, 0, 0, 0]  mean: 0.1731324379869044 

     test_loss [0.6262396556489608, 0, 0, 0, 0]  mean: 0.12524793112979216 
     test_acc [0.7495927959791512, 0, 0, 0, 0]  mean: 0.14991855919583025 
     test_precision [0.699438202247191, 0, 0, 0, 0]  mean: 0.1398876404494382 
     test_recall [0.907103825136612, 0, 0, 0, 0]  mean: 0.1814207650273224 
     test_auc [0.8656497988214282, 0, 0, 0, 0]  mean: 0.17312995976428563
     ==================================================
copy ./log_copy.log -> ./logs/20230411_010840/log_copy.log


 L2 =  0.007

Batchsize =  128
          Fold 0 of 5 :
                    Validate:  0.7643563539331252 
                     [613 416] 
                     [187 911] 
                     precision:  0.6865109269027883 recall:  0.8296903460837887 AUC 0.7992046675552865
                    - Epoch: 1 - Train_loss: 0.58054 - Train_acc: 0.69536 -  - Val_loss: 0.58172 - Val_acc: 0.71605  - T_Time: 200.84079 LR：0.0001000000
                    -- -- The best model for validate (F1= .  0.7643563539331252 ) -- --
                    --------------------------------------------------

                    Validation  score to (inf --> -0.58171924).  Saving model ...
                    --------------------------------------------------

                    Validate:  0.7669592876911324 
                     [420 609] 
                     [  94 1004] 
                     precision:  0.6224426534407935 recall:  0.9143897996357013 AUC 0.807589468261934
                    - Epoch: 2 - Train_loss: 0.51755 - Train_acc: 0.74229 -  - Val_loss: 0.69116 - Val_acc: 0.67123  - T_Time: 181.16222 LR：0.0001000000
                    -- -- The best model for validate (F1= .  0.7669592876911324 ) -- --
                    EarlyStopping counter: 1 out of 10

                    Validate:  0.7417778980278981 
                     [758 271] 
                     [289 809] 
                     precision:  0.7490740740740741 recall:  0.7367941712204007 AUC 0.8276183749586226
                    - Epoch: 3 - Train_loss: 0.49329 - Train_acc: 0.75503 -  - Val_loss: 0.51173 - Val_acc: 0.73723  - T_Time: 182.74176 LR：0.0001000000
                    --------------------------------------------------

                    Validation  score to (-0.58171924 --> -0.51172634).  Saving model ...
                    --------------------------------------------------

                    Validate:  0.7747743954640507 
                     [665 364] 
                     [193 905] 
                     precision:  0.7131599684791174 recall:  0.8242258652094717 AUC 0.8300173829615114
                    - Epoch: 4 - Train_loss: 0.47133 - Train_acc: 0.76549 -  - Val_loss: 0.64136 - Val_acc: 0.73804  - T_Time: 184.22320 LR：0.0001000000
                    -- -- The best model for validate (F1= .  0.7747743954640507 ) -- --
                    EarlyStopping counter: 1 out of 10

                    Validate:  0.7668492295468089 
                     [677 352] 
                     [212 886] 
                     precision:  0.715670436187399 recall:  0.8069216757741348 AUC 0.8282379306133071
                    - Epoch: 5 - Train_loss: 0.46535 - Train_acc: 0.77113 -  - Val_loss: 0.62845 - Val_acc: 0.73568  - T_Time: 183.24967 LR：0.0001000000
                    EarlyStopping counter: 2 out of 10

                    Validate:  0.7719568567026195 
                     [445 584] 
                     [  96 1002] 
                     precision:  0.6317780580075663 recall:  0.912568306010929 AUC 0.8081678677195573
                    - Epoch: 6 - Train_loss: 0.45400 - Train_acc: 0.77656 -  - Val_loss: 1.02876 - Val_acc: 0.67980  - T_Time: 184.74148 LR：0.0001000000
                    EarlyStopping counter: 3 out of 10

                    Validate:  0.7732605841811618 
                     [612 417] 
                     [171 927] 
                     precision:  0.6897321428571429 recall:  0.8442622950819673 AUC 0.8276161622598558
                    - Epoch: 7 - Train_loss: 0.45170 - Train_acc: 0.77798 -  - Val_loss: 0.67110 - Val_acc: 0.72208  - T_Time: 180.59863 LR：0.0001000000
                    EarlyStopping counter: 4 out of 10

                    Validate:  0.6566408105113186 
                     [948  81] 
                     [486 612] 
                     precision:  0.8831168831168831 recall:  0.5573770491803278 AUC 0.8501631201530834
                    - Epoch: 8 - Train_loss: 0.44650 - Train_acc: 0.78340 -  - Val_loss: 0.67082 - Val_acc: 0.73059  - T_Time: 182.08175 LR：0.0001000000
                    EarlyStopping counter: 5 out of 10

                    Validate:  0.7880901527937508 
                     [797 232] 
                     [233 865] 
                     precision:  0.7885141294439381 recall:  0.7877959927140255 AUC 0.8616704813593405
                    - Epoch: 9 - Train_loss: 0.43770 - Train_acc: 0.78537 -  - Val_loss: 0.51420 - Val_acc: 0.78060  - T_Time: 185.07590 LR：0.0001000000
                    -- -- The best model for validate (F1= .  0.7880901527937508 ) -- --
                    EarlyStopping counter: 6 out of 10

                    Validate:  0.7603289513539712 
                     [792 237] 
                     [275 823] 
                     precision:  0.7764150943396226 recall:  0.7495446265938069 AUC 0.8573278387597558
                    - Epoch: 10 - Train_loss: 0.40862 - Train_acc: 0.80563 -  - Val_loss: 0.53065 - Val_acc: 0.75958  - T_Time: 181.90992 LR：0.0000100000
                    EarlyStopping counter: 7 out of 10

                    Validate:  0.7660131098934639 
                     [722 307] 
                     [234 864] 
                     precision:  0.7378309137489325 recall:  0.7868852459016393 AUC 0.8463090414411927
                    - Epoch: 11 - Train_loss: 0.40168 - Train_acc: 0.80781 -  - Val_loss: 0.63766 - Val_acc: 0.74539  - T_Time: 184.05262 LR：0.0000100000
                    EarlyStopping counter: 8 out of 10

                    Validate:  0.757368081379268 
                     [815 214] 
                     [290 808] 
                     precision:  0.7906066536203522 recall:  0.7358834244080146 AUC 0.8634955153021395
                    - Epoch: 12 - Train_loss: 0.39731 - Train_acc: 0.81078 -  - Val_loss: 0.54090 - Val_acc: 0.76439  - T_Time: 181.38377 LR：0.0000100000
                    EarlyStopping counter: 9 out of 10

                    Validate:  0.7752114461910867 
                     [716 313] 
                     [216 882] 
                     precision:  0.7380753138075313 recall:  0.8032786885245902 AUC 0.8482053242842804
                    - Epoch: 13 - Train_loss: 0.38057 - Train_acc: 0.81974 -  - Val_loss: 0.64682 - Val_acc: 0.75290  - T_Time: 182.84259 LR：0.0000100000
                    EarlyStopping counter: 10 out of 10

                    Early stopping...
     Best Loss:
          valid
           [758 271] 
           [289 809]
          F1:  0.7428833792470155
          AUC:  0.8276236854356627
          precision:  0.7490740740740741
          recall:  0.7367941712204007
          test
           [758 271] 
           [289 809]
          F1:  0.7428833792470155
          AUC:  0.8276174898791158
          precision:  0.7490740740740741
          recall:  0.7367941712204007



     Best Sore:
          valid
           [797 232] 
           [233 865]
          F1:  0.7881548974943052
          AUC:  0.8616731365978605
          precision:  0.7885141294439381
          recall:  0.7877959927140255
          test
           [797 232] 
           [233 865]
          F1:  0.7881548974943052
          AUC:  0.861674906756874
          precision:  0.7885141294439381
          recall:  0.7877959927140255
          ==================================================
          Fold 0 Training Finished


     ==================================================
train_loss [0.4077009537651495, 0, 0, 0, 0]  mean: 0.0815401907530299 
     train_acc [0.8037402151580044, 0, 0, 0, 0]  mean: 0.1607480430316009 

     validate_loss [0.5099371338591856, 0, 0, 0, 0]  mean: 0.10198742677183711 
     validate_acc [0.7831696760982874, 0, 0, 0, 0]  mean: 0.15663393521965746 
     validate_precision [0.7885141294439381, 0, 0, 0, 0]  mean: 0.15770282588878762 
     validate_recall [0.7877959927140255, 0, 0, 0, 0]  mean: 0.1575591985428051 
     validate_auc [0.8616731365978605, 0, 0, 0, 0]  mean: 0.1723346273195721 

     test_loss [0.5108197471674751, 0, 0, 0, 0]  mean: 0.10216394943349502 
     test_acc [0.7828846332836932, 0, 0, 0, 0]  mean: 0.15657692665673864 
     test_precision [0.7885141294439381, 0, 0, 0, 0]  mean: 0.15770282588878762 
     test_recall [0.7877959927140255, 0, 0, 0, 0]  mean: 0.1575591985428051 
     test_auc [0.861674906756874, 0, 0, 0, 0]  mean: 0.1723349813513748
     ==================================================
Training Finished
train_loss [0.4077009537651495, 0, 0, 0, 0]  mean: 0.0815401907530299 
     train_acc [0.8037402151580044, 0, 0, 0, 0]  mean: 0.1607480430316009 

     validate_loss [0.5099371338591856, 0, 0, 0, 0]  mean: 0.10198742677183711 
     validate_acc [0.7831696760982874, 0, 0, 0, 0]  mean: 0.15663393521965746 
     validate_precision [0.7885141294439381, 0, 0, 0, 0]  mean: 0.15770282588878762 
     validate_recall [0.7877959927140255, 0, 0, 0, 0]  mean: 0.1575591985428051 
     validate_auc [0.8616731365978605, 0, 0, 0, 0]  mean: 0.1723346273195721 

     test_loss [0.5108197471674751, 0, 0, 0, 0]  mean: 0.10216394943349502 
     test_acc [0.7828846332836932, 0, 0, 0, 0]  mean: 0.15657692665673864 
     test_precision [0.7885141294439381, 0, 0, 0, 0]  mean: 0.15770282588878762 
     test_recall [0.7877959927140255, 0, 0, 0, 0]  mean: 0.1575591985428051 
     test_auc [0.861674906756874, 0, 0, 0, 0]  mean: 0.1723349813513748
     ==================================================
train_loss [0.4077009537651495, 0, 0, 0, 0]  mean: 0.0815401907530299 
     train_acc [0.8037402151580044, 0, 0, 0, 0]  mean: 0.1607480430316009 

     validate_loss [0.5099371338591856, 0, 0, 0, 0]  mean: 0.10198742677183711 
     validate_acc [0.7831696760982874, 0, 0, 0, 0]  mean: 0.15663393521965746 
     validate_precision [0.7885141294439381, 0, 0, 0, 0]  mean: 0.15770282588878762 
     validate_recall [0.7877959927140255, 0, 0, 0, 0]  mean: 0.1575591985428051 
     validate_auc [0.8616731365978605, 0, 0, 0, 0]  mean: 0.1723346273195721 

     test_loss [0.5108197471674751, 0, 0, 0, 0]  mean: 0.10216394943349502 
     test_acc [0.7828846332836932, 0, 0, 0, 0]  mean: 0.15657692665673864 
     test_precision [0.7885141294439381, 0, 0, 0, 0]  mean: 0.15770282588878762 
     test_recall [0.7877959927140255, 0, 0, 0, 0]  mean: 0.1575591985428051 
     test_auc [0.861674906756874, 0, 0, 0, 0]  mean: 0.1723349813513748
     ==================================================
train_loss [0.4077009537651495, 0, 0, 0, 0]  mean: 0.0815401907530299 
     train_acc [0.8037402151580044, 0, 0, 0, 0]  mean: 0.1607480430316009 

     validate_loss [0.5099371338591856, 0, 0, 0, 0]  mean: 0.10198742677183711 
     validate_acc [0.7831696760982874, 0, 0, 0, 0]  mean: 0.15663393521965746 
     validate_precision [0.7885141294439381, 0, 0, 0, 0]  mean: 0.15770282588878762 
     validate_recall [0.7877959927140255, 0, 0, 0, 0]  mean: 0.1575591985428051 
     validate_auc [0.8616731365978605, 0, 0, 0, 0]  mean: 0.1723346273195721 

     test_loss [0.5108197471674751, 0, 0, 0, 0]  mean: 0.10216394943349502 
     test_acc [0.7828846332836932, 0, 0, 0, 0]  mean: 0.15657692665673864 
     test_precision [0.7885141294439381, 0, 0, 0, 0]  mean: 0.15770282588878762 
     test_recall [0.7877959927140255, 0, 0, 0, 0]  mean: 0.1575591985428051 
     test_auc [0.861674906756874, 0, 0, 0, 0]  mean: 0.1723349813513748
     ==================================================
train_loss [0.4077009537651495, 0, 0, 0, 0]  mean: 0.0815401907530299 
     train_acc [0.8037402151580044, 0, 0, 0, 0]  mean: 0.1607480430316009 

     validate_loss [0.5099371338591856, 0, 0, 0, 0]  mean: 0.10198742677183711 
     validate_acc [0.7831696760982874, 0, 0, 0, 0]  mean: 0.15663393521965746 
     validate_precision [0.7885141294439381, 0, 0, 0, 0]  mean: 0.15770282588878762 
     validate_recall [0.7877959927140255, 0, 0, 0, 0]  mean: 0.1575591985428051 
     validate_auc [0.8616731365978605, 0, 0, 0, 0]  mean: 0.1723346273195721 

     test_loss [0.5108197471674751, 0, 0, 0, 0]  mean: 0.10216394943349502 
     test_acc [0.7828846332836932, 0, 0, 0, 0]  mean: 0.15657692665673864 
     test_precision [0.7885141294439381, 0, 0, 0, 0]  mean: 0.15770282588878762 
     test_recall [0.7877959927140255, 0, 0, 0, 0]  mean: 0.1575591985428051 
     test_auc [0.861674906756874, 0, 0, 0, 0]  mean: 0.1723349813513748
     ==================================================
train_loss [0.4077009537651495, 0, 0, 0, 0]  mean: 0.0815401907530299 
     train_acc [0.8037402151580044, 0, 0, 0, 0]  mean: 0.1607480430316009 

     validate_loss [0.5099371338591856, 0, 0, 0, 0]  mean: 0.10198742677183711 
     validate_acc [0.7831696760982874, 0, 0, 0, 0]  mean: 0.15663393521965746 
     validate_precision [0.7885141294439381, 0, 0, 0, 0]  mean: 0.15770282588878762 
     validate_recall [0.7877959927140255, 0, 0, 0, 0]  mean: 0.1575591985428051 
     validate_auc [0.8616731365978605, 0, 0, 0, 0]  mean: 0.1723346273195721 

     test_loss [0.5108197471674751, 0, 0, 0, 0]  mean: 0.10216394943349502 
     test_acc [0.7828846332836932, 0, 0, 0, 0]  mean: 0.15657692665673864 
     test_precision [0.7885141294439381, 0, 0, 0, 0]  mean: 0.15770282588878762 
     test_recall [0.7877959927140255, 0, 0, 0, 0]  mean: 0.1575591985428051 
     test_auc [0.861674906756874, 0, 0, 0, 0]  mean: 0.1723349813513748
     ==================================================
copy ./log_copy.log -> ./logs/20230411_010840/log_copy.log


 L2 =  0.005

Batchsize =  128
          Fold 0 of 5 :
                    Validate:  0.6893205433099772 
                     [812 217] 
                     [390 708] 
                     precision:  0.7654054054054054 recall:  0.644808743169399 AUC 0.7858320012886759
                    - Epoch: 1 - Train_loss: 0.58483 - Train_acc: 0.69638 -  - Val_loss: 0.58290 - Val_acc: 0.71506  - T_Time: 186.69090 LR：0.0001000000
                    -- -- The best model for validate (F1= .  0.6893205433099772 ) -- --
                    --------------------------------------------------

                    Validation  score to (inf --> -0.58290452).  Saving model ...
                    --------------------------------------------------

                    Validate:  0.7054718761182862 
                     [862 167] 
                     [387 711] 
                     precision:  0.8097949886104784 recall:  0.6475409836065574 AUC 0.8168195198974724
                    - Epoch: 2 - Train_loss: 0.54437 - Train_acc: 0.72608 -  - Val_loss: 0.55421 - Val_acc: 0.73942  - T_Time: 186.07655 LR：0.0001000000
                    -- -- The best model for validate (F1= .  0.7054718761182862 ) -- --
                    --------------------------------------------------

                    Validation  score to (-0.58290452 --> -0.55421235).  Saving model ...
                    --------------------------------------------------

                    Validate:  0.7372455682116749 
                     [804 225] 
                     [316 782] 
                     precision:  0.7765640516385303 recall:  0.7122040072859745 AUC 0.8320154499478689
                    - Epoch: 3 - Train_loss: 0.51809 - Train_acc: 0.74447 -  - Val_loss: 0.51156 - Val_acc: 0.74596  - T_Time: 183.85723 LR：0.0001000000
                    -- -- The best model for validate (F1= .  0.7372455682116749 ) -- --
                    --------------------------------------------------

                    Validation  score to (-0.55421235 --> -0.51155963).  Saving model ...
                    --------------------------------------------------

                    Validate:  0.7585336575456307 
                     [819 210] 
                     [290 808] 
                     precision:  0.793713163064833 recall:  0.7358834244080146 AUC 0.8486611402302269
                    - Epoch: 4 - Train_loss: 0.48018 - Train_acc: 0.76504 -  - Val_loss: 0.50584 - Val_acc: 0.76509  - T_Time: 186.57917 LR：0.0001000000
                    -- -- The best model for validate (F1= .  0.7585336575456307 ) -- --
                    --------------------------------------------------

                    Validation  score to (-0.51155963 --> -0.50584434).  Saving model ...
                    --------------------------------------------------

                    Validate:  0.7573695088030085 
                     [835 194] 
                     [299 799] 
                     precision:  0.8046324269889225 recall:  0.7276867030965392 AUC 0.853967191872846
                    - Epoch: 5 - Train_loss: 0.46362 - Train_acc: 0.77558 -  - Val_loss: 0.51099 - Val_acc: 0.76859  - T_Time: 185.72770 LR：0.0001000000
                    EarlyStopping counter: 1 out of 10

                    Validate:  0.732859308131241 
                     [ 99 930] 
                     [  20 1078] 
                     precision:  0.5368525896414342 recall:  0.9817850637522769 AUC 0.7599518339732458
                    - Epoch: 6 - Train_loss: 0.45084 - Train_acc: 0.77876 -  - Val_loss: 1.90110 - Val_acc: 0.55344  - T_Time: 183.37351 LR：0.0001000000
                    EarlyStopping counter: 2 out of 10

                    Validate:  0.7668229986048859 
                     [762 267] 
                     [251 847] 
                     precision:  0.7603231597845601 recall:  0.7714025500910747 AUC 0.8497480178644448
                    - Epoch: 7 - Train_loss: 0.44098 - Train_acc: 0.78700 -  - Val_loss: 0.52511 - Val_acc: 0.75710  - T_Time: 182.29786 LR：0.0001000000
                    -- -- The best model for validate (F1= .  0.7668229986048859 ) -- --
                    EarlyStopping counter: 3 out of 10

                    Validate:  0.7882879770016447 
                     [651 378] 
                     [163 935] 
                     precision:  0.7121096725057121 recall:  0.8515482695810564 AUC 0.8385907056030844
                    - Epoch: 8 - Train_loss: 0.43257 - Train_acc: 0.78761 -  - Val_loss: 0.68205 - Val_acc: 0.74311  - T_Time: 181.43459 LR：0.0001000000
                    -- -- The best model for validate (F1= .  0.7882879770016447 ) -- --
                    EarlyStopping counter: 4 out of 10

                    Validate:  0.8006591691000029 
                     [751 278] 
                     [190 908] 
                     precision:  0.7655986509274874 recall:  0.8269581056466302 AUC 0.8606389211942909
                    - Epoch: 9 - Train_loss: 0.42498 - Train_acc: 0.79399 -  - Val_loss: 0.51107 - Val_acc: 0.77866  - T_Time: 181.94552 LR：0.0001000000
                    -- -- The best model for validate (F1= .  0.8006591691000029 ) -- --
                    EarlyStopping counter: 5 out of 10

                    Validate:  0.779218145935278 
                     [596 433] 
                     [153 945] 
                     precision:  0.6857764876632801 recall:  0.860655737704918 AUC 0.8279799299371062
                    - Epoch: 10 - Train_loss: 0.41678 - Train_acc: 0.79705 -  - Val_loss: 0.68298 - Val_acc: 0.72585  - T_Time: 184.86235 LR：0.0001000000
                    EarlyStopping counter: 6 out of 10

                    Validate:  0.7669291095943176 
                     [830 199] 
                     [282 816] 
                     precision:  0.8039408866995074 recall:  0.7431693989071039 AUC 0.8679673795097014
                    - Epoch: 11 - Train_loss: 0.38893 - Train_acc: 0.81101 -  - Val_loss: 0.49682 - Val_acc: 0.77382  - T_Time: 185.59046 LR：0.0000100000
                    --------------------------------------------------

                    Validation  score to (-0.50584434 --> -0.49681704).  Saving model ...
                    --------------------------------------------------

                    Validate:  0.7649935213179491 
                     [830 199] 
                     [285 813] 
                     precision:  0.8033596837944664 recall:  0.7404371584699454 AUC 0.8667557056650399
                    - Epoch: 12 - Train_loss: 0.37726 - Train_acc: 0.82066 -  - Val_loss: 0.51908 - Val_acc: 0.77130  - T_Time: 181.90545 LR：0.0000100000
                    EarlyStopping counter: 1 out of 10

                    Validate:  0.7756923641254508 
                     [825 204] 
                     [266 832] 
                     precision:  0.803088803088803 recall:  0.7577413479052824 AUC 0.8647797656663498
                    - Epoch: 13 - Train_loss: 0.37034 - Train_acc: 0.82572 -  - Val_loss: 0.52670 - Val_acc: 0.77859  - T_Time: 183.81310 LR：0.0000100000
                    EarlyStopping counter: 2 out of 10

                    Validate:  0.7989499386052814 
                     [704 325] 
                     [170 928] 
                     precision:  0.7406225059856345 recall:  0.8451730418943534 AUC 0.8596232924603615
                    - Epoch: 14 - Train_loss: 0.35468 - Train_acc: 0.83140 -  - Val_loss: 0.56906 - Val_acc: 0.76739  - T_Time: 183.62778 LR：0.0000100000
                    EarlyStopping counter: 3 out of 10

                    Validate:  0.7753177531775317 
                     [813 216] 
                     [261 837] 
                     precision:  0.7948717948717948 recall:  0.7622950819672131 AUC 0.862568837058633
                    - Epoch: 15 - Train_loss: 0.34772 - Train_acc: 0.83732 -  - Val_loss: 0.53455 - Val_acc: 0.77566  - T_Time: 183.14642 LR：0.0000100000
                    EarlyStopping counter: 4 out of 10

                    Validate:  0.7850243332396492 
                     [776 253] 
                     [228 870] 
                     precision:  0.7747105966162066 recall:  0.7923497267759563 AUC 0.861940873148635
                    - Epoch: 16 - Train_loss: 0.34151 - Train_acc: 0.83844 -  - Val_loss: 0.57130 - Val_acc: 0.77382  - T_Time: 183.47690 LR：0.0000100000
                    EarlyStopping counter: 5 out of 10

                    Validate:  0.7779757397591793 
                     [775 254] 
                     [239 859] 
                     precision:  0.7717879604672058 recall:  0.7823315118397086 AUC 0.8579097785354058
                    - Epoch: 17 - Train_loss: 0.33162 - Train_acc: 0.84622 -  - Val_loss: 0.57778 - Val_acc: 0.76916  - T_Time: 182.79259 LR：0.0000100000
                    EarlyStopping counter: 6 out of 10

                    Validate:  0.7800097340825627 
                     [765 264] 
                     [231 867] 
                     precision:  0.76657824933687 recall:  0.7896174863387978 AUC 0.8573650120990368
                    - Epoch: 18 - Train_loss: 0.31511 - Train_acc: 0.85366 -  - Val_loss: 0.59322 - Val_acc: 0.76653  - T_Time: 186.48022 LR：0.0000010000
                    EarlyStopping counter: 7 out of 10

                    Validate:  0.7822007852594738 
                     [762 267] 
                     [226 872] 
                     precision:  0.7655838454784899 recall:  0.7941712204007286 AUC 0.8559931388636641
                    - Epoch: 19 - Train_loss: 0.30835 - Train_acc: 0.85601 -  - Val_loss: 0.61881 - Val_acc: 0.76717  - T_Time: 180.48763 LR：0.0000010000
                    EarlyStopping counter: 8 out of 10

                    Validate:  0.7772708480982754 
                     [764 265] 
                     [235 863] 
                     precision:  0.7650709219858156 recall:  0.7859744990892532 AUC 0.854561965301343
                    - Epoch: 20 - Train_loss: 0.30168 - Train_acc: 0.85855 -  - Val_loss: 0.60811 - Val_acc: 0.76509  - T_Time: 182.14418 LR：0.0000010000
                    EarlyStopping counter: 9 out of 10

                    Validate:  0.7739781043612781 
                     [774 255] 
                     [245 853] 
                     precision:  0.76985559566787 recall:  0.7768670309653917 AUC 0.8537370712011061
                    - Epoch: 21 - Train_loss: 0.29974 - Train_acc: 0.85890 -  - Val_loss: 0.62436 - Val_acc: 0.76480  - T_Time: 185.81333 LR：0.0000010000
                    EarlyStopping counter: 10 out of 10

                    Early stopping...
     Best Loss:
          valid
           [830 199] 
           [282 816]
          F1:  0.7723615712257453
          AUC:  0.8679602988736478
          precision:  0.8039408866995074
          recall:  0.7431693989071039
          test
           [830 199] 
           [282 816]
          F1:  0.7723615712257453
          AUC:  0.8679682645892082
          precision:  0.8039408866995074
          recall:  0.7431693989071039



     Best Sore:
          valid
           [751 278] 
           [190 908]
          F1:  0.7950963222416811
          AUC:  0.8606389211942909
          precision:  0.7655986509274874
          recall:  0.8269581056466302
          test
           [751 278] 
           [190 908]
          F1:  0.7950963222416811
          AUC:  0.8606371510352775
          precision:  0.7655986509274874
          recall:  0.8269581056466302
          ==================================================
          Fold 0 Training Finished


     ==================================================
train_loss [0.4129895464591453, 0, 0, 0, 0]  mean: 0.08259790929182906 
     train_acc [0.8005940538546129, 0, 0, 0, 0]  mean: 0.16011881077092258 

     validate_loss [0.5096810179598191, 0, 0, 0, 0]  mean: 0.10193620359196383 
     validate_acc [0.7783704858525688, 0, 0, 0, 0]  mean: 0.15567409717051378 
     validate_precision [0.7655986509274874, 0, 0, 0, 0]  mean: 0.15311973018549746 
     validate_recall [0.8269581056466302, 0, 0, 0, 0]  mean: 0.16539162112932604 
     validate_auc [0.8606389211942909, 0, 0, 0, 0]  mean: 0.17212778423885816 

     test_loss [0.5085010335725897, 0, 0, 0, 0]  mean: 0.10170020671451793 
     test_acc [0.7800807427401341, 0, 0, 0, 0]  mean: 0.1560161485480268 
     test_precision [0.7655986509274874, 0, 0, 0, 0]  mean: 0.15311973018549746 
     test_recall [0.8269581056466302, 0, 0, 0, 0]  mean: 0.16539162112932604 
     test_auc [0.8606371510352775, 0, 0, 0, 0]  mean: 0.1721274302070555
     ==================================================
Training Finished
train_loss [0.4129895464591453, 0, 0, 0, 0]  mean: 0.08259790929182906 
     train_acc [0.8005940538546129, 0, 0, 0, 0]  mean: 0.16011881077092258 

     validate_loss [0.5096810179598191, 0, 0, 0, 0]  mean: 0.10193620359196383 
     validate_acc [0.7783704858525688, 0, 0, 0, 0]  mean: 0.15567409717051378 
     validate_precision [0.7655986509274874, 0, 0, 0, 0]  mean: 0.15311973018549746 
     validate_recall [0.8269581056466302, 0, 0, 0, 0]  mean: 0.16539162112932604 
     validate_auc [0.8606389211942909, 0, 0, 0, 0]  mean: 0.17212778423885816 

     test_loss [0.5085010335725897, 0, 0, 0, 0]  mean: 0.10170020671451793 
     test_acc [0.7800807427401341, 0, 0, 0, 0]  mean: 0.1560161485480268 
     test_precision [0.7655986509274874, 0, 0, 0, 0]  mean: 0.15311973018549746 
     test_recall [0.8269581056466302, 0, 0, 0, 0]  mean: 0.16539162112932604 
     test_auc [0.8606371510352775, 0, 0, 0, 0]  mean: 0.1721274302070555
     ==================================================
train_loss [0.4129895464591453, 0, 0, 0, 0]  mean: 0.08259790929182906 
     train_acc [0.8005940538546129, 0, 0, 0, 0]  mean: 0.16011881077092258 

     validate_loss [0.5096810179598191, 0, 0, 0, 0]  mean: 0.10193620359196383 
     validate_acc [0.7783704858525688, 0, 0, 0, 0]  mean: 0.15567409717051378 
     validate_precision [0.7655986509274874, 0, 0, 0, 0]  mean: 0.15311973018549746 
     validate_recall [0.8269581056466302, 0, 0, 0, 0]  mean: 0.16539162112932604 
     validate_auc [0.8606389211942909, 0, 0, 0, 0]  mean: 0.17212778423885816 

     test_loss [0.5085010335725897, 0, 0, 0, 0]  mean: 0.10170020671451793 
     test_acc [0.7800807427401341, 0, 0, 0, 0]  mean: 0.1560161485480268 
     test_precision [0.7655986509274874, 0, 0, 0, 0]  mean: 0.15311973018549746 
     test_recall [0.8269581056466302, 0, 0, 0, 0]  mean: 0.16539162112932604 
     test_auc [0.8606371510352775, 0, 0, 0, 0]  mean: 0.1721274302070555
     ==================================================
train_loss [0.4129895464591453, 0, 0, 0, 0]  mean: 0.08259790929182906 
     train_acc [0.8005940538546129, 0, 0, 0, 0]  mean: 0.16011881077092258 

     validate_loss [0.5096810179598191, 0, 0, 0, 0]  mean: 0.10193620359196383 
     validate_acc [0.7783704858525688, 0, 0, 0, 0]  mean: 0.15567409717051378 
     validate_precision [0.7655986509274874, 0, 0, 0, 0]  mean: 0.15311973018549746 
     validate_recall [0.8269581056466302, 0, 0, 0, 0]  mean: 0.16539162112932604 
     validate_auc [0.8606389211942909, 0, 0, 0, 0]  mean: 0.17212778423885816 

     test_loss [0.5085010335725897, 0, 0, 0, 0]  mean: 0.10170020671451793 
     test_acc [0.7800807427401341, 0, 0, 0, 0]  mean: 0.1560161485480268 
     test_precision [0.7655986509274874, 0, 0, 0, 0]  mean: 0.15311973018549746 
     test_recall [0.8269581056466302, 0, 0, 0, 0]  mean: 0.16539162112932604 
     test_auc [0.8606371510352775, 0, 0, 0, 0]  mean: 0.1721274302070555
     ==================================================
train_loss [0.4129895464591453, 0, 0, 0, 0]  mean: 0.08259790929182906 
     train_acc [0.8005940538546129, 0, 0, 0, 0]  mean: 0.16011881077092258 

     validate_loss [0.5096810179598191, 0, 0, 0, 0]  mean: 0.10193620359196383 
     validate_acc [0.7783704858525688, 0, 0, 0, 0]  mean: 0.15567409717051378 
     validate_precision [0.7655986509274874, 0, 0, 0, 0]  mean: 0.15311973018549746 
     validate_recall [0.8269581056466302, 0, 0, 0, 0]  mean: 0.16539162112932604 
     validate_auc [0.8606389211942909, 0, 0, 0, 0]  mean: 0.17212778423885816 

     test_loss [0.5085010335725897, 0, 0, 0, 0]  mean: 0.10170020671451793 
     test_acc [0.7800807427401341, 0, 0, 0, 0]  mean: 0.1560161485480268 
     test_precision [0.7655986509274874, 0, 0, 0, 0]  mean: 0.15311973018549746 
     test_recall [0.8269581056466302, 0, 0, 0, 0]  mean: 0.16539162112932604 
     test_auc [0.8606371510352775, 0, 0, 0, 0]  mean: 0.1721274302070555
     ==================================================
train_loss